2022-09-09 11:33:46,029 ERROR [pool-3-thread-1] service.DBService (DBService.java:39) - Database may be already in use: "E:/MDMBox/StudyOnlineTool/app/data.mv.db". Possible solutions: close all other connection(s); use the server mode [90020-214]
org.h2.jdbc.JdbcSQLNonTransientConnectionException: Database may be already in use: "E:/MDMBox/StudyOnlineTool/app/data.mv.db". Possible solutions: close all other connection(s); use the server mode [90020-214]
	at org.h2.message.DbException.getJdbcSQLException(DbException.java:678) ~[h2-2.1.214.jar:?]
	at org.h2.message.DbException.getJdbcSQLException(DbException.java:477) ~[h2-2.1.214.jar:?]
	at org.h2.message.DbException.get(DbException.java:212) ~[h2-2.1.214.jar:?]
	at org.h2.mvstore.db.Store.convertMVStoreException(Store.java:168) ~[h2-2.1.214.jar:?]
	at org.h2.mvstore.db.Store.<init>(Store.java:145) ~[h2-2.1.214.jar:?]
	at org.h2.engine.Database.<init>(Database.java:324) ~[h2-2.1.214.jar:?]
	at org.h2.engine.Engine.openSession(Engine.java:92) ~[h2-2.1.214.jar:?]
	at org.h2.engine.Engine.openSession(Engine.java:222) ~[h2-2.1.214.jar:?]
	at org.h2.engine.Engine.createSession(Engine.java:201) ~[h2-2.1.214.jar:?]
	at org.h2.engine.SessionRemote.connectEmbeddedOrServer(SessionRemote.java:338) ~[h2-2.1.214.jar:?]
	at org.h2.jdbc.JdbcConnection.<init>(JdbcConnection.java:122) ~[h2-2.1.214.jar:?]
	at org.h2.jdbcx.JdbcDataSource.getXAConnection(JdbcDataSource.java:322) ~[h2-2.1.214.jar:?]
	at org.h2.jdbcx.JdbcDataSource.getPooledConnection(JdbcDataSource.java:352) ~[h2-2.1.214.jar:?]
	at org.h2.jdbcx.JdbcConnectionPool.getConnectionNow(JdbcConnectionPool.java:233) ~[h2-2.1.214.jar:?]
	at org.h2.jdbcx.JdbcConnectionPool.getConnection(JdbcConnectionPool.java:198) ~[h2-2.1.214.jar:?]
	at com.tangrun.mdm.boxwindow.service.DBService.getConnection(DBService.java:37) ~[classes/:?]
	at com.tangrun.mdm.boxwindow.service.DBService.execute(DBService.java:86) ~[classes/:?]
	at com.tangrun.mdm.boxwindow.service.DBService.initTable(DBService.java:96) ~[classes/:?]
	at com.tangrun.mdm.boxwindow.controller.MainController$1$1.run(MainController.java:138) ~[classes/:?]
	at java.util.concurrent.ThreadPoolExecutor.runWorker(ThreadPoolExecutor.java:1136) ~[?:?]
	at java.util.concurrent.ThreadPoolExecutor$Worker.run(ThreadPoolExecutor.java:635) ~[?:?]
	at java.lang.Thread.run(Thread.java:833) ~[?:?]
Caused by: org.h2.mvstore.MVStoreException: The file is locked: E:/MDMBox/StudyOnlineTool/app/data.mv.db [2.1.214/7]
	at org.h2.mvstore.DataUtils.newMVStoreException(DataUtils.java:1004) ~[h2-2.1.214.jar:?]
	at org.h2.mvstore.FileStore.open(FileStore.java:178) ~[h2-2.1.214.jar:?]
	at org.h2.mvstore.FileStore.open(FileStore.java:128) ~[h2-2.1.214.jar:?]
	at org.h2.mvstore.MVStore.<init>(MVStore.java:452) ~[h2-2.1.214.jar:?]
	at org.h2.mvstore.MVStore$Builder.open(MVStore.java:4082) ~[h2-2.1.214.jar:?]
	at org.h2.mvstore.db.Store.<init>(Store.java:136) ~[h2-2.1.214.jar:?]
	... 17 more
2022-09-09 11:33:46,065 ERROR [pool-3-thread-1] service.DBService (DBService.java:90) - org.h2.jdbc.JdbcSQLNonTransientConnectionException: Database may be already in use: "E:/MDMBox/StudyOnlineTool/app/data.mv.db". Possible solutions: close all other connection(s); use the server mode [90020-214]
java.lang.RuntimeException: org.h2.jdbc.JdbcSQLNonTransientConnectionException: Database may be already in use: "E:/MDMBox/StudyOnlineTool/app/data.mv.db". Possible solutions: close all other connection(s); use the server mode [90020-214]
	at com.tangrun.mdm.boxwindow.service.DBService.getConnection(DBService.java:40) ~[classes/:?]
	at com.tangrun.mdm.boxwindow.service.DBService.execute(DBService.java:86) ~[classes/:?]
	at com.tangrun.mdm.boxwindow.service.DBService.initTable(DBService.java:96) ~[classes/:?]
	at com.tangrun.mdm.boxwindow.controller.MainController$1$1.run(MainController.java:138) ~[classes/:?]
	at java.util.concurrent.ThreadPoolExecutor.runWorker(ThreadPoolExecutor.java:1136) ~[?:?]
	at java.util.concurrent.ThreadPoolExecutor$Worker.run(ThreadPoolExecutor.java:635) ~[?:?]
	at java.lang.Thread.run(Thread.java:833) ~[?:?]
Caused by: org.h2.jdbc.JdbcSQLNonTransientConnectionException: Database may be already in use: "E:/MDMBox/StudyOnlineTool/app/data.mv.db". Possible solutions: close all other connection(s); use the server mode [90020-214]
	at org.h2.message.DbException.getJdbcSQLException(DbException.java:678) ~[h2-2.1.214.jar:?]
	at org.h2.message.DbException.getJdbcSQLException(DbException.java:477) ~[h2-2.1.214.jar:?]
	at org.h2.message.DbException.get(DbException.java:212) ~[h2-2.1.214.jar:?]
	at org.h2.mvstore.db.Store.convertMVStoreException(Store.java:168) ~[h2-2.1.214.jar:?]
	at org.h2.mvstore.db.Store.<init>(Store.java:145) ~[h2-2.1.214.jar:?]
	at org.h2.engine.Database.<init>(Database.java:324) ~[h2-2.1.214.jar:?]
	at org.h2.engine.Engine.openSession(Engine.java:92) ~[h2-2.1.214.jar:?]
	at org.h2.engine.Engine.openSession(Engine.java:222) ~[h2-2.1.214.jar:?]
	at org.h2.engine.Engine.createSession(Engine.java:201) ~[h2-2.1.214.jar:?]
	at org.h2.engine.SessionRemote.connectEmbeddedOrServer(SessionRemote.java:338) ~[h2-2.1.214.jar:?]
	at org.h2.jdbc.JdbcConnection.<init>(JdbcConnection.java:122) ~[h2-2.1.214.jar:?]
	at org.h2.jdbcx.JdbcDataSource.getXAConnection(JdbcDataSource.java:322) ~[h2-2.1.214.jar:?]
	at org.h2.jdbcx.JdbcDataSource.getPooledConnection(JdbcDataSource.java:352) ~[h2-2.1.214.jar:?]
	at org.h2.jdbcx.JdbcConnectionPool.getConnectionNow(JdbcConnectionPool.java:233) ~[h2-2.1.214.jar:?]
	at org.h2.jdbcx.JdbcConnectionPool.getConnection(JdbcConnectionPool.java:198) ~[h2-2.1.214.jar:?]
	at com.tangrun.mdm.boxwindow.service.DBService.getConnection(DBService.java:37) ~[classes/:?]
	... 6 more
Caused by: org.h2.mvstore.MVStoreException: The file is locked: E:/MDMBox/StudyOnlineTool/app/data.mv.db [2.1.214/7]
	at org.h2.mvstore.DataUtils.newMVStoreException(DataUtils.java:1004) ~[h2-2.1.214.jar:?]
	at org.h2.mvstore.FileStore.open(FileStore.java:178) ~[h2-2.1.214.jar:?]
	at org.h2.mvstore.FileStore.open(FileStore.java:128) ~[h2-2.1.214.jar:?]
	at org.h2.mvstore.MVStore.<init>(MVStore.java:452) ~[h2-2.1.214.jar:?]
	at org.h2.mvstore.MVStore$Builder.open(MVStore.java:4082) ~[h2-2.1.214.jar:?]
	at org.h2.mvstore.db.Store.<init>(Store.java:136) ~[h2-2.1.214.jar:?]
	at org.h2.engine.Database.<init>(Database.java:324) ~[h2-2.1.214.jar:?]
	at org.h2.engine.Engine.openSession(Engine.java:92) ~[h2-2.1.214.jar:?]
	at org.h2.engine.Engine.openSession(Engine.java:222) ~[h2-2.1.214.jar:?]
	at org.h2.engine.Engine.createSession(Engine.java:201) ~[h2-2.1.214.jar:?]
	at org.h2.engine.SessionRemote.connectEmbeddedOrServer(SessionRemote.java:338) ~[h2-2.1.214.jar:?]
	at org.h2.jdbc.JdbcConnection.<init>(JdbcConnection.java:122) ~[h2-2.1.214.jar:?]
	at org.h2.jdbcx.JdbcDataSource.getXAConnection(JdbcDataSource.java:322) ~[h2-2.1.214.jar:?]
	at org.h2.jdbcx.JdbcDataSource.getPooledConnection(JdbcDataSource.java:352) ~[h2-2.1.214.jar:?]
	at org.h2.jdbcx.JdbcConnectionPool.getConnectionNow(JdbcConnectionPool.java:233) ~[h2-2.1.214.jar:?]
	at org.h2.jdbcx.JdbcConnectionPool.getConnection(JdbcConnectionPool.java:198) ~[h2-2.1.214.jar:?]
	at com.tangrun.mdm.boxwindow.service.DBService.getConnection(DBService.java:37) ~[classes/:?]
	... 6 more
2022-09-09 11:33:46,075 ERROR [pool-3-thread-1] service.DBService (DBService.java:101) - create version table error.
2022-09-09 11:33:50,266 ERROR [JavaFX Application Thread] service.DBService (DBService.java:39) - Database may be already in use: "E:/MDMBox/StudyOnlineTool/app/data.mv.db". Possible solutions: close all other connection(s); use the server mode [90020-214]
org.h2.jdbc.JdbcSQLNonTransientConnectionException: Database may be already in use: "E:/MDMBox/StudyOnlineTool/app/data.mv.db". Possible solutions: close all other connection(s); use the server mode [90020-214]
	at org.h2.message.DbException.getJdbcSQLException(DbException.java:678) ~[h2-2.1.214.jar:?]
	at org.h2.message.DbException.getJdbcSQLException(DbException.java:477) ~[h2-2.1.214.jar:?]
	at org.h2.message.DbException.get(DbException.java:212) ~[h2-2.1.214.jar:?]
	at org.h2.mvstore.db.Store.convertMVStoreException(Store.java:168) ~[h2-2.1.214.jar:?]
	at org.h2.mvstore.db.Store.<init>(Store.java:145) ~[h2-2.1.214.jar:?]
	at org.h2.engine.Database.<init>(Database.java:324) ~[h2-2.1.214.jar:?]
	at org.h2.engine.Engine.openSession(Engine.java:92) ~[h2-2.1.214.jar:?]
	at org.h2.engine.Engine.openSession(Engine.java:222) ~[h2-2.1.214.jar:?]
	at org.h2.engine.Engine.createSession(Engine.java:201) ~[h2-2.1.214.jar:?]
	at org.h2.engine.SessionRemote.connectEmbeddedOrServer(SessionRemote.java:338) ~[h2-2.1.214.jar:?]
	at org.h2.jdbc.JdbcConnection.<init>(JdbcConnection.java:122) ~[h2-2.1.214.jar:?]
	at org.h2.jdbcx.JdbcDataSource.getXAConnection(JdbcDataSource.java:322) ~[h2-2.1.214.jar:?]
	at org.h2.jdbcx.JdbcDataSource.getPooledConnection(JdbcDataSource.java:352) ~[h2-2.1.214.jar:?]
	at org.h2.jdbcx.JdbcConnectionPool.getConnectionNow(JdbcConnectionPool.java:233) ~[h2-2.1.214.jar:?]
	at org.h2.jdbcx.JdbcConnectionPool.getConnection(JdbcConnectionPool.java:198) ~[h2-2.1.214.jar:?]
	at com.tangrun.mdm.boxwindow.service.DBService.getConnection(DBService.java:37) ~[classes/:?]
	at com.tangrun.mdm.boxwindow.service.DBService.executeQuery(DBService.java:54) ~[classes/:?]
	at com.tangrun.mdm.boxwindow.service.DBService.executeQueryFirst(DBService.java:49) ~[classes/:?]
	at com.tangrun.mdm.boxwindow.service.DBService.executeQueryFirst(DBService.java:45) ~[classes/:?]
	at com.tangrun.mdm.boxwindow.dao.AppConfigService.getConfig(AppConfigService.java:70) ~[classes/:?]
	at com.tangrun.mdm.boxwindow.dao.AppConfigService.getConfigLong(AppConfigService.java:90) ~[classes/:?]
	at com.tangrun.mdm.boxwindow.dao.AppConfigService.setAppUseTime(AppConfigService.java:27) ~[classes/:?]
	at com.tangrun.mdm.boxwindow.service.ConfigService.onEvent(ConfigService.java:49) ~[classes/:?]
	at com.tangrun.mdm.boxwindow.core.BaseListenerLifecycleObserver$LifecycleWrapperListener.onEvent(BaseListenerLifecycleObserver.java:47) ~[classes/:?]
	at com.tangrun.mdm.boxwindow.core.BaseListenerLifecycleObserver.onEvent(BaseListenerLifecycleObserver.java:14) ~[classes/:?]
	at com.tangrun.mdm.boxwindow.core.ApplicationContext.onEvent(ApplicationContext.java:50) ~[classes/:?]
	at com.tangrun.mdm.boxwindow.core.JavaFXApplication.stop(JavaFXApplication.java:55) ~[classes/:?]
	at com.sun.javafx.application.LauncherImpl.lambda$launchApplication1$10(LauncherImpl.java:866) ~[javafx-graphics-18.0.2-win.jar:?]
	at com.sun.javafx.application.PlatformImpl.lambda$runAndWait$12(PlatformImpl.java:484) ~[javafx-graphics-18.0.2-win.jar:?]
	at com.sun.javafx.application.PlatformImpl.lambda$runLater$10(PlatformImpl.java:457) ~[javafx-graphics-18.0.2-win.jar:?]
	at java.security.AccessController.doPrivileged(AccessController.java:399) ~[?:?]
	at com.sun.javafx.application.PlatformImpl.lambda$runLater$11(PlatformImpl.java:456) ~[javafx-graphics-18.0.2-win.jar:?]
	at com.sun.glass.ui.InvokeLaterDispatcher$Future.run(InvokeLaterDispatcher.java:96) ~[javafx-graphics-18.0.2-win.jar:?]
	at com.sun.glass.ui.win.WinApplication._runLoop(Native Method) ~[javafx-graphics-18.0.2-win.jar:?]
	at com.sun.glass.ui.win.WinApplication.lambda$runLoop$3(WinApplication.java:184) ~[javafx-graphics-18.0.2-win.jar:?]
	at java.lang.Thread.run(Thread.java:833) ~[?:?]
Caused by: org.h2.mvstore.MVStoreException: The file is locked: E:/MDMBox/StudyOnlineTool/app/data.mv.db [2.1.214/7]
	at org.h2.mvstore.DataUtils.newMVStoreException(DataUtils.java:1004) ~[h2-2.1.214.jar:?]
	at org.h2.mvstore.FileStore.open(FileStore.java:178) ~[h2-2.1.214.jar:?]
	at org.h2.mvstore.FileStore.open(FileStore.java:128) ~[h2-2.1.214.jar:?]
	at org.h2.mvstore.MVStore.<init>(MVStore.java:452) ~[h2-2.1.214.jar:?]
	at org.h2.mvstore.MVStore$Builder.open(MVStore.java:4082) ~[h2-2.1.214.jar:?]
	at org.h2.mvstore.db.Store.<init>(Store.java:136) ~[h2-2.1.214.jar:?]
	... 31 more
2022-09-09 11:33:50,268 ERROR [JavaFX Application Thread] service.DBService (DBService.java:65) - org.h2.jdbc.JdbcSQLNonTransientConnectionException: Database may be already in use: "E:/MDMBox/StudyOnlineTool/app/data.mv.db". Possible solutions: close all other connection(s); use the server mode [90020-214]
java.lang.RuntimeException: org.h2.jdbc.JdbcSQLNonTransientConnectionException: Database may be already in use: "E:/MDMBox/StudyOnlineTool/app/data.mv.db". Possible solutions: close all other connection(s); use the server mode [90020-214]
	at com.tangrun.mdm.boxwindow.service.DBService.getConnection(DBService.java:40) ~[classes/:?]
	at com.tangrun.mdm.boxwindow.service.DBService.executeQuery(DBService.java:54) ~[classes/:?]
	at com.tangrun.mdm.boxwindow.service.DBService.executeQueryFirst(DBService.java:49) ~[classes/:?]
	at com.tangrun.mdm.boxwindow.service.DBService.executeQueryFirst(DBService.java:45) ~[classes/:?]
	at com.tangrun.mdm.boxwindow.dao.AppConfigService.getConfig(AppConfigService.java:70) ~[classes/:?]
	at com.tangrun.mdm.boxwindow.dao.AppConfigService.getConfigLong(AppConfigService.java:90) ~[classes/:?]
	at com.tangrun.mdm.boxwindow.dao.AppConfigService.setAppUseTime(AppConfigService.java:27) ~[classes/:?]
	at com.tangrun.mdm.boxwindow.service.ConfigService.onEvent(ConfigService.java:49) ~[classes/:?]
	at com.tangrun.mdm.boxwindow.core.BaseListenerLifecycleObserver$LifecycleWrapperListener.onEvent(BaseListenerLifecycleObserver.java:47) ~[classes/:?]
	at com.tangrun.mdm.boxwindow.core.BaseListenerLifecycleObserver.onEvent(BaseListenerLifecycleObserver.java:14) ~[classes/:?]
	at com.tangrun.mdm.boxwindow.core.ApplicationContext.onEvent(ApplicationContext.java:50) ~[classes/:?]
	at com.tangrun.mdm.boxwindow.core.JavaFXApplication.stop(JavaFXApplication.java:55) ~[classes/:?]
	at com.sun.javafx.application.LauncherImpl.lambda$launchApplication1$10(LauncherImpl.java:866) ~[javafx-graphics-18.0.2-win.jar:?]
	at com.sun.javafx.application.PlatformImpl.lambda$runAndWait$12(PlatformImpl.java:484) ~[javafx-graphics-18.0.2-win.jar:?]
	at com.sun.javafx.application.PlatformImpl.lambda$runLater$10(PlatformImpl.java:457) ~[javafx-graphics-18.0.2-win.jar:?]
	at java.security.AccessController.doPrivileged(AccessController.java:399) ~[?:?]
	at com.sun.javafx.application.PlatformImpl.lambda$runLater$11(PlatformImpl.java:456) ~[javafx-graphics-18.0.2-win.jar:?]
	at com.sun.glass.ui.InvokeLaterDispatcher$Future.run(InvokeLaterDispatcher.java:96) ~[javafx-graphics-18.0.2-win.jar:?]
	at com.sun.glass.ui.win.WinApplication._runLoop(Native Method) ~[javafx-graphics-18.0.2-win.jar:?]
	at com.sun.glass.ui.win.WinApplication.lambda$runLoop$3(WinApplication.java:184) ~[javafx-graphics-18.0.2-win.jar:?]
	at java.lang.Thread.run(Thread.java:833) ~[?:?]
Caused by: org.h2.jdbc.JdbcSQLNonTransientConnectionException: Database may be already in use: "E:/MDMBox/StudyOnlineTool/app/data.mv.db". Possible solutions: close all other connection(s); use the server mode [90020-214]
	at org.h2.message.DbException.getJdbcSQLException(DbException.java:678) ~[h2-2.1.214.jar:?]
	at org.h2.message.DbException.getJdbcSQLException(DbException.java:477) ~[h2-2.1.214.jar:?]
	at org.h2.message.DbException.get(DbException.java:212) ~[h2-2.1.214.jar:?]
	at org.h2.mvstore.db.Store.convertMVStoreException(Store.java:168) ~[h2-2.1.214.jar:?]
	at org.h2.mvstore.db.Store.<init>(Store.java:145) ~[h2-2.1.214.jar:?]
	at org.h2.engine.Database.<init>(Database.java:324) ~[h2-2.1.214.jar:?]
	at org.h2.engine.Engine.openSession(Engine.java:92) ~[h2-2.1.214.jar:?]
	at org.h2.engine.Engine.openSession(Engine.java:222) ~[h2-2.1.214.jar:?]
	at org.h2.engine.Engine.createSession(Engine.java:201) ~[h2-2.1.214.jar:?]
	at org.h2.engine.SessionRemote.connectEmbeddedOrServer(SessionRemote.java:338) ~[h2-2.1.214.jar:?]
	at org.h2.jdbc.JdbcConnection.<init>(JdbcConnection.java:122) ~[h2-2.1.214.jar:?]
	at org.h2.jdbcx.JdbcDataSource.getXAConnection(JdbcDataSource.java:322) ~[h2-2.1.214.jar:?]
	at org.h2.jdbcx.JdbcDataSource.getPooledConnection(JdbcDataSource.java:352) ~[h2-2.1.214.jar:?]
	at org.h2.jdbcx.JdbcConnectionPool.getConnectionNow(JdbcConnectionPool.java:233) ~[h2-2.1.214.jar:?]
	at org.h2.jdbcx.JdbcConnectionPool.getConnection(JdbcConnectionPool.java:198) ~[h2-2.1.214.jar:?]
	at com.tangrun.mdm.boxwindow.service.DBService.getConnection(DBService.java:37) ~[classes/:?]
	... 20 more
Caused by: org.h2.mvstore.MVStoreException: The file is locked: E:/MDMBox/StudyOnlineTool/app/data.mv.db [2.1.214/7]
	at org.h2.mvstore.DataUtils.newMVStoreException(DataUtils.java:1004) ~[h2-2.1.214.jar:?]
	at org.h2.mvstore.FileStore.open(FileStore.java:178) ~[h2-2.1.214.jar:?]
	at org.h2.mvstore.FileStore.open(FileStore.java:128) ~[h2-2.1.214.jar:?]
	at org.h2.mvstore.MVStore.<init>(MVStore.java:452) ~[h2-2.1.214.jar:?]
	at org.h2.mvstore.MVStore$Builder.open(MVStore.java:4082) ~[h2-2.1.214.jar:?]
	at org.h2.mvstore.db.Store.<init>(Store.java:136) ~[h2-2.1.214.jar:?]
	at org.h2.engine.Database.<init>(Database.java:324) ~[h2-2.1.214.jar:?]
	at org.h2.engine.Engine.openSession(Engine.java:92) ~[h2-2.1.214.jar:?]
	at org.h2.engine.Engine.openSession(Engine.java:222) ~[h2-2.1.214.jar:?]
	at org.h2.engine.Engine.createSession(Engine.java:201) ~[h2-2.1.214.jar:?]
	at org.h2.engine.SessionRemote.connectEmbeddedOrServer(SessionRemote.java:338) ~[h2-2.1.214.jar:?]
	at org.h2.jdbc.JdbcConnection.<init>(JdbcConnection.java:122) ~[h2-2.1.214.jar:?]
	at org.h2.jdbcx.JdbcDataSource.getXAConnection(JdbcDataSource.java:322) ~[h2-2.1.214.jar:?]
	at org.h2.jdbcx.JdbcDataSource.getPooledConnection(JdbcDataSource.java:352) ~[h2-2.1.214.jar:?]
	at org.h2.jdbcx.JdbcConnectionPool.getConnectionNow(JdbcConnectionPool.java:233) ~[h2-2.1.214.jar:?]
	at org.h2.jdbcx.JdbcConnectionPool.getConnection(JdbcConnectionPool.java:198) ~[h2-2.1.214.jar:?]
	at com.tangrun.mdm.boxwindow.service.DBService.getConnection(DBService.java:37) ~[classes/:?]
	... 20 more
2022-09-09 11:33:50,285 ERROR [JavaFX Application Thread] service.DBService (DBService.java:39) - Database may be already in use: "E:/MDMBox/StudyOnlineTool/app/data.mv.db". Possible solutions: close all other connection(s); use the server mode [90020-214]
org.h2.jdbc.JdbcSQLNonTransientConnectionException: Database may be already in use: "E:/MDMBox/StudyOnlineTool/app/data.mv.db". Possible solutions: close all other connection(s); use the server mode [90020-214]
	at org.h2.message.DbException.getJdbcSQLException(DbException.java:678) ~[h2-2.1.214.jar:?]
	at org.h2.message.DbException.getJdbcSQLException(DbException.java:477) ~[h2-2.1.214.jar:?]
	at org.h2.message.DbException.get(DbException.java:212) ~[h2-2.1.214.jar:?]
	at org.h2.mvstore.db.Store.convertMVStoreException(Store.java:168) ~[h2-2.1.214.jar:?]
	at org.h2.mvstore.db.Store.<init>(Store.java:145) ~[h2-2.1.214.jar:?]
	at org.h2.engine.Database.<init>(Database.java:324) ~[h2-2.1.214.jar:?]
	at org.h2.engine.Engine.openSession(Engine.java:92) ~[h2-2.1.214.jar:?]
	at org.h2.engine.Engine.openSession(Engine.java:222) ~[h2-2.1.214.jar:?]
	at org.h2.engine.Engine.createSession(Engine.java:201) ~[h2-2.1.214.jar:?]
	at org.h2.engine.SessionRemote.connectEmbeddedOrServer(SessionRemote.java:338) ~[h2-2.1.214.jar:?]
	at org.h2.jdbc.JdbcConnection.<init>(JdbcConnection.java:122) ~[h2-2.1.214.jar:?]
	at org.h2.jdbcx.JdbcDataSource.getXAConnection(JdbcDataSource.java:322) ~[h2-2.1.214.jar:?]
	at org.h2.jdbcx.JdbcDataSource.getPooledConnection(JdbcDataSource.java:352) ~[h2-2.1.214.jar:?]
	at org.h2.jdbcx.JdbcConnectionPool.getConnectionNow(JdbcConnectionPool.java:233) ~[h2-2.1.214.jar:?]
	at org.h2.jdbcx.JdbcConnectionPool.getConnection(JdbcConnectionPool.java:198) ~[h2-2.1.214.jar:?]
	at com.tangrun.mdm.boxwindow.service.DBService.getConnection(DBService.java:37) ~[classes/:?]
	at com.tangrun.mdm.boxwindow.service.DBService.executeUpdate(DBService.java:75) ~[classes/:?]
	at com.tangrun.mdm.boxwindow.service.DBService.executeUpdateResult(DBService.java:71) ~[classes/:?]
	at com.tangrun.mdm.boxwindow.dao.AppConfigService.setConfig(AppConfigService.java:54) ~[classes/:?]
	at com.tangrun.mdm.boxwindow.dao.AppConfigService.setAppUseTime(AppConfigService.java:30) ~[classes/:?]
	at com.tangrun.mdm.boxwindow.service.ConfigService.onEvent(ConfigService.java:49) ~[classes/:?]
	at com.tangrun.mdm.boxwindow.core.BaseListenerLifecycleObserver$LifecycleWrapperListener.onEvent(BaseListenerLifecycleObserver.java:47) ~[classes/:?]
	at com.tangrun.mdm.boxwindow.core.BaseListenerLifecycleObserver.onEvent(BaseListenerLifecycleObserver.java:14) ~[classes/:?]
	at com.tangrun.mdm.boxwindow.core.ApplicationContext.onEvent(ApplicationContext.java:50) ~[classes/:?]
	at com.tangrun.mdm.boxwindow.core.JavaFXApplication.stop(JavaFXApplication.java:55) ~[classes/:?]
	at com.sun.javafx.application.LauncherImpl.lambda$launchApplication1$10(LauncherImpl.java:866) ~[javafx-graphics-18.0.2-win.jar:?]
	at com.sun.javafx.application.PlatformImpl.lambda$runAndWait$12(PlatformImpl.java:484) ~[javafx-graphics-18.0.2-win.jar:?]
	at com.sun.javafx.application.PlatformImpl.lambda$runLater$10(PlatformImpl.java:457) ~[javafx-graphics-18.0.2-win.jar:?]
	at java.security.AccessController.doPrivileged(AccessController.java:399) ~[?:?]
	at com.sun.javafx.application.PlatformImpl.lambda$runLater$11(PlatformImpl.java:456) ~[javafx-graphics-18.0.2-win.jar:?]
	at com.sun.glass.ui.InvokeLaterDispatcher$Future.run(InvokeLaterDispatcher.java:96) ~[javafx-graphics-18.0.2-win.jar:?]
	at com.sun.glass.ui.win.WinApplication._runLoop(Native Method) ~[javafx-graphics-18.0.2-win.jar:?]
	at com.sun.glass.ui.win.WinApplication.lambda$runLoop$3(WinApplication.java:184) ~[javafx-graphics-18.0.2-win.jar:?]
	at java.lang.Thread.run(Thread.java:833) ~[?:?]
Caused by: org.h2.mvstore.MVStoreException: The file is locked: E:/MDMBox/StudyOnlineTool/app/data.mv.db [2.1.214/7]
	at org.h2.mvstore.DataUtils.newMVStoreException(DataUtils.java:1004) ~[h2-2.1.214.jar:?]
	at org.h2.mvstore.FileStore.open(FileStore.java:178) ~[h2-2.1.214.jar:?]
	at org.h2.mvstore.FileStore.open(FileStore.java:128) ~[h2-2.1.214.jar:?]
	at org.h2.mvstore.MVStore.<init>(MVStore.java:452) ~[h2-2.1.214.jar:?]
	at org.h2.mvstore.MVStore$Builder.open(MVStore.java:4082) ~[h2-2.1.214.jar:?]
	at org.h2.mvstore.db.Store.<init>(Store.java:136) ~[h2-2.1.214.jar:?]
	... 29 more
2022-09-09 11:33:50,286 ERROR [JavaFX Application Thread] service.DBService (DBService.java:80) - org.h2.jdbc.JdbcSQLNonTransientConnectionException: Database may be already in use: "E:/MDMBox/StudyOnlineTool/app/data.mv.db". Possible solutions: close all other connection(s); use the server mode [90020-214]
java.lang.RuntimeException: org.h2.jdbc.JdbcSQLNonTransientConnectionException: Database may be already in use: "E:/MDMBox/StudyOnlineTool/app/data.mv.db". Possible solutions: close all other connection(s); use the server mode [90020-214]
	at com.tangrun.mdm.boxwindow.service.DBService.getConnection(DBService.java:40) ~[classes/:?]
	at com.tangrun.mdm.boxwindow.service.DBService.executeUpdate(DBService.java:75) ~[classes/:?]
	at com.tangrun.mdm.boxwindow.service.DBService.executeUpdateResult(DBService.java:71) ~[classes/:?]
	at com.tangrun.mdm.boxwindow.dao.AppConfigService.setConfig(AppConfigService.java:54) ~[classes/:?]
	at com.tangrun.mdm.boxwindow.dao.AppConfigService.setAppUseTime(AppConfigService.java:30) ~[classes/:?]
	at com.tangrun.mdm.boxwindow.service.ConfigService.onEvent(ConfigService.java:49) ~[classes/:?]
	at com.tangrun.mdm.boxwindow.core.BaseListenerLifecycleObserver$LifecycleWrapperListener.onEvent(BaseListenerLifecycleObserver.java:47) ~[classes/:?]
	at com.tangrun.mdm.boxwindow.core.BaseListenerLifecycleObserver.onEvent(BaseListenerLifecycleObserver.java:14) ~[classes/:?]
	at com.tangrun.mdm.boxwindow.core.ApplicationContext.onEvent(ApplicationContext.java:50) ~[classes/:?]
	at com.tangrun.mdm.boxwindow.core.JavaFXApplication.stop(JavaFXApplication.java:55) ~[classes/:?]
	at com.sun.javafx.application.LauncherImpl.lambda$launchApplication1$10(LauncherImpl.java:866) ~[javafx-graphics-18.0.2-win.jar:?]
	at com.sun.javafx.application.PlatformImpl.lambda$runAndWait$12(PlatformImpl.java:484) ~[javafx-graphics-18.0.2-win.jar:?]
	at com.sun.javafx.application.PlatformImpl.lambda$runLater$10(PlatformImpl.java:457) ~[javafx-graphics-18.0.2-win.jar:?]
	at java.security.AccessController.doPrivileged(AccessController.java:399) ~[?:?]
	at com.sun.javafx.application.PlatformImpl.lambda$runLater$11(PlatformImpl.java:456) ~[javafx-graphics-18.0.2-win.jar:?]
	at com.sun.glass.ui.InvokeLaterDispatcher$Future.run(InvokeLaterDispatcher.java:96) ~[javafx-graphics-18.0.2-win.jar:?]
	at com.sun.glass.ui.win.WinApplication._runLoop(Native Method) ~[javafx-graphics-18.0.2-win.jar:?]
	at com.sun.glass.ui.win.WinApplication.lambda$runLoop$3(WinApplication.java:184) ~[javafx-graphics-18.0.2-win.jar:?]
	at java.lang.Thread.run(Thread.java:833) ~[?:?]
Caused by: org.h2.jdbc.JdbcSQLNonTransientConnectionException: Database may be already in use: "E:/MDMBox/StudyOnlineTool/app/data.mv.db". Possible solutions: close all other connection(s); use the server mode [90020-214]
	at org.h2.message.DbException.getJdbcSQLException(DbException.java:678) ~[h2-2.1.214.jar:?]
	at org.h2.message.DbException.getJdbcSQLException(DbException.java:477) ~[h2-2.1.214.jar:?]
	at org.h2.message.DbException.get(DbException.java:212) ~[h2-2.1.214.jar:?]
	at org.h2.mvstore.db.Store.convertMVStoreException(Store.java:168) ~[h2-2.1.214.jar:?]
	at org.h2.mvstore.db.Store.<init>(Store.java:145) ~[h2-2.1.214.jar:?]
	at org.h2.engine.Database.<init>(Database.java:324) ~[h2-2.1.214.jar:?]
	at org.h2.engine.Engine.openSession(Engine.java:92) ~[h2-2.1.214.jar:?]
	at org.h2.engine.Engine.openSession(Engine.java:222) ~[h2-2.1.214.jar:?]
	at org.h2.engine.Engine.createSession(Engine.java:201) ~[h2-2.1.214.jar:?]
	at org.h2.engine.SessionRemote.connectEmbeddedOrServer(SessionRemote.java:338) ~[h2-2.1.214.jar:?]
	at org.h2.jdbc.JdbcConnection.<init>(JdbcConnection.java:122) ~[h2-2.1.214.jar:?]
	at org.h2.jdbcx.JdbcDataSource.getXAConnection(JdbcDataSource.java:322) ~[h2-2.1.214.jar:?]
	at org.h2.jdbcx.JdbcDataSource.getPooledConnection(JdbcDataSource.java:352) ~[h2-2.1.214.jar:?]
	at org.h2.jdbcx.JdbcConnectionPool.getConnectionNow(JdbcConnectionPool.java:233) ~[h2-2.1.214.jar:?]
	at org.h2.jdbcx.JdbcConnectionPool.getConnection(JdbcConnectionPool.java:198) ~[h2-2.1.214.jar:?]
	at com.tangrun.mdm.boxwindow.service.DBService.getConnection(DBService.java:37) ~[classes/:?]
	... 18 more
Caused by: org.h2.mvstore.MVStoreException: The file is locked: E:/MDMBox/StudyOnlineTool/app/data.mv.db [2.1.214/7]
	at org.h2.mvstore.DataUtils.newMVStoreException(DataUtils.java:1004) ~[h2-2.1.214.jar:?]
	at org.h2.mvstore.FileStore.open(FileStore.java:178) ~[h2-2.1.214.jar:?]
	at org.h2.mvstore.FileStore.open(FileStore.java:128) ~[h2-2.1.214.jar:?]
	at org.h2.mvstore.MVStore.<init>(MVStore.java:452) ~[h2-2.1.214.jar:?]
	at org.h2.mvstore.MVStore$Builder.open(MVStore.java:4082) ~[h2-2.1.214.jar:?]
	at org.h2.mvstore.db.Store.<init>(Store.java:136) ~[h2-2.1.214.jar:?]
	at org.h2.engine.Database.<init>(Database.java:324) ~[h2-2.1.214.jar:?]
	at org.h2.engine.Engine.openSession(Engine.java:92) ~[h2-2.1.214.jar:?]
	at org.h2.engine.Engine.openSession(Engine.java:222) ~[h2-2.1.214.jar:?]
	at org.h2.engine.Engine.createSession(Engine.java:201) ~[h2-2.1.214.jar:?]
	at org.h2.engine.SessionRemote.connectEmbeddedOrServer(SessionRemote.java:338) ~[h2-2.1.214.jar:?]
	at org.h2.jdbc.JdbcConnection.<init>(JdbcConnection.java:122) ~[h2-2.1.214.jar:?]
	at org.h2.jdbcx.JdbcDataSource.getXAConnection(JdbcDataSource.java:322) ~[h2-2.1.214.jar:?]
	at org.h2.jdbcx.JdbcDataSource.getPooledConnection(JdbcDataSource.java:352) ~[h2-2.1.214.jar:?]
	at org.h2.jdbcx.JdbcConnectionPool.getConnectionNow(JdbcConnectionPool.java:233) ~[h2-2.1.214.jar:?]
	at org.h2.jdbcx.JdbcConnectionPool.getConnection(JdbcConnectionPool.java:198) ~[h2-2.1.214.jar:?]
	at com.tangrun.mdm.boxwindow.service.DBService.getConnection(DBService.java:37) ~[classes/:?]
	... 18 more
2022-09-09 11:53:59,444 ERROR [main] boxwindow.Launcher$1 (Launcher.java:20) - com/tangrun/mdm/boxwindow/Launcher$2
java.lang.NoClassDefFoundError: com/tangrun/mdm/boxwindow/Launcher$2
	at com.tangrun.mdm.boxwindow.Launcher.main(Launcher.java:26) ~[classes/:?]
Caused by: java.lang.ClassNotFoundException: com.tangrun.mdm.boxwindow.Launcher$2
	at jdk.internal.loader.BuiltinClassLoader.loadClass(BuiltinClassLoader.java:641) ~[?:?]
	at jdk.internal.loader.ClassLoaders$AppClassLoader.loadClass(ClassLoaders.java:188) ~[?:?]
	at java.lang.ClassLoader.loadClass(ClassLoader.java:520) ~[?:?]
	... 1 more
2022-09-09 11:57:52,999 ERROR [pool-3-thread-1] service.DBService (DBService.java:39) - Database may be already in use: "E:/MDMBox/StudyOnlineTool/app/data.mv.db". Possible solutions: close all other connection(s); use the server mode [90020-214]
org.h2.jdbc.JdbcSQLNonTransientConnectionException: Database may be already in use: "E:/MDMBox/StudyOnlineTool/app/data.mv.db". Possible solutions: close all other connection(s); use the server mode [90020-214]
	at org.h2.message.DbException.getJdbcSQLException(DbException.java:678) ~[h2-2.1.214.jar:?]
	at org.h2.message.DbException.getJdbcSQLException(DbException.java:477) ~[h2-2.1.214.jar:?]
	at org.h2.message.DbException.get(DbException.java:212) ~[h2-2.1.214.jar:?]
	at org.h2.mvstore.db.Store.convertMVStoreException(Store.java:168) ~[h2-2.1.214.jar:?]
	at org.h2.mvstore.db.Store.<init>(Store.java:145) ~[h2-2.1.214.jar:?]
	at org.h2.engine.Database.<init>(Database.java:324) ~[h2-2.1.214.jar:?]
	at org.h2.engine.Engine.openSession(Engine.java:92) ~[h2-2.1.214.jar:?]
	at org.h2.engine.Engine.openSession(Engine.java:222) ~[h2-2.1.214.jar:?]
	at org.h2.engine.Engine.createSession(Engine.java:201) ~[h2-2.1.214.jar:?]
	at org.h2.engine.SessionRemote.connectEmbeddedOrServer(SessionRemote.java:338) ~[h2-2.1.214.jar:?]
	at org.h2.jdbc.JdbcConnection.<init>(JdbcConnection.java:122) ~[h2-2.1.214.jar:?]
	at org.h2.jdbcx.JdbcDataSource.getXAConnection(JdbcDataSource.java:322) ~[h2-2.1.214.jar:?]
	at org.h2.jdbcx.JdbcDataSource.getPooledConnection(JdbcDataSource.java:352) ~[h2-2.1.214.jar:?]
	at org.h2.jdbcx.JdbcConnectionPool.getConnectionNow(JdbcConnectionPool.java:233) ~[h2-2.1.214.jar:?]
	at org.h2.jdbcx.JdbcConnectionPool.getConnection(JdbcConnectionPool.java:198) ~[h2-2.1.214.jar:?]
	at com.tangrun.mdm.boxwindow.service.DBService.getConnection(DBService.java:37) ~[classes/:?]
	at com.tangrun.mdm.boxwindow.service.DBService.execute(DBService.java:86) ~[classes/:?]
	at com.tangrun.mdm.boxwindow.service.DBService.initTable(DBService.java:96) ~[classes/:?]
	at com.tangrun.mdm.boxwindow.controller.MainController$1$1.run(MainController.java:140) ~[classes/:?]
	at java.util.concurrent.ThreadPoolExecutor.runWorker(ThreadPoolExecutor.java:1136) ~[?:?]
	at java.util.concurrent.ThreadPoolExecutor$Worker.run(ThreadPoolExecutor.java:635) ~[?:?]
	at java.lang.Thread.run(Thread.java:833) ~[?:?]
Caused by: org.h2.mvstore.MVStoreException: The file is locked: E:/MDMBox/StudyOnlineTool/app/data.mv.db [2.1.214/7]
	at org.h2.mvstore.DataUtils.newMVStoreException(DataUtils.java:1004) ~[h2-2.1.214.jar:?]
	at org.h2.mvstore.FileStore.open(FileStore.java:178) ~[h2-2.1.214.jar:?]
	at org.h2.mvstore.FileStore.open(FileStore.java:128) ~[h2-2.1.214.jar:?]
	at org.h2.mvstore.MVStore.<init>(MVStore.java:452) ~[h2-2.1.214.jar:?]
	at org.h2.mvstore.MVStore$Builder.open(MVStore.java:4082) ~[h2-2.1.214.jar:?]
	at org.h2.mvstore.db.Store.<init>(Store.java:136) ~[h2-2.1.214.jar:?]
	... 17 more
2022-09-09 11:57:53,013 ERROR [pool-3-thread-1] service.DBService (DBService.java:90) - org.h2.jdbc.JdbcSQLNonTransientConnectionException: Database may be already in use: "E:/MDMBox/StudyOnlineTool/app/data.mv.db". Possible solutions: close all other connection(s); use the server mode [90020-214]
java.lang.RuntimeException: org.h2.jdbc.JdbcSQLNonTransientConnectionException: Database may be already in use: "E:/MDMBox/StudyOnlineTool/app/data.mv.db". Possible solutions: close all other connection(s); use the server mode [90020-214]
	at com.tangrun.mdm.boxwindow.service.DBService.getConnection(DBService.java:40) ~[classes/:?]
	at com.tangrun.mdm.boxwindow.service.DBService.execute(DBService.java:86) ~[classes/:?]
	at com.tangrun.mdm.boxwindow.service.DBService.initTable(DBService.java:96) ~[classes/:?]
	at com.tangrun.mdm.boxwindow.controller.MainController$1$1.run(MainController.java:140) ~[classes/:?]
	at java.util.concurrent.ThreadPoolExecutor.runWorker(ThreadPoolExecutor.java:1136) ~[?:?]
	at java.util.concurrent.ThreadPoolExecutor$Worker.run(ThreadPoolExecutor.java:635) ~[?:?]
	at java.lang.Thread.run(Thread.java:833) ~[?:?]
Caused by: org.h2.jdbc.JdbcSQLNonTransientConnectionException: Database may be already in use: "E:/MDMBox/StudyOnlineTool/app/data.mv.db". Possible solutions: close all other connection(s); use the server mode [90020-214]
	at org.h2.message.DbException.getJdbcSQLException(DbException.java:678) ~[h2-2.1.214.jar:?]
	at org.h2.message.DbException.getJdbcSQLException(DbException.java:477) ~[h2-2.1.214.jar:?]
	at org.h2.message.DbException.get(DbException.java:212) ~[h2-2.1.214.jar:?]
	at org.h2.mvstore.db.Store.convertMVStoreException(Store.java:168) ~[h2-2.1.214.jar:?]
	at org.h2.mvstore.db.Store.<init>(Store.java:145) ~[h2-2.1.214.jar:?]
	at org.h2.engine.Database.<init>(Database.java:324) ~[h2-2.1.214.jar:?]
	at org.h2.engine.Engine.openSession(Engine.java:92) ~[h2-2.1.214.jar:?]
	at org.h2.engine.Engine.openSession(Engine.java:222) ~[h2-2.1.214.jar:?]
	at org.h2.engine.Engine.createSession(Engine.java:201) ~[h2-2.1.214.jar:?]
	at org.h2.engine.SessionRemote.connectEmbeddedOrServer(SessionRemote.java:338) ~[h2-2.1.214.jar:?]
	at org.h2.jdbc.JdbcConnection.<init>(JdbcConnection.java:122) ~[h2-2.1.214.jar:?]
	at org.h2.jdbcx.JdbcDataSource.getXAConnection(JdbcDataSource.java:322) ~[h2-2.1.214.jar:?]
	at org.h2.jdbcx.JdbcDataSource.getPooledConnection(JdbcDataSource.java:352) ~[h2-2.1.214.jar:?]
	at org.h2.jdbcx.JdbcConnectionPool.getConnectionNow(JdbcConnectionPool.java:233) ~[h2-2.1.214.jar:?]
	at org.h2.jdbcx.JdbcConnectionPool.getConnection(JdbcConnectionPool.java:198) ~[h2-2.1.214.jar:?]
	at com.tangrun.mdm.boxwindow.service.DBService.getConnection(DBService.java:37) ~[classes/:?]
	... 6 more
Caused by: org.h2.mvstore.MVStoreException: The file is locked: E:/MDMBox/StudyOnlineTool/app/data.mv.db [2.1.214/7]
	at org.h2.mvstore.DataUtils.newMVStoreException(DataUtils.java:1004) ~[h2-2.1.214.jar:?]
	at org.h2.mvstore.FileStore.open(FileStore.java:178) ~[h2-2.1.214.jar:?]
	at org.h2.mvstore.FileStore.open(FileStore.java:128) ~[h2-2.1.214.jar:?]
	at org.h2.mvstore.MVStore.<init>(MVStore.java:452) ~[h2-2.1.214.jar:?]
	at org.h2.mvstore.MVStore$Builder.open(MVStore.java:4082) ~[h2-2.1.214.jar:?]
	at org.h2.mvstore.db.Store.<init>(Store.java:136) ~[h2-2.1.214.jar:?]
	at org.h2.engine.Database.<init>(Database.java:324) ~[h2-2.1.214.jar:?]
	at org.h2.engine.Engine.openSession(Engine.java:92) ~[h2-2.1.214.jar:?]
	at org.h2.engine.Engine.openSession(Engine.java:222) ~[h2-2.1.214.jar:?]
	at org.h2.engine.Engine.createSession(Engine.java:201) ~[h2-2.1.214.jar:?]
	at org.h2.engine.SessionRemote.connectEmbeddedOrServer(SessionRemote.java:338) ~[h2-2.1.214.jar:?]
	at org.h2.jdbc.JdbcConnection.<init>(JdbcConnection.java:122) ~[h2-2.1.214.jar:?]
	at org.h2.jdbcx.JdbcDataSource.getXAConnection(JdbcDataSource.java:322) ~[h2-2.1.214.jar:?]
	at org.h2.jdbcx.JdbcDataSource.getPooledConnection(JdbcDataSource.java:352) ~[h2-2.1.214.jar:?]
	at org.h2.jdbcx.JdbcConnectionPool.getConnectionNow(JdbcConnectionPool.java:233) ~[h2-2.1.214.jar:?]
	at org.h2.jdbcx.JdbcConnectionPool.getConnection(JdbcConnectionPool.java:198) ~[h2-2.1.214.jar:?]
	at com.tangrun.mdm.boxwindow.service.DBService.getConnection(DBService.java:37) ~[classes/:?]
	... 6 more
2022-09-09 11:57:53,015 ERROR [pool-3-thread-1] service.DBService (DBService.java:101) - create version table error.
2022-09-09 12:27:21,799 ERROR [JavaFX Application Thread] service.DBService (DBService.java:39) - Database may be already in use: "E:/MDMBox/StudyOnlineTool/app/data.mv.db". Possible solutions: close all other connection(s); use the server mode [90020-214]
org.h2.jdbc.JdbcSQLNonTransientConnectionException: Database may be already in use: "E:/MDMBox/StudyOnlineTool/app/data.mv.db". Possible solutions: close all other connection(s); use the server mode [90020-214]
	at org.h2.message.DbException.getJdbcSQLException(DbException.java:678) ~[h2-2.1.214.jar:?]
	at org.h2.message.DbException.getJdbcSQLException(DbException.java:477) ~[h2-2.1.214.jar:?]
	at org.h2.message.DbException.get(DbException.java:212) ~[h2-2.1.214.jar:?]
	at org.h2.mvstore.db.Store.convertMVStoreException(Store.java:168) ~[h2-2.1.214.jar:?]
	at org.h2.mvstore.db.Store.<init>(Store.java:145) ~[h2-2.1.214.jar:?]
	at org.h2.engine.Database.<init>(Database.java:324) ~[h2-2.1.214.jar:?]
	at org.h2.engine.Engine.openSession(Engine.java:92) ~[h2-2.1.214.jar:?]
	at org.h2.engine.Engine.openSession(Engine.java:222) ~[h2-2.1.214.jar:?]
	at org.h2.engine.Engine.createSession(Engine.java:201) ~[h2-2.1.214.jar:?]
	at org.h2.engine.SessionRemote.connectEmbeddedOrServer(SessionRemote.java:338) ~[h2-2.1.214.jar:?]
	at org.h2.jdbc.JdbcConnection.<init>(JdbcConnection.java:122) ~[h2-2.1.214.jar:?]
	at org.h2.jdbcx.JdbcDataSource.getXAConnection(JdbcDataSource.java:322) ~[h2-2.1.214.jar:?]
	at org.h2.jdbcx.JdbcDataSource.getPooledConnection(JdbcDataSource.java:352) ~[h2-2.1.214.jar:?]
	at org.h2.jdbcx.JdbcConnectionPool.getConnectionNow(JdbcConnectionPool.java:233) ~[h2-2.1.214.jar:?]
	at org.h2.jdbcx.JdbcConnectionPool.getConnection(JdbcConnectionPool.java:198) ~[h2-2.1.214.jar:?]
	at com.tangrun.mdm.boxwindow.service.DBService.getConnection(DBService.java:37) ~[classes/:?]
	at com.tangrun.mdm.boxwindow.service.DBService.executeQuery(DBService.java:54) ~[classes/:?]
	at com.tangrun.mdm.boxwindow.service.DBService.executeQueryFirst(DBService.java:49) ~[classes/:?]
	at com.tangrun.mdm.boxwindow.service.DBService.executeQueryFirst(DBService.java:45) ~[classes/:?]
	at com.tangrun.mdm.boxwindow.dao.AppConfigService.getConfig(AppConfigService.java:70) ~[classes/:?]
	at com.tangrun.mdm.boxwindow.dao.AppConfigService.getConfigLong(AppConfigService.java:90) ~[classes/:?]
	at com.tangrun.mdm.boxwindow.dao.AppConfigService.setAppUseTime(AppConfigService.java:27) ~[classes/:?]
	at com.tangrun.mdm.boxwindow.service.ConfigService.onEvent(ConfigService.java:49) ~[classes/:?]
	at com.tangrun.mdm.boxwindow.core.BaseListenerLifecycleObserver$LifecycleWrapperListener.onEvent(BaseListenerLifecycleObserver.java:47) ~[classes/:?]
	at com.tangrun.mdm.boxwindow.core.BaseListenerLifecycleObserver.onEvent(BaseListenerLifecycleObserver.java:14) ~[classes/:?]
	at com.tangrun.mdm.boxwindow.core.ApplicationContext.onEvent(ApplicationContext.java:50) ~[classes/:?]
	at com.tangrun.mdm.boxwindow.core.JavaFXApplication.stop(JavaFXApplication.java:55) ~[classes/:?]
	at com.sun.javafx.application.LauncherImpl.lambda$launchApplication1$10(LauncherImpl.java:866) ~[javafx-graphics-18.0.2-win.jar:?]
	at com.sun.javafx.application.PlatformImpl.lambda$runAndWait$12(PlatformImpl.java:484) ~[javafx-graphics-18.0.2-win.jar:?]
	at com.sun.javafx.application.PlatformImpl.lambda$runLater$10(PlatformImpl.java:457) ~[javafx-graphics-18.0.2-win.jar:?]
	at java.security.AccessController.doPrivileged(AccessController.java:399) ~[?:?]
	at com.sun.javafx.application.PlatformImpl.lambda$runLater$11(PlatformImpl.java:456) ~[javafx-graphics-18.0.2-win.jar:?]
	at com.sun.glass.ui.InvokeLaterDispatcher$Future.run(InvokeLaterDispatcher.java:96) ~[javafx-graphics-18.0.2-win.jar:?]
	at com.sun.glass.ui.win.WinApplication._runLoop(Native Method) ~[javafx-graphics-18.0.2-win.jar:?]
	at com.sun.glass.ui.win.WinApplication.lambda$runLoop$3(WinApplication.java:184) ~[javafx-graphics-18.0.2-win.jar:?]
	at java.lang.Thread.run(Thread.java:833) ~[?:?]
Caused by: org.h2.mvstore.MVStoreException: The file is locked: E:/MDMBox/StudyOnlineTool/app/data.mv.db [2.1.214/7]
	at org.h2.mvstore.DataUtils.newMVStoreException(DataUtils.java:1004) ~[h2-2.1.214.jar:?]
	at org.h2.mvstore.FileStore.open(FileStore.java:178) ~[h2-2.1.214.jar:?]
	at org.h2.mvstore.FileStore.open(FileStore.java:128) ~[h2-2.1.214.jar:?]
	at org.h2.mvstore.MVStore.<init>(MVStore.java:452) ~[h2-2.1.214.jar:?]
	at org.h2.mvstore.MVStore$Builder.open(MVStore.java:4082) ~[h2-2.1.214.jar:?]
	at org.h2.mvstore.db.Store.<init>(Store.java:136) ~[h2-2.1.214.jar:?]
	... 31 more
2022-09-09 12:27:21,801 ERROR [JavaFX Application Thread] service.DBService (DBService.java:65) - org.h2.jdbc.JdbcSQLNonTransientConnectionException: Database may be already in use: "E:/MDMBox/StudyOnlineTool/app/data.mv.db". Possible solutions: close all other connection(s); use the server mode [90020-214]
java.lang.RuntimeException: org.h2.jdbc.JdbcSQLNonTransientConnectionException: Database may be already in use: "E:/MDMBox/StudyOnlineTool/app/data.mv.db". Possible solutions: close all other connection(s); use the server mode [90020-214]
	at com.tangrun.mdm.boxwindow.service.DBService.getConnection(DBService.java:40) ~[classes/:?]
	at com.tangrun.mdm.boxwindow.service.DBService.executeQuery(DBService.java:54) ~[classes/:?]
	at com.tangrun.mdm.boxwindow.service.DBService.executeQueryFirst(DBService.java:49) ~[classes/:?]
	at com.tangrun.mdm.boxwindow.service.DBService.executeQueryFirst(DBService.java:45) ~[classes/:?]
	at com.tangrun.mdm.boxwindow.dao.AppConfigService.getConfig(AppConfigService.java:70) ~[classes/:?]
	at com.tangrun.mdm.boxwindow.dao.AppConfigService.getConfigLong(AppConfigService.java:90) ~[classes/:?]
	at com.tangrun.mdm.boxwindow.dao.AppConfigService.setAppUseTime(AppConfigService.java:27) ~[classes/:?]
	at com.tangrun.mdm.boxwindow.service.ConfigService.onEvent(ConfigService.java:49) ~[classes/:?]
	at com.tangrun.mdm.boxwindow.core.BaseListenerLifecycleObserver$LifecycleWrapperListener.onEvent(BaseListenerLifecycleObserver.java:47) ~[classes/:?]
	at com.tangrun.mdm.boxwindow.core.BaseListenerLifecycleObserver.onEvent(BaseListenerLifecycleObserver.java:14) ~[classes/:?]
	at com.tangrun.mdm.boxwindow.core.ApplicationContext.onEvent(ApplicationContext.java:50) ~[classes/:?]
	at com.tangrun.mdm.boxwindow.core.JavaFXApplication.stop(JavaFXApplication.java:55) ~[classes/:?]
	at com.sun.javafx.application.LauncherImpl.lambda$launchApplication1$10(LauncherImpl.java:866) ~[javafx-graphics-18.0.2-win.jar:?]
	at com.sun.javafx.application.PlatformImpl.lambda$runAndWait$12(PlatformImpl.java:484) ~[javafx-graphics-18.0.2-win.jar:?]
	at com.sun.javafx.application.PlatformImpl.lambda$runLater$10(PlatformImpl.java:457) ~[javafx-graphics-18.0.2-win.jar:?]
	at java.security.AccessController.doPrivileged(AccessController.java:399) ~[?:?]
	at com.sun.javafx.application.PlatformImpl.lambda$runLater$11(PlatformImpl.java:456) ~[javafx-graphics-18.0.2-win.jar:?]
	at com.sun.glass.ui.InvokeLaterDispatcher$Future.run(InvokeLaterDispatcher.java:96) ~[javafx-graphics-18.0.2-win.jar:?]
	at com.sun.glass.ui.win.WinApplication._runLoop(Native Method) ~[javafx-graphics-18.0.2-win.jar:?]
	at com.sun.glass.ui.win.WinApplication.lambda$runLoop$3(WinApplication.java:184) ~[javafx-graphics-18.0.2-win.jar:?]
	at java.lang.Thread.run(Thread.java:833) ~[?:?]
Caused by: org.h2.jdbc.JdbcSQLNonTransientConnectionException: Database may be already in use: "E:/MDMBox/StudyOnlineTool/app/data.mv.db". Possible solutions: close all other connection(s); use the server mode [90020-214]
	at org.h2.message.DbException.getJdbcSQLException(DbException.java:678) ~[h2-2.1.214.jar:?]
	at org.h2.message.DbException.getJdbcSQLException(DbException.java:477) ~[h2-2.1.214.jar:?]
	at org.h2.message.DbException.get(DbException.java:212) ~[h2-2.1.214.jar:?]
	at org.h2.mvstore.db.Store.convertMVStoreException(Store.java:168) ~[h2-2.1.214.jar:?]
	at org.h2.mvstore.db.Store.<init>(Store.java:145) ~[h2-2.1.214.jar:?]
	at org.h2.engine.Database.<init>(Database.java:324) ~[h2-2.1.214.jar:?]
	at org.h2.engine.Engine.openSession(Engine.java:92) ~[h2-2.1.214.jar:?]
	at org.h2.engine.Engine.openSession(Engine.java:222) ~[h2-2.1.214.jar:?]
	at org.h2.engine.Engine.createSession(Engine.java:201) ~[h2-2.1.214.jar:?]
	at org.h2.engine.SessionRemote.connectEmbeddedOrServer(SessionRemote.java:338) ~[h2-2.1.214.jar:?]
	at org.h2.jdbc.JdbcConnection.<init>(JdbcConnection.java:122) ~[h2-2.1.214.jar:?]
	at org.h2.jdbcx.JdbcDataSource.getXAConnection(JdbcDataSource.java:322) ~[h2-2.1.214.jar:?]
	at org.h2.jdbcx.JdbcDataSource.getPooledConnection(JdbcDataSource.java:352) ~[h2-2.1.214.jar:?]
	at org.h2.jdbcx.JdbcConnectionPool.getConnectionNow(JdbcConnectionPool.java:233) ~[h2-2.1.214.jar:?]
	at org.h2.jdbcx.JdbcConnectionPool.getConnection(JdbcConnectionPool.java:198) ~[h2-2.1.214.jar:?]
	at com.tangrun.mdm.boxwindow.service.DBService.getConnection(DBService.java:37) ~[classes/:?]
	... 20 more
Caused by: org.h2.mvstore.MVStoreException: The file is locked: E:/MDMBox/StudyOnlineTool/app/data.mv.db [2.1.214/7]
	at org.h2.mvstore.DataUtils.newMVStoreException(DataUtils.java:1004) ~[h2-2.1.214.jar:?]
	at org.h2.mvstore.FileStore.open(FileStore.java:178) ~[h2-2.1.214.jar:?]
	at org.h2.mvstore.FileStore.open(FileStore.java:128) ~[h2-2.1.214.jar:?]
	at org.h2.mvstore.MVStore.<init>(MVStore.java:452) ~[h2-2.1.214.jar:?]
	at org.h2.mvstore.MVStore$Builder.open(MVStore.java:4082) ~[h2-2.1.214.jar:?]
	at org.h2.mvstore.db.Store.<init>(Store.java:136) ~[h2-2.1.214.jar:?]
	at org.h2.engine.Database.<init>(Database.java:324) ~[h2-2.1.214.jar:?]
	at org.h2.engine.Engine.openSession(Engine.java:92) ~[h2-2.1.214.jar:?]
	at org.h2.engine.Engine.openSession(Engine.java:222) ~[h2-2.1.214.jar:?]
	at org.h2.engine.Engine.createSession(Engine.java:201) ~[h2-2.1.214.jar:?]
	at org.h2.engine.SessionRemote.connectEmbeddedOrServer(SessionRemote.java:338) ~[h2-2.1.214.jar:?]
	at org.h2.jdbc.JdbcConnection.<init>(JdbcConnection.java:122) ~[h2-2.1.214.jar:?]
	at org.h2.jdbcx.JdbcDataSource.getXAConnection(JdbcDataSource.java:322) ~[h2-2.1.214.jar:?]
	at org.h2.jdbcx.JdbcDataSource.getPooledConnection(JdbcDataSource.java:352) ~[h2-2.1.214.jar:?]
	at org.h2.jdbcx.JdbcConnectionPool.getConnectionNow(JdbcConnectionPool.java:233) ~[h2-2.1.214.jar:?]
	at org.h2.jdbcx.JdbcConnectionPool.getConnection(JdbcConnectionPool.java:198) ~[h2-2.1.214.jar:?]
	at com.tangrun.mdm.boxwindow.service.DBService.getConnection(DBService.java:37) ~[classes/:?]
	... 20 more
2022-09-09 12:27:21,813 ERROR [JavaFX Application Thread] service.DBService (DBService.java:39) - Database may be already in use: "E:/MDMBox/StudyOnlineTool/app/data.mv.db". Possible solutions: close all other connection(s); use the server mode [90020-214]
org.h2.jdbc.JdbcSQLNonTransientConnectionException: Database may be already in use: "E:/MDMBox/StudyOnlineTool/app/data.mv.db". Possible solutions: close all other connection(s); use the server mode [90020-214]
	at org.h2.message.DbException.getJdbcSQLException(DbException.java:678) ~[h2-2.1.214.jar:?]
	at org.h2.message.DbException.getJdbcSQLException(DbException.java:477) ~[h2-2.1.214.jar:?]
	at org.h2.message.DbException.get(DbException.java:212) ~[h2-2.1.214.jar:?]
	at org.h2.mvstore.db.Store.convertMVStoreException(Store.java:168) ~[h2-2.1.214.jar:?]
	at org.h2.mvstore.db.Store.<init>(Store.java:145) ~[h2-2.1.214.jar:?]
	at org.h2.engine.Database.<init>(Database.java:324) ~[h2-2.1.214.jar:?]
	at org.h2.engine.Engine.openSession(Engine.java:92) ~[h2-2.1.214.jar:?]
	at org.h2.engine.Engine.openSession(Engine.java:222) ~[h2-2.1.214.jar:?]
	at org.h2.engine.Engine.createSession(Engine.java:201) ~[h2-2.1.214.jar:?]
	at org.h2.engine.SessionRemote.connectEmbeddedOrServer(SessionRemote.java:338) ~[h2-2.1.214.jar:?]
	at org.h2.jdbc.JdbcConnection.<init>(JdbcConnection.java:122) ~[h2-2.1.214.jar:?]
	at org.h2.jdbcx.JdbcDataSource.getXAConnection(JdbcDataSource.java:322) ~[h2-2.1.214.jar:?]
	at org.h2.jdbcx.JdbcDataSource.getPooledConnection(JdbcDataSource.java:352) ~[h2-2.1.214.jar:?]
	at org.h2.jdbcx.JdbcConnectionPool.getConnectionNow(JdbcConnectionPool.java:233) ~[h2-2.1.214.jar:?]
	at org.h2.jdbcx.JdbcConnectionPool.getConnection(JdbcConnectionPool.java:198) ~[h2-2.1.214.jar:?]
	at com.tangrun.mdm.boxwindow.service.DBService.getConnection(DBService.java:37) ~[classes/:?]
	at com.tangrun.mdm.boxwindow.service.DBService.executeUpdate(DBService.java:75) ~[classes/:?]
	at com.tangrun.mdm.boxwindow.service.DBService.executeUpdateResult(DBService.java:71) ~[classes/:?]
	at com.tangrun.mdm.boxwindow.dao.AppConfigService.setConfig(AppConfigService.java:54) ~[classes/:?]
	at com.tangrun.mdm.boxwindow.dao.AppConfigService.setAppUseTime(AppConfigService.java:30) ~[classes/:?]
	at com.tangrun.mdm.boxwindow.service.ConfigService.onEvent(ConfigService.java:49) ~[classes/:?]
	at com.tangrun.mdm.boxwindow.core.BaseListenerLifecycleObserver$LifecycleWrapperListener.onEvent(BaseListenerLifecycleObserver.java:47) ~[classes/:?]
	at com.tangrun.mdm.boxwindow.core.BaseListenerLifecycleObserver.onEvent(BaseListenerLifecycleObserver.java:14) ~[classes/:?]
	at com.tangrun.mdm.boxwindow.core.ApplicationContext.onEvent(ApplicationContext.java:50) ~[classes/:?]
	at com.tangrun.mdm.boxwindow.core.JavaFXApplication.stop(JavaFXApplication.java:55) ~[classes/:?]
	at com.sun.javafx.application.LauncherImpl.lambda$launchApplication1$10(LauncherImpl.java:866) ~[javafx-graphics-18.0.2-win.jar:?]
	at com.sun.javafx.application.PlatformImpl.lambda$runAndWait$12(PlatformImpl.java:484) ~[javafx-graphics-18.0.2-win.jar:?]
	at com.sun.javafx.application.PlatformImpl.lambda$runLater$10(PlatformImpl.java:457) ~[javafx-graphics-18.0.2-win.jar:?]
	at java.security.AccessController.doPrivileged(AccessController.java:399) ~[?:?]
	at com.sun.javafx.application.PlatformImpl.lambda$runLater$11(PlatformImpl.java:456) ~[javafx-graphics-18.0.2-win.jar:?]
	at com.sun.glass.ui.InvokeLaterDispatcher$Future.run(InvokeLaterDispatcher.java:96) ~[javafx-graphics-18.0.2-win.jar:?]
	at com.sun.glass.ui.win.WinApplication._runLoop(Native Method) ~[javafx-graphics-18.0.2-win.jar:?]
	at com.sun.glass.ui.win.WinApplication.lambda$runLoop$3(WinApplication.java:184) ~[javafx-graphics-18.0.2-win.jar:?]
	at java.lang.Thread.run(Thread.java:833) ~[?:?]
Caused by: org.h2.mvstore.MVStoreException: The file is locked: E:/MDMBox/StudyOnlineTool/app/data.mv.db [2.1.214/7]
	at org.h2.mvstore.DataUtils.newMVStoreException(DataUtils.java:1004) ~[h2-2.1.214.jar:?]
	at org.h2.mvstore.FileStore.open(FileStore.java:178) ~[h2-2.1.214.jar:?]
	at org.h2.mvstore.FileStore.open(FileStore.java:128) ~[h2-2.1.214.jar:?]
	at org.h2.mvstore.MVStore.<init>(MVStore.java:452) ~[h2-2.1.214.jar:?]
	at org.h2.mvstore.MVStore$Builder.open(MVStore.java:4082) ~[h2-2.1.214.jar:?]
	at org.h2.mvstore.db.Store.<init>(Store.java:136) ~[h2-2.1.214.jar:?]
	... 29 more
2022-09-09 12:27:21,813 ERROR [JavaFX Application Thread] service.DBService (DBService.java:80) - org.h2.jdbc.JdbcSQLNonTransientConnectionException: Database may be already in use: "E:/MDMBox/StudyOnlineTool/app/data.mv.db". Possible solutions: close all other connection(s); use the server mode [90020-214]
java.lang.RuntimeException: org.h2.jdbc.JdbcSQLNonTransientConnectionException: Database may be already in use: "E:/MDMBox/StudyOnlineTool/app/data.mv.db". Possible solutions: close all other connection(s); use the server mode [90020-214]
	at com.tangrun.mdm.boxwindow.service.DBService.getConnection(DBService.java:40) ~[classes/:?]
	at com.tangrun.mdm.boxwindow.service.DBService.executeUpdate(DBService.java:75) ~[classes/:?]
	at com.tangrun.mdm.boxwindow.service.DBService.executeUpdateResult(DBService.java:71) ~[classes/:?]
	at com.tangrun.mdm.boxwindow.dao.AppConfigService.setConfig(AppConfigService.java:54) ~[classes/:?]
	at com.tangrun.mdm.boxwindow.dao.AppConfigService.setAppUseTime(AppConfigService.java:30) ~[classes/:?]
	at com.tangrun.mdm.boxwindow.service.ConfigService.onEvent(ConfigService.java:49) ~[classes/:?]
	at com.tangrun.mdm.boxwindow.core.BaseListenerLifecycleObserver$LifecycleWrapperListener.onEvent(BaseListenerLifecycleObserver.java:47) ~[classes/:?]
	at com.tangrun.mdm.boxwindow.core.BaseListenerLifecycleObserver.onEvent(BaseListenerLifecycleObserver.java:14) ~[classes/:?]
	at com.tangrun.mdm.boxwindow.core.ApplicationContext.onEvent(ApplicationContext.java:50) ~[classes/:?]
	at com.tangrun.mdm.boxwindow.core.JavaFXApplication.stop(JavaFXApplication.java:55) ~[classes/:?]
	at com.sun.javafx.application.LauncherImpl.lambda$launchApplication1$10(LauncherImpl.java:866) ~[javafx-graphics-18.0.2-win.jar:?]
	at com.sun.javafx.application.PlatformImpl.lambda$runAndWait$12(PlatformImpl.java:484) ~[javafx-graphics-18.0.2-win.jar:?]
	at com.sun.javafx.application.PlatformImpl.lambda$runLater$10(PlatformImpl.java:457) ~[javafx-graphics-18.0.2-win.jar:?]
	at java.security.AccessController.doPrivileged(AccessController.java:399) ~[?:?]
	at com.sun.javafx.application.PlatformImpl.lambda$runLater$11(PlatformImpl.java:456) ~[javafx-graphics-18.0.2-win.jar:?]
	at com.sun.glass.ui.InvokeLaterDispatcher$Future.run(InvokeLaterDispatcher.java:96) ~[javafx-graphics-18.0.2-win.jar:?]
	at com.sun.glass.ui.win.WinApplication._runLoop(Native Method) ~[javafx-graphics-18.0.2-win.jar:?]
	at com.sun.glass.ui.win.WinApplication.lambda$runLoop$3(WinApplication.java:184) ~[javafx-graphics-18.0.2-win.jar:?]
	at java.lang.Thread.run(Thread.java:833) ~[?:?]
Caused by: org.h2.jdbc.JdbcSQLNonTransientConnectionException: Database may be already in use: "E:/MDMBox/StudyOnlineTool/app/data.mv.db". Possible solutions: close all other connection(s); use the server mode [90020-214]
	at org.h2.message.DbException.getJdbcSQLException(DbException.java:678) ~[h2-2.1.214.jar:?]
	at org.h2.message.DbException.getJdbcSQLException(DbException.java:477) ~[h2-2.1.214.jar:?]
	at org.h2.message.DbException.get(DbException.java:212) ~[h2-2.1.214.jar:?]
	at org.h2.mvstore.db.Store.convertMVStoreException(Store.java:168) ~[h2-2.1.214.jar:?]
	at org.h2.mvstore.db.Store.<init>(Store.java:145) ~[h2-2.1.214.jar:?]
	at org.h2.engine.Database.<init>(Database.java:324) ~[h2-2.1.214.jar:?]
	at org.h2.engine.Engine.openSession(Engine.java:92) ~[h2-2.1.214.jar:?]
	at org.h2.engine.Engine.openSession(Engine.java:222) ~[h2-2.1.214.jar:?]
	at org.h2.engine.Engine.createSession(Engine.java:201) ~[h2-2.1.214.jar:?]
	at org.h2.engine.SessionRemote.connectEmbeddedOrServer(SessionRemote.java:338) ~[h2-2.1.214.jar:?]
	at org.h2.jdbc.JdbcConnection.<init>(JdbcConnection.java:122) ~[h2-2.1.214.jar:?]
	at org.h2.jdbcx.JdbcDataSource.getXAConnection(JdbcDataSource.java:322) ~[h2-2.1.214.jar:?]
	at org.h2.jdbcx.JdbcDataSource.getPooledConnection(JdbcDataSource.java:352) ~[h2-2.1.214.jar:?]
	at org.h2.jdbcx.JdbcConnectionPool.getConnectionNow(JdbcConnectionPool.java:233) ~[h2-2.1.214.jar:?]
	at org.h2.jdbcx.JdbcConnectionPool.getConnection(JdbcConnectionPool.java:198) ~[h2-2.1.214.jar:?]
	at com.tangrun.mdm.boxwindow.service.DBService.getConnection(DBService.java:37) ~[classes/:?]
	... 18 more
Caused by: org.h2.mvstore.MVStoreException: The file is locked: E:/MDMBox/StudyOnlineTool/app/data.mv.db [2.1.214/7]
	at org.h2.mvstore.DataUtils.newMVStoreException(DataUtils.java:1004) ~[h2-2.1.214.jar:?]
	at org.h2.mvstore.FileStore.open(FileStore.java:178) ~[h2-2.1.214.jar:?]
	at org.h2.mvstore.FileStore.open(FileStore.java:128) ~[h2-2.1.214.jar:?]
	at org.h2.mvstore.MVStore.<init>(MVStore.java:452) ~[h2-2.1.214.jar:?]
	at org.h2.mvstore.MVStore$Builder.open(MVStore.java:4082) ~[h2-2.1.214.jar:?]
	at org.h2.mvstore.db.Store.<init>(Store.java:136) ~[h2-2.1.214.jar:?]
	at org.h2.engine.Database.<init>(Database.java:324) ~[h2-2.1.214.jar:?]
	at org.h2.engine.Engine.openSession(Engine.java:92) ~[h2-2.1.214.jar:?]
	at org.h2.engine.Engine.openSession(Engine.java:222) ~[h2-2.1.214.jar:?]
	at org.h2.engine.Engine.createSession(Engine.java:201) ~[h2-2.1.214.jar:?]
	at org.h2.engine.SessionRemote.connectEmbeddedOrServer(SessionRemote.java:338) ~[h2-2.1.214.jar:?]
	at org.h2.jdbc.JdbcConnection.<init>(JdbcConnection.java:122) ~[h2-2.1.214.jar:?]
	at org.h2.jdbcx.JdbcDataSource.getXAConnection(JdbcDataSource.java:322) ~[h2-2.1.214.jar:?]
	at org.h2.jdbcx.JdbcDataSource.getPooledConnection(JdbcDataSource.java:352) ~[h2-2.1.214.jar:?]
	at org.h2.jdbcx.JdbcConnectionPool.getConnectionNow(JdbcConnectionPool.java:233) ~[h2-2.1.214.jar:?]
	at org.h2.jdbcx.JdbcConnectionPool.getConnection(JdbcConnectionPool.java:198) ~[h2-2.1.214.jar:?]
	at com.tangrun.mdm.boxwindow.service.DBService.getConnection(DBService.java:37) ~[classes/:?]
	... 18 more
2022-09-09 13:09:24,973 ERROR [pool-3-thread-1] service.DBService (DBService.java:39) - Database may be already in use: "E:/MDMBox/StudyOnlineTool/app/data.mv.db". Possible solutions: close all other connection(s); use the server mode [90020-214]
org.h2.jdbc.JdbcSQLNonTransientConnectionException: Database may be already in use: "E:/MDMBox/StudyOnlineTool/app/data.mv.db". Possible solutions: close all other connection(s); use the server mode [90020-214]
	at org.h2.message.DbException.getJdbcSQLException(DbException.java:678) ~[h2-2.1.214.jar:?]
	at org.h2.message.DbException.getJdbcSQLException(DbException.java:477) ~[h2-2.1.214.jar:?]
	at org.h2.message.DbException.get(DbException.java:212) ~[h2-2.1.214.jar:?]
	at org.h2.mvstore.db.Store.convertMVStoreException(Store.java:168) ~[h2-2.1.214.jar:?]
	at org.h2.mvstore.db.Store.<init>(Store.java:145) ~[h2-2.1.214.jar:?]
	at org.h2.engine.Database.<init>(Database.java:324) ~[h2-2.1.214.jar:?]
	at org.h2.engine.Engine.openSession(Engine.java:92) ~[h2-2.1.214.jar:?]
	at org.h2.engine.Engine.openSession(Engine.java:222) ~[h2-2.1.214.jar:?]
	at org.h2.engine.Engine.createSession(Engine.java:201) ~[h2-2.1.214.jar:?]
	at org.h2.engine.SessionRemote.connectEmbeddedOrServer(SessionRemote.java:338) ~[h2-2.1.214.jar:?]
	at org.h2.jdbc.JdbcConnection.<init>(JdbcConnection.java:122) ~[h2-2.1.214.jar:?]
	at org.h2.jdbcx.JdbcDataSource.getXAConnection(JdbcDataSource.java:322) ~[h2-2.1.214.jar:?]
	at org.h2.jdbcx.JdbcDataSource.getPooledConnection(JdbcDataSource.java:352) ~[h2-2.1.214.jar:?]
	at org.h2.jdbcx.JdbcConnectionPool.getConnectionNow(JdbcConnectionPool.java:233) ~[h2-2.1.214.jar:?]
	at org.h2.jdbcx.JdbcConnectionPool.getConnection(JdbcConnectionPool.java:198) ~[h2-2.1.214.jar:?]
	at com.tangrun.mdm.boxwindow.service.DBService.getConnection(DBService.java:37) ~[classes/:?]
	at com.tangrun.mdm.boxwindow.service.DBService.execute(DBService.java:86) ~[classes/:?]
	at com.tangrun.mdm.boxwindow.service.DBService.initTable(DBService.java:96) ~[classes/:?]
	at com.tangrun.mdm.boxwindow.controller.MainController$1$1.run(MainController.java:140) ~[classes/:?]
	at java.util.concurrent.ThreadPoolExecutor.runWorker(ThreadPoolExecutor.java:1136) ~[?:?]
	at java.util.concurrent.ThreadPoolExecutor$Worker.run(ThreadPoolExecutor.java:635) ~[?:?]
	at java.lang.Thread.run(Thread.java:833) ~[?:?]
Caused by: org.h2.mvstore.MVStoreException: The file is locked: E:/MDMBox/StudyOnlineTool/app/data.mv.db [2.1.214/7]
	at org.h2.mvstore.DataUtils.newMVStoreException(DataUtils.java:1004) ~[h2-2.1.214.jar:?]
	at org.h2.mvstore.FileStore.open(FileStore.java:178) ~[h2-2.1.214.jar:?]
	at org.h2.mvstore.FileStore.open(FileStore.java:128) ~[h2-2.1.214.jar:?]
	at org.h2.mvstore.MVStore.<init>(MVStore.java:452) ~[h2-2.1.214.jar:?]
	at org.h2.mvstore.MVStore$Builder.open(MVStore.java:4082) ~[h2-2.1.214.jar:?]
	at org.h2.mvstore.db.Store.<init>(Store.java:136) ~[h2-2.1.214.jar:?]
	... 17 more
2022-09-09 13:09:24,990 ERROR [pool-3-thread-1] service.DBService (DBService.java:90) - org.h2.jdbc.JdbcSQLNonTransientConnectionException: Database may be already in use: "E:/MDMBox/StudyOnlineTool/app/data.mv.db". Possible solutions: close all other connection(s); use the server mode [90020-214]
java.lang.RuntimeException: org.h2.jdbc.JdbcSQLNonTransientConnectionException: Database may be already in use: "E:/MDMBox/StudyOnlineTool/app/data.mv.db". Possible solutions: close all other connection(s); use the server mode [90020-214]
	at com.tangrun.mdm.boxwindow.service.DBService.getConnection(DBService.java:40) ~[classes/:?]
	at com.tangrun.mdm.boxwindow.service.DBService.execute(DBService.java:86) ~[classes/:?]
	at com.tangrun.mdm.boxwindow.service.DBService.initTable(DBService.java:96) ~[classes/:?]
	at com.tangrun.mdm.boxwindow.controller.MainController$1$1.run(MainController.java:140) ~[classes/:?]
	at java.util.concurrent.ThreadPoolExecutor.runWorker(ThreadPoolExecutor.java:1136) ~[?:?]
	at java.util.concurrent.ThreadPoolExecutor$Worker.run(ThreadPoolExecutor.java:635) ~[?:?]
	at java.lang.Thread.run(Thread.java:833) ~[?:?]
Caused by: org.h2.jdbc.JdbcSQLNonTransientConnectionException: Database may be already in use: "E:/MDMBox/StudyOnlineTool/app/data.mv.db". Possible solutions: close all other connection(s); use the server mode [90020-214]
	at org.h2.message.DbException.getJdbcSQLException(DbException.java:678) ~[h2-2.1.214.jar:?]
	at org.h2.message.DbException.getJdbcSQLException(DbException.java:477) ~[h2-2.1.214.jar:?]
	at org.h2.message.DbException.get(DbException.java:212) ~[h2-2.1.214.jar:?]
	at org.h2.mvstore.db.Store.convertMVStoreException(Store.java:168) ~[h2-2.1.214.jar:?]
	at org.h2.mvstore.db.Store.<init>(Store.java:145) ~[h2-2.1.214.jar:?]
	at org.h2.engine.Database.<init>(Database.java:324) ~[h2-2.1.214.jar:?]
	at org.h2.engine.Engine.openSession(Engine.java:92) ~[h2-2.1.214.jar:?]
	at org.h2.engine.Engine.openSession(Engine.java:222) ~[h2-2.1.214.jar:?]
	at org.h2.engine.Engine.createSession(Engine.java:201) ~[h2-2.1.214.jar:?]
	at org.h2.engine.SessionRemote.connectEmbeddedOrServer(SessionRemote.java:338) ~[h2-2.1.214.jar:?]
	at org.h2.jdbc.JdbcConnection.<init>(JdbcConnection.java:122) ~[h2-2.1.214.jar:?]
	at org.h2.jdbcx.JdbcDataSource.getXAConnection(JdbcDataSource.java:322) ~[h2-2.1.214.jar:?]
	at org.h2.jdbcx.JdbcDataSource.getPooledConnection(JdbcDataSource.java:352) ~[h2-2.1.214.jar:?]
	at org.h2.jdbcx.JdbcConnectionPool.getConnectionNow(JdbcConnectionPool.java:233) ~[h2-2.1.214.jar:?]
	at org.h2.jdbcx.JdbcConnectionPool.getConnection(JdbcConnectionPool.java:198) ~[h2-2.1.214.jar:?]
	at com.tangrun.mdm.boxwindow.service.DBService.getConnection(DBService.java:37) ~[classes/:?]
	... 6 more
Caused by: org.h2.mvstore.MVStoreException: The file is locked: E:/MDMBox/StudyOnlineTool/app/data.mv.db [2.1.214/7]
	at org.h2.mvstore.DataUtils.newMVStoreException(DataUtils.java:1004) ~[h2-2.1.214.jar:?]
	at org.h2.mvstore.FileStore.open(FileStore.java:178) ~[h2-2.1.214.jar:?]
	at org.h2.mvstore.FileStore.open(FileStore.java:128) ~[h2-2.1.214.jar:?]
	at org.h2.mvstore.MVStore.<init>(MVStore.java:452) ~[h2-2.1.214.jar:?]
	at org.h2.mvstore.MVStore$Builder.open(MVStore.java:4082) ~[h2-2.1.214.jar:?]
	at org.h2.mvstore.db.Store.<init>(Store.java:136) ~[h2-2.1.214.jar:?]
	at org.h2.engine.Database.<init>(Database.java:324) ~[h2-2.1.214.jar:?]
	at org.h2.engine.Engine.openSession(Engine.java:92) ~[h2-2.1.214.jar:?]
	at org.h2.engine.Engine.openSession(Engine.java:222) ~[h2-2.1.214.jar:?]
	at org.h2.engine.Engine.createSession(Engine.java:201) ~[h2-2.1.214.jar:?]
	at org.h2.engine.SessionRemote.connectEmbeddedOrServer(SessionRemote.java:338) ~[h2-2.1.214.jar:?]
	at org.h2.jdbc.JdbcConnection.<init>(JdbcConnection.java:122) ~[h2-2.1.214.jar:?]
	at org.h2.jdbcx.JdbcDataSource.getXAConnection(JdbcDataSource.java:322) ~[h2-2.1.214.jar:?]
	at org.h2.jdbcx.JdbcDataSource.getPooledConnection(JdbcDataSource.java:352) ~[h2-2.1.214.jar:?]
	at org.h2.jdbcx.JdbcConnectionPool.getConnectionNow(JdbcConnectionPool.java:233) ~[h2-2.1.214.jar:?]
	at org.h2.jdbcx.JdbcConnectionPool.getConnection(JdbcConnectionPool.java:198) ~[h2-2.1.214.jar:?]
	at com.tangrun.mdm.boxwindow.service.DBService.getConnection(DBService.java:37) ~[classes/:?]
	... 6 more
2022-09-09 13:09:24,992 ERROR [pool-3-thread-1] service.DBService (DBService.java:101) - create version table error.
2022-09-09 13:16:44,256 ERROR [pool-3-thread-1] boxwindow.Launcher$1 (Launcher.java:20) - Cannot invoke "javafx.scene.image.ImageView.getImage()" because "this.this$0.ivXM" is null
java.lang.NullPointerException: Cannot invoke "javafx.scene.image.ImageView.getImage()" because "this.this$0.ivXM" is null
	at com.tangrun.mdm.boxwindow.controller.TipUSBDebugGuideController$1.run(TipUSBDebugGuideController.java:30) ~[classes/:?]
	at java.util.concurrent.ThreadPoolExecutor.runWorker(ThreadPoolExecutor.java:1136) ~[?:?]
	at java.util.concurrent.ThreadPoolExecutor$Worker.run(ThreadPoolExecutor.java:635) ~[?:?]
	at java.lang.Thread.run(Thread.java:833) ~[?:?]
2022-09-09 13:16:44,804 ERROR [pool-3-thread-2] boxwindow.Launcher$1 (Launcher.java:20) - Cannot invoke "javafx.scene.image.ImageView.setImage(javafx.scene.image.Image)" because "this.this$0.ivXM" is null
java.lang.NullPointerException: Cannot invoke "javafx.scene.image.ImageView.setImage(javafx.scene.image.Image)" because "this.this$0.ivXM" is null
	at com.tangrun.mdm.boxwindow.controller.TipUSBDebugGuideController$2.run(TipUSBDebugGuideController.java:39) ~[classes/:?]
	at java.util.concurrent.ThreadPoolExecutor.runWorker(ThreadPoolExecutor.java:1136) ~[?:?]
	at java.util.concurrent.ThreadPoolExecutor$Worker.run(ThreadPoolExecutor.java:635) ~[?:?]
	at java.lang.Thread.run(Thread.java:833) ~[?:?]
2022-09-09 13:43:19,804 ERROR [pool-3-thread-1] service.DBService (DBService.java:39) - Database may be already in use: "E:/MDMBox/StudyOnlineTool/app/data.mv.db". Possible solutions: close all other connection(s); use the server mode [90020-214]
org.h2.jdbc.JdbcSQLNonTransientConnectionException: Database may be already in use: "E:/MDMBox/StudyOnlineTool/app/data.mv.db". Possible solutions: close all other connection(s); use the server mode [90020-214]
	at org.h2.message.DbException.getJdbcSQLException(DbException.java:678) ~[h2-2.1.214.jar:?]
	at org.h2.message.DbException.getJdbcSQLException(DbException.java:477) ~[h2-2.1.214.jar:?]
	at org.h2.message.DbException.get(DbException.java:212) ~[h2-2.1.214.jar:?]
	at org.h2.mvstore.db.Store.convertMVStoreException(Store.java:168) ~[h2-2.1.214.jar:?]
	at org.h2.mvstore.db.Store.<init>(Store.java:145) ~[h2-2.1.214.jar:?]
	at org.h2.engine.Database.<init>(Database.java:324) ~[h2-2.1.214.jar:?]
	at org.h2.engine.Engine.openSession(Engine.java:92) ~[h2-2.1.214.jar:?]
	at org.h2.engine.Engine.openSession(Engine.java:222) ~[h2-2.1.214.jar:?]
	at org.h2.engine.Engine.createSession(Engine.java:201) ~[h2-2.1.214.jar:?]
	at org.h2.engine.SessionRemote.connectEmbeddedOrServer(SessionRemote.java:338) ~[h2-2.1.214.jar:?]
	at org.h2.jdbc.JdbcConnection.<init>(JdbcConnection.java:122) ~[h2-2.1.214.jar:?]
	at org.h2.jdbcx.JdbcDataSource.getXAConnection(JdbcDataSource.java:322) ~[h2-2.1.214.jar:?]
	at org.h2.jdbcx.JdbcDataSource.getPooledConnection(JdbcDataSource.java:352) ~[h2-2.1.214.jar:?]
	at org.h2.jdbcx.JdbcConnectionPool.getConnectionNow(JdbcConnectionPool.java:233) ~[h2-2.1.214.jar:?]
	at org.h2.jdbcx.JdbcConnectionPool.getConnection(JdbcConnectionPool.java:198) ~[h2-2.1.214.jar:?]
	at com.tangrun.mdm.boxwindow.service.DBService.getConnection(DBService.java:37) ~[classes/:?]
	at com.tangrun.mdm.boxwindow.service.DBService.execute(DBService.java:86) ~[classes/:?]
	at com.tangrun.mdm.boxwindow.service.DBService.initTable(DBService.java:96) ~[classes/:?]
	at com.tangrun.mdm.boxwindow.controller.MainController$2$1.run(MainController.java:159) ~[classes/:?]
	at java.util.concurrent.ThreadPoolExecutor.runWorker(ThreadPoolExecutor.java:1136) ~[?:?]
	at java.util.concurrent.ThreadPoolExecutor$Worker.run(ThreadPoolExecutor.java:635) ~[?:?]
	at java.lang.Thread.run(Thread.java:833) ~[?:?]
Caused by: org.h2.mvstore.MVStoreException: The file is locked: E:/MDMBox/StudyOnlineTool/app/data.mv.db [2.1.214/7]
	at org.h2.mvstore.DataUtils.newMVStoreException(DataUtils.java:1004) ~[h2-2.1.214.jar:?]
	at org.h2.mvstore.FileStore.open(FileStore.java:178) ~[h2-2.1.214.jar:?]
	at org.h2.mvstore.FileStore.open(FileStore.java:128) ~[h2-2.1.214.jar:?]
	at org.h2.mvstore.MVStore.<init>(MVStore.java:452) ~[h2-2.1.214.jar:?]
	at org.h2.mvstore.MVStore$Builder.open(MVStore.java:4082) ~[h2-2.1.214.jar:?]
	at org.h2.mvstore.db.Store.<init>(Store.java:136) ~[h2-2.1.214.jar:?]
	... 17 more
2022-09-09 13:43:19,822 ERROR [pool-3-thread-1] service.DBService (DBService.java:90) - org.h2.jdbc.JdbcSQLNonTransientConnectionException: Database may be already in use: "E:/MDMBox/StudyOnlineTool/app/data.mv.db". Possible solutions: close all other connection(s); use the server mode [90020-214]
java.lang.RuntimeException: org.h2.jdbc.JdbcSQLNonTransientConnectionException: Database may be already in use: "E:/MDMBox/StudyOnlineTool/app/data.mv.db". Possible solutions: close all other connection(s); use the server mode [90020-214]
	at com.tangrun.mdm.boxwindow.service.DBService.getConnection(DBService.java:40) ~[classes/:?]
	at com.tangrun.mdm.boxwindow.service.DBService.execute(DBService.java:86) ~[classes/:?]
	at com.tangrun.mdm.boxwindow.service.DBService.initTable(DBService.java:96) ~[classes/:?]
	at com.tangrun.mdm.boxwindow.controller.MainController$2$1.run(MainController.java:159) ~[classes/:?]
	at java.util.concurrent.ThreadPoolExecutor.runWorker(ThreadPoolExecutor.java:1136) ~[?:?]
	at java.util.concurrent.ThreadPoolExecutor$Worker.run(ThreadPoolExecutor.java:635) ~[?:?]
	at java.lang.Thread.run(Thread.java:833) ~[?:?]
Caused by: org.h2.jdbc.JdbcSQLNonTransientConnectionException: Database may be already in use: "E:/MDMBox/StudyOnlineTool/app/data.mv.db". Possible solutions: close all other connection(s); use the server mode [90020-214]
	at org.h2.message.DbException.getJdbcSQLException(DbException.java:678) ~[h2-2.1.214.jar:?]
	at org.h2.message.DbException.getJdbcSQLException(DbException.java:477) ~[h2-2.1.214.jar:?]
	at org.h2.message.DbException.get(DbException.java:212) ~[h2-2.1.214.jar:?]
	at org.h2.mvstore.db.Store.convertMVStoreException(Store.java:168) ~[h2-2.1.214.jar:?]
	at org.h2.mvstore.db.Store.<init>(Store.java:145) ~[h2-2.1.214.jar:?]
	at org.h2.engine.Database.<init>(Database.java:324) ~[h2-2.1.214.jar:?]
	at org.h2.engine.Engine.openSession(Engine.java:92) ~[h2-2.1.214.jar:?]
	at org.h2.engine.Engine.openSession(Engine.java:222) ~[h2-2.1.214.jar:?]
	at org.h2.engine.Engine.createSession(Engine.java:201) ~[h2-2.1.214.jar:?]
	at org.h2.engine.SessionRemote.connectEmbeddedOrServer(SessionRemote.java:338) ~[h2-2.1.214.jar:?]
	at org.h2.jdbc.JdbcConnection.<init>(JdbcConnection.java:122) ~[h2-2.1.214.jar:?]
	at org.h2.jdbcx.JdbcDataSource.getXAConnection(JdbcDataSource.java:322) ~[h2-2.1.214.jar:?]
	at org.h2.jdbcx.JdbcDataSource.getPooledConnection(JdbcDataSource.java:352) ~[h2-2.1.214.jar:?]
	at org.h2.jdbcx.JdbcConnectionPool.getConnectionNow(JdbcConnectionPool.java:233) ~[h2-2.1.214.jar:?]
	at org.h2.jdbcx.JdbcConnectionPool.getConnection(JdbcConnectionPool.java:198) ~[h2-2.1.214.jar:?]
	at com.tangrun.mdm.boxwindow.service.DBService.getConnection(DBService.java:37) ~[classes/:?]
	... 6 more
Caused by: org.h2.mvstore.MVStoreException: The file is locked: E:/MDMBox/StudyOnlineTool/app/data.mv.db [2.1.214/7]
	at org.h2.mvstore.DataUtils.newMVStoreException(DataUtils.java:1004) ~[h2-2.1.214.jar:?]
	at org.h2.mvstore.FileStore.open(FileStore.java:178) ~[h2-2.1.214.jar:?]
	at org.h2.mvstore.FileStore.open(FileStore.java:128) ~[h2-2.1.214.jar:?]
	at org.h2.mvstore.MVStore.<init>(MVStore.java:452) ~[h2-2.1.214.jar:?]
	at org.h2.mvstore.MVStore$Builder.open(MVStore.java:4082) ~[h2-2.1.214.jar:?]
	at org.h2.mvstore.db.Store.<init>(Store.java:136) ~[h2-2.1.214.jar:?]
	at org.h2.engine.Database.<init>(Database.java:324) ~[h2-2.1.214.jar:?]
	at org.h2.engine.Engine.openSession(Engine.java:92) ~[h2-2.1.214.jar:?]
	at org.h2.engine.Engine.openSession(Engine.java:222) ~[h2-2.1.214.jar:?]
	at org.h2.engine.Engine.createSession(Engine.java:201) ~[h2-2.1.214.jar:?]
	at org.h2.engine.SessionRemote.connectEmbeddedOrServer(SessionRemote.java:338) ~[h2-2.1.214.jar:?]
	at org.h2.jdbc.JdbcConnection.<init>(JdbcConnection.java:122) ~[h2-2.1.214.jar:?]
	at org.h2.jdbcx.JdbcDataSource.getXAConnection(JdbcDataSource.java:322) ~[h2-2.1.214.jar:?]
	at org.h2.jdbcx.JdbcDataSource.getPooledConnection(JdbcDataSource.java:352) ~[h2-2.1.214.jar:?]
	at org.h2.jdbcx.JdbcConnectionPool.getConnectionNow(JdbcConnectionPool.java:233) ~[h2-2.1.214.jar:?]
	at org.h2.jdbcx.JdbcConnectionPool.getConnection(JdbcConnectionPool.java:198) ~[h2-2.1.214.jar:?]
	at com.tangrun.mdm.boxwindow.service.DBService.getConnection(DBService.java:37) ~[classes/:?]
	... 6 more
2022-09-09 13:43:19,825 ERROR [pool-3-thread-1] service.DBService (DBService.java:101) - create version table error.
2022-09-09 13:43:21,631 ERROR [JavaFX Application Thread] service.DBService (DBService.java:39) - Database may be already in use: "E:/MDMBox/StudyOnlineTool/app/data.mv.db". Possible solutions: close all other connection(s); use the server mode [90020-214]
org.h2.jdbc.JdbcSQLNonTransientConnectionException: Database may be already in use: "E:/MDMBox/StudyOnlineTool/app/data.mv.db". Possible solutions: close all other connection(s); use the server mode [90020-214]
	at org.h2.message.DbException.getJdbcSQLException(DbException.java:678) ~[h2-2.1.214.jar:?]
	at org.h2.message.DbException.getJdbcSQLException(DbException.java:477) ~[h2-2.1.214.jar:?]
	at org.h2.message.DbException.get(DbException.java:212) ~[h2-2.1.214.jar:?]
	at org.h2.mvstore.db.Store.convertMVStoreException(Store.java:168) ~[h2-2.1.214.jar:?]
	at org.h2.mvstore.db.Store.<init>(Store.java:145) ~[h2-2.1.214.jar:?]
	at org.h2.engine.Database.<init>(Database.java:324) ~[h2-2.1.214.jar:?]
	at org.h2.engine.Engine.openSession(Engine.java:92) ~[h2-2.1.214.jar:?]
	at org.h2.engine.Engine.openSession(Engine.java:222) ~[h2-2.1.214.jar:?]
	at org.h2.engine.Engine.createSession(Engine.java:201) ~[h2-2.1.214.jar:?]
	at org.h2.engine.SessionRemote.connectEmbeddedOrServer(SessionRemote.java:338) ~[h2-2.1.214.jar:?]
	at org.h2.jdbc.JdbcConnection.<init>(JdbcConnection.java:122) ~[h2-2.1.214.jar:?]
	at org.h2.jdbcx.JdbcDataSource.getXAConnection(JdbcDataSource.java:322) ~[h2-2.1.214.jar:?]
	at org.h2.jdbcx.JdbcDataSource.getPooledConnection(JdbcDataSource.java:352) ~[h2-2.1.214.jar:?]
	at org.h2.jdbcx.JdbcConnectionPool.getConnectionNow(JdbcConnectionPool.java:233) ~[h2-2.1.214.jar:?]
	at org.h2.jdbcx.JdbcConnectionPool.getConnection(JdbcConnectionPool.java:198) ~[h2-2.1.214.jar:?]
	at com.tangrun.mdm.boxwindow.service.DBService.getConnection(DBService.java:37) ~[classes/:?]
	at com.tangrun.mdm.boxwindow.service.DBService.executeQuery(DBService.java:54) ~[classes/:?]
	at com.tangrun.mdm.boxwindow.service.DBService.executeQueryFirst(DBService.java:49) ~[classes/:?]
	at com.tangrun.mdm.boxwindow.service.DBService.executeQueryFirst(DBService.java:45) ~[classes/:?]
	at com.tangrun.mdm.boxwindow.dao.AppConfigService.getConfig(AppConfigService.java:70) ~[classes/:?]
	at com.tangrun.mdm.boxwindow.dao.AppConfigService.getConfigLong(AppConfigService.java:90) ~[classes/:?]
	at com.tangrun.mdm.boxwindow.dao.AppConfigService.setAppUseTime(AppConfigService.java:27) ~[classes/:?]
	at com.tangrun.mdm.boxwindow.service.ConfigService.onEvent(ConfigService.java:49) ~[classes/:?]
	at com.tangrun.mdm.boxwindow.core.BaseListenerLifecycleObserver$LifecycleWrapperListener.onEvent(BaseListenerLifecycleObserver.java:47) ~[classes/:?]
	at com.tangrun.mdm.boxwindow.core.BaseListenerLifecycleObserver.onEvent(BaseListenerLifecycleObserver.java:14) ~[classes/:?]
	at com.tangrun.mdm.boxwindow.core.ApplicationContext.onEvent(ApplicationContext.java:50) ~[classes/:?]
	at com.tangrun.mdm.boxwindow.core.JavaFXApplication.stop(JavaFXApplication.java:55) ~[classes/:?]
	at com.sun.javafx.application.LauncherImpl.lambda$launchApplication1$10(LauncherImpl.java:866) ~[javafx-graphics-18.0.2-win.jar:?]
	at com.sun.javafx.application.PlatformImpl.lambda$runAndWait$12(PlatformImpl.java:484) ~[javafx-graphics-18.0.2-win.jar:?]
	at com.sun.javafx.application.PlatformImpl.lambda$runLater$10(PlatformImpl.java:457) ~[javafx-graphics-18.0.2-win.jar:?]
	at java.security.AccessController.doPrivileged(AccessController.java:399) ~[?:?]
	at com.sun.javafx.application.PlatformImpl.lambda$runLater$11(PlatformImpl.java:456) ~[javafx-graphics-18.0.2-win.jar:?]
	at com.sun.glass.ui.InvokeLaterDispatcher$Future.run(InvokeLaterDispatcher.java:96) ~[javafx-graphics-18.0.2-win.jar:?]
	at com.sun.glass.ui.win.WinApplication._runLoop(Native Method) ~[javafx-graphics-18.0.2-win.jar:?]
	at com.sun.glass.ui.win.WinApplication.lambda$runLoop$3(WinApplication.java:184) ~[javafx-graphics-18.0.2-win.jar:?]
	at java.lang.Thread.run(Thread.java:833) ~[?:?]
Caused by: org.h2.mvstore.MVStoreException: The file is locked: E:/MDMBox/StudyOnlineTool/app/data.mv.db [2.1.214/7]
	at org.h2.mvstore.DataUtils.newMVStoreException(DataUtils.java:1004) ~[h2-2.1.214.jar:?]
	at org.h2.mvstore.FileStore.open(FileStore.java:178) ~[h2-2.1.214.jar:?]
	at org.h2.mvstore.FileStore.open(FileStore.java:128) ~[h2-2.1.214.jar:?]
	at org.h2.mvstore.MVStore.<init>(MVStore.java:452) ~[h2-2.1.214.jar:?]
	at org.h2.mvstore.MVStore$Builder.open(MVStore.java:4082) ~[h2-2.1.214.jar:?]
	at org.h2.mvstore.db.Store.<init>(Store.java:136) ~[h2-2.1.214.jar:?]
	... 31 more
2022-09-09 13:43:21,632 ERROR [JavaFX Application Thread] service.DBService (DBService.java:65) - org.h2.jdbc.JdbcSQLNonTransientConnectionException: Database may be already in use: "E:/MDMBox/StudyOnlineTool/app/data.mv.db". Possible solutions: close all other connection(s); use the server mode [90020-214]
java.lang.RuntimeException: org.h2.jdbc.JdbcSQLNonTransientConnectionException: Database may be already in use: "E:/MDMBox/StudyOnlineTool/app/data.mv.db". Possible solutions: close all other connection(s); use the server mode [90020-214]
	at com.tangrun.mdm.boxwindow.service.DBService.getConnection(DBService.java:40) ~[classes/:?]
	at com.tangrun.mdm.boxwindow.service.DBService.executeQuery(DBService.java:54) ~[classes/:?]
	at com.tangrun.mdm.boxwindow.service.DBService.executeQueryFirst(DBService.java:49) ~[classes/:?]
	at com.tangrun.mdm.boxwindow.service.DBService.executeQueryFirst(DBService.java:45) ~[classes/:?]
	at com.tangrun.mdm.boxwindow.dao.AppConfigService.getConfig(AppConfigService.java:70) ~[classes/:?]
	at com.tangrun.mdm.boxwindow.dao.AppConfigService.getConfigLong(AppConfigService.java:90) ~[classes/:?]
	at com.tangrun.mdm.boxwindow.dao.AppConfigService.setAppUseTime(AppConfigService.java:27) ~[classes/:?]
	at com.tangrun.mdm.boxwindow.service.ConfigService.onEvent(ConfigService.java:49) ~[classes/:?]
	at com.tangrun.mdm.boxwindow.core.BaseListenerLifecycleObserver$LifecycleWrapperListener.onEvent(BaseListenerLifecycleObserver.java:47) ~[classes/:?]
	at com.tangrun.mdm.boxwindow.core.BaseListenerLifecycleObserver.onEvent(BaseListenerLifecycleObserver.java:14) ~[classes/:?]
	at com.tangrun.mdm.boxwindow.core.ApplicationContext.onEvent(ApplicationContext.java:50) ~[classes/:?]
	at com.tangrun.mdm.boxwindow.core.JavaFXApplication.stop(JavaFXApplication.java:55) ~[classes/:?]
	at com.sun.javafx.application.LauncherImpl.lambda$launchApplication1$10(LauncherImpl.java:866) ~[javafx-graphics-18.0.2-win.jar:?]
	at com.sun.javafx.application.PlatformImpl.lambda$runAndWait$12(PlatformImpl.java:484) ~[javafx-graphics-18.0.2-win.jar:?]
	at com.sun.javafx.application.PlatformImpl.lambda$runLater$10(PlatformImpl.java:457) ~[javafx-graphics-18.0.2-win.jar:?]
	at java.security.AccessController.doPrivileged(AccessController.java:399) ~[?:?]
	at com.sun.javafx.application.PlatformImpl.lambda$runLater$11(PlatformImpl.java:456) ~[javafx-graphics-18.0.2-win.jar:?]
	at com.sun.glass.ui.InvokeLaterDispatcher$Future.run(InvokeLaterDispatcher.java:96) ~[javafx-graphics-18.0.2-win.jar:?]
	at com.sun.glass.ui.win.WinApplication._runLoop(Native Method) ~[javafx-graphics-18.0.2-win.jar:?]
	at com.sun.glass.ui.win.WinApplication.lambda$runLoop$3(WinApplication.java:184) ~[javafx-graphics-18.0.2-win.jar:?]
	at java.lang.Thread.run(Thread.java:833) ~[?:?]
Caused by: org.h2.jdbc.JdbcSQLNonTransientConnectionException: Database may be already in use: "E:/MDMBox/StudyOnlineTool/app/data.mv.db". Possible solutions: close all other connection(s); use the server mode [90020-214]
	at org.h2.message.DbException.getJdbcSQLException(DbException.java:678) ~[h2-2.1.214.jar:?]
	at org.h2.message.DbException.getJdbcSQLException(DbException.java:477) ~[h2-2.1.214.jar:?]
	at org.h2.message.DbException.get(DbException.java:212) ~[h2-2.1.214.jar:?]
	at org.h2.mvstore.db.Store.convertMVStoreException(Store.java:168) ~[h2-2.1.214.jar:?]
	at org.h2.mvstore.db.Store.<init>(Store.java:145) ~[h2-2.1.214.jar:?]
	at org.h2.engine.Database.<init>(Database.java:324) ~[h2-2.1.214.jar:?]
	at org.h2.engine.Engine.openSession(Engine.java:92) ~[h2-2.1.214.jar:?]
	at org.h2.engine.Engine.openSession(Engine.java:222) ~[h2-2.1.214.jar:?]
	at org.h2.engine.Engine.createSession(Engine.java:201) ~[h2-2.1.214.jar:?]
	at org.h2.engine.SessionRemote.connectEmbeddedOrServer(SessionRemote.java:338) ~[h2-2.1.214.jar:?]
	at org.h2.jdbc.JdbcConnection.<init>(JdbcConnection.java:122) ~[h2-2.1.214.jar:?]
	at org.h2.jdbcx.JdbcDataSource.getXAConnection(JdbcDataSource.java:322) ~[h2-2.1.214.jar:?]
	at org.h2.jdbcx.JdbcDataSource.getPooledConnection(JdbcDataSource.java:352) ~[h2-2.1.214.jar:?]
	at org.h2.jdbcx.JdbcConnectionPool.getConnectionNow(JdbcConnectionPool.java:233) ~[h2-2.1.214.jar:?]
	at org.h2.jdbcx.JdbcConnectionPool.getConnection(JdbcConnectionPool.java:198) ~[h2-2.1.214.jar:?]
	at com.tangrun.mdm.boxwindow.service.DBService.getConnection(DBService.java:37) ~[classes/:?]
	... 20 more
Caused by: org.h2.mvstore.MVStoreException: The file is locked: E:/MDMBox/StudyOnlineTool/app/data.mv.db [2.1.214/7]
	at org.h2.mvstore.DataUtils.newMVStoreException(DataUtils.java:1004) ~[h2-2.1.214.jar:?]
	at org.h2.mvstore.FileStore.open(FileStore.java:178) ~[h2-2.1.214.jar:?]
	at org.h2.mvstore.FileStore.open(FileStore.java:128) ~[h2-2.1.214.jar:?]
	at org.h2.mvstore.MVStore.<init>(MVStore.java:452) ~[h2-2.1.214.jar:?]
	at org.h2.mvstore.MVStore$Builder.open(MVStore.java:4082) ~[h2-2.1.214.jar:?]
	at org.h2.mvstore.db.Store.<init>(Store.java:136) ~[h2-2.1.214.jar:?]
	at org.h2.engine.Database.<init>(Database.java:324) ~[h2-2.1.214.jar:?]
	at org.h2.engine.Engine.openSession(Engine.java:92) ~[h2-2.1.214.jar:?]
	at org.h2.engine.Engine.openSession(Engine.java:222) ~[h2-2.1.214.jar:?]
	at org.h2.engine.Engine.createSession(Engine.java:201) ~[h2-2.1.214.jar:?]
	at org.h2.engine.SessionRemote.connectEmbeddedOrServer(SessionRemote.java:338) ~[h2-2.1.214.jar:?]
	at org.h2.jdbc.JdbcConnection.<init>(JdbcConnection.java:122) ~[h2-2.1.214.jar:?]
	at org.h2.jdbcx.JdbcDataSource.getXAConnection(JdbcDataSource.java:322) ~[h2-2.1.214.jar:?]
	at org.h2.jdbcx.JdbcDataSource.getPooledConnection(JdbcDataSource.java:352) ~[h2-2.1.214.jar:?]
	at org.h2.jdbcx.JdbcConnectionPool.getConnectionNow(JdbcConnectionPool.java:233) ~[h2-2.1.214.jar:?]
	at org.h2.jdbcx.JdbcConnectionPool.getConnection(JdbcConnectionPool.java:198) ~[h2-2.1.214.jar:?]
	at com.tangrun.mdm.boxwindow.service.DBService.getConnection(DBService.java:37) ~[classes/:?]
	... 20 more
2022-09-09 13:43:21,653 ERROR [JavaFX Application Thread] service.DBService (DBService.java:39) - Database may be already in use: "E:/MDMBox/StudyOnlineTool/app/data.mv.db". Possible solutions: close all other connection(s); use the server mode [90020-214]
org.h2.jdbc.JdbcSQLNonTransientConnectionException: Database may be already in use: "E:/MDMBox/StudyOnlineTool/app/data.mv.db". Possible solutions: close all other connection(s); use the server mode [90020-214]
	at org.h2.message.DbException.getJdbcSQLException(DbException.java:678) ~[h2-2.1.214.jar:?]
	at org.h2.message.DbException.getJdbcSQLException(DbException.java:477) ~[h2-2.1.214.jar:?]
	at org.h2.message.DbException.get(DbException.java:212) ~[h2-2.1.214.jar:?]
	at org.h2.mvstore.db.Store.convertMVStoreException(Store.java:168) ~[h2-2.1.214.jar:?]
	at org.h2.mvstore.db.Store.<init>(Store.java:145) ~[h2-2.1.214.jar:?]
	at org.h2.engine.Database.<init>(Database.java:324) ~[h2-2.1.214.jar:?]
	at org.h2.engine.Engine.openSession(Engine.java:92) ~[h2-2.1.214.jar:?]
	at org.h2.engine.Engine.openSession(Engine.java:222) ~[h2-2.1.214.jar:?]
	at org.h2.engine.Engine.createSession(Engine.java:201) ~[h2-2.1.214.jar:?]
	at org.h2.engine.SessionRemote.connectEmbeddedOrServer(SessionRemote.java:338) ~[h2-2.1.214.jar:?]
	at org.h2.jdbc.JdbcConnection.<init>(JdbcConnection.java:122) ~[h2-2.1.214.jar:?]
	at org.h2.jdbcx.JdbcDataSource.getXAConnection(JdbcDataSource.java:322) ~[h2-2.1.214.jar:?]
	at org.h2.jdbcx.JdbcDataSource.getPooledConnection(JdbcDataSource.java:352) ~[h2-2.1.214.jar:?]
	at org.h2.jdbcx.JdbcConnectionPool.getConnectionNow(JdbcConnectionPool.java:233) ~[h2-2.1.214.jar:?]
	at org.h2.jdbcx.JdbcConnectionPool.getConnection(JdbcConnectionPool.java:198) ~[h2-2.1.214.jar:?]
	at com.tangrun.mdm.boxwindow.service.DBService.getConnection(DBService.java:37) ~[classes/:?]
	at com.tangrun.mdm.boxwindow.service.DBService.executeUpdate(DBService.java:75) ~[classes/:?]
	at com.tangrun.mdm.boxwindow.service.DBService.executeUpdateResult(DBService.java:71) ~[classes/:?]
	at com.tangrun.mdm.boxwindow.dao.AppConfigService.setConfig(AppConfigService.java:54) ~[classes/:?]
	at com.tangrun.mdm.boxwindow.dao.AppConfigService.setAppUseTime(AppConfigService.java:30) ~[classes/:?]
	at com.tangrun.mdm.boxwindow.service.ConfigService.onEvent(ConfigService.java:49) ~[classes/:?]
	at com.tangrun.mdm.boxwindow.core.BaseListenerLifecycleObserver$LifecycleWrapperListener.onEvent(BaseListenerLifecycleObserver.java:47) ~[classes/:?]
	at com.tangrun.mdm.boxwindow.core.BaseListenerLifecycleObserver.onEvent(BaseListenerLifecycleObserver.java:14) ~[classes/:?]
	at com.tangrun.mdm.boxwindow.core.ApplicationContext.onEvent(ApplicationContext.java:50) ~[classes/:?]
	at com.tangrun.mdm.boxwindow.core.JavaFXApplication.stop(JavaFXApplication.java:55) ~[classes/:?]
	at com.sun.javafx.application.LauncherImpl.lambda$launchApplication1$10(LauncherImpl.java:866) ~[javafx-graphics-18.0.2-win.jar:?]
	at com.sun.javafx.application.PlatformImpl.lambda$runAndWait$12(PlatformImpl.java:484) ~[javafx-graphics-18.0.2-win.jar:?]
	at com.sun.javafx.application.PlatformImpl.lambda$runLater$10(PlatformImpl.java:457) ~[javafx-graphics-18.0.2-win.jar:?]
	at java.security.AccessController.doPrivileged(AccessController.java:399) ~[?:?]
	at com.sun.javafx.application.PlatformImpl.lambda$runLater$11(PlatformImpl.java:456) ~[javafx-graphics-18.0.2-win.jar:?]
	at com.sun.glass.ui.InvokeLaterDispatcher$Future.run(InvokeLaterDispatcher.java:96) ~[javafx-graphics-18.0.2-win.jar:?]
	at com.sun.glass.ui.win.WinApplication._runLoop(Native Method) ~[javafx-graphics-18.0.2-win.jar:?]
	at com.sun.glass.ui.win.WinApplication.lambda$runLoop$3(WinApplication.java:184) ~[javafx-graphics-18.0.2-win.jar:?]
	at java.lang.Thread.run(Thread.java:833) ~[?:?]
Caused by: org.h2.mvstore.MVStoreException: The file is locked: E:/MDMBox/StudyOnlineTool/app/data.mv.db [2.1.214/7]
	at org.h2.mvstore.DataUtils.newMVStoreException(DataUtils.java:1004) ~[h2-2.1.214.jar:?]
	at org.h2.mvstore.FileStore.open(FileStore.java:178) ~[h2-2.1.214.jar:?]
	at org.h2.mvstore.FileStore.open(FileStore.java:128) ~[h2-2.1.214.jar:?]
	at org.h2.mvstore.MVStore.<init>(MVStore.java:452) ~[h2-2.1.214.jar:?]
	at org.h2.mvstore.MVStore$Builder.open(MVStore.java:4082) ~[h2-2.1.214.jar:?]
	at org.h2.mvstore.db.Store.<init>(Store.java:136) ~[h2-2.1.214.jar:?]
	... 29 more
2022-09-09 13:43:21,654 ERROR [JavaFX Application Thread] service.DBService (DBService.java:80) - org.h2.jdbc.JdbcSQLNonTransientConnectionException: Database may be already in use: "E:/MDMBox/StudyOnlineTool/app/data.mv.db". Possible solutions: close all other connection(s); use the server mode [90020-214]
java.lang.RuntimeException: org.h2.jdbc.JdbcSQLNonTransientConnectionException: Database may be already in use: "E:/MDMBox/StudyOnlineTool/app/data.mv.db". Possible solutions: close all other connection(s); use the server mode [90020-214]
	at com.tangrun.mdm.boxwindow.service.DBService.getConnection(DBService.java:40) ~[classes/:?]
	at com.tangrun.mdm.boxwindow.service.DBService.executeUpdate(DBService.java:75) ~[classes/:?]
	at com.tangrun.mdm.boxwindow.service.DBService.executeUpdateResult(DBService.java:71) ~[classes/:?]
	at com.tangrun.mdm.boxwindow.dao.AppConfigService.setConfig(AppConfigService.java:54) ~[classes/:?]
	at com.tangrun.mdm.boxwindow.dao.AppConfigService.setAppUseTime(AppConfigService.java:30) ~[classes/:?]
	at com.tangrun.mdm.boxwindow.service.ConfigService.onEvent(ConfigService.java:49) ~[classes/:?]
	at com.tangrun.mdm.boxwindow.core.BaseListenerLifecycleObserver$LifecycleWrapperListener.onEvent(BaseListenerLifecycleObserver.java:47) ~[classes/:?]
	at com.tangrun.mdm.boxwindow.core.BaseListenerLifecycleObserver.onEvent(BaseListenerLifecycleObserver.java:14) ~[classes/:?]
	at com.tangrun.mdm.boxwindow.core.ApplicationContext.onEvent(ApplicationContext.java:50) ~[classes/:?]
	at com.tangrun.mdm.boxwindow.core.JavaFXApplication.stop(JavaFXApplication.java:55) ~[classes/:?]
	at com.sun.javafx.application.LauncherImpl.lambda$launchApplication1$10(LauncherImpl.java:866) ~[javafx-graphics-18.0.2-win.jar:?]
	at com.sun.javafx.application.PlatformImpl.lambda$runAndWait$12(PlatformImpl.java:484) ~[javafx-graphics-18.0.2-win.jar:?]
	at com.sun.javafx.application.PlatformImpl.lambda$runLater$10(PlatformImpl.java:457) ~[javafx-graphics-18.0.2-win.jar:?]
	at java.security.AccessController.doPrivileged(AccessController.java:399) ~[?:?]
	at com.sun.javafx.application.PlatformImpl.lambda$runLater$11(PlatformImpl.java:456) ~[javafx-graphics-18.0.2-win.jar:?]
	at com.sun.glass.ui.InvokeLaterDispatcher$Future.run(InvokeLaterDispatcher.java:96) ~[javafx-graphics-18.0.2-win.jar:?]
	at com.sun.glass.ui.win.WinApplication._runLoop(Native Method) ~[javafx-graphics-18.0.2-win.jar:?]
	at com.sun.glass.ui.win.WinApplication.lambda$runLoop$3(WinApplication.java:184) ~[javafx-graphics-18.0.2-win.jar:?]
	at java.lang.Thread.run(Thread.java:833) ~[?:?]
Caused by: org.h2.jdbc.JdbcSQLNonTransientConnectionException: Database may be already in use: "E:/MDMBox/StudyOnlineTool/app/data.mv.db". Possible solutions: close all other connection(s); use the server mode [90020-214]
	at org.h2.message.DbException.getJdbcSQLException(DbException.java:678) ~[h2-2.1.214.jar:?]
	at org.h2.message.DbException.getJdbcSQLException(DbException.java:477) ~[h2-2.1.214.jar:?]
	at org.h2.message.DbException.get(DbException.java:212) ~[h2-2.1.214.jar:?]
	at org.h2.mvstore.db.Store.convertMVStoreException(Store.java:168) ~[h2-2.1.214.jar:?]
	at org.h2.mvstore.db.Store.<init>(Store.java:145) ~[h2-2.1.214.jar:?]
	at org.h2.engine.Database.<init>(Database.java:324) ~[h2-2.1.214.jar:?]
	at org.h2.engine.Engine.openSession(Engine.java:92) ~[h2-2.1.214.jar:?]
	at org.h2.engine.Engine.openSession(Engine.java:222) ~[h2-2.1.214.jar:?]
	at org.h2.engine.Engine.createSession(Engine.java:201) ~[h2-2.1.214.jar:?]
	at org.h2.engine.SessionRemote.connectEmbeddedOrServer(SessionRemote.java:338) ~[h2-2.1.214.jar:?]
	at org.h2.jdbc.JdbcConnection.<init>(JdbcConnection.java:122) ~[h2-2.1.214.jar:?]
	at org.h2.jdbcx.JdbcDataSource.getXAConnection(JdbcDataSource.java:322) ~[h2-2.1.214.jar:?]
	at org.h2.jdbcx.JdbcDataSource.getPooledConnection(JdbcDataSource.java:352) ~[h2-2.1.214.jar:?]
	at org.h2.jdbcx.JdbcConnectionPool.getConnectionNow(JdbcConnectionPool.java:233) ~[h2-2.1.214.jar:?]
	at org.h2.jdbcx.JdbcConnectionPool.getConnection(JdbcConnectionPool.java:198) ~[h2-2.1.214.jar:?]
	at com.tangrun.mdm.boxwindow.service.DBService.getConnection(DBService.java:37) ~[classes/:?]
	... 18 more
Caused by: org.h2.mvstore.MVStoreException: The file is locked: E:/MDMBox/StudyOnlineTool/app/data.mv.db [2.1.214/7]
	at org.h2.mvstore.DataUtils.newMVStoreException(DataUtils.java:1004) ~[h2-2.1.214.jar:?]
	at org.h2.mvstore.FileStore.open(FileStore.java:178) ~[h2-2.1.214.jar:?]
	at org.h2.mvstore.FileStore.open(FileStore.java:128) ~[h2-2.1.214.jar:?]
	at org.h2.mvstore.MVStore.<init>(MVStore.java:452) ~[h2-2.1.214.jar:?]
	at org.h2.mvstore.MVStore$Builder.open(MVStore.java:4082) ~[h2-2.1.214.jar:?]
	at org.h2.mvstore.db.Store.<init>(Store.java:136) ~[h2-2.1.214.jar:?]
	at org.h2.engine.Database.<init>(Database.java:324) ~[h2-2.1.214.jar:?]
	at org.h2.engine.Engine.openSession(Engine.java:92) ~[h2-2.1.214.jar:?]
	at org.h2.engine.Engine.openSession(Engine.java:222) ~[h2-2.1.214.jar:?]
	at org.h2.engine.Engine.createSession(Engine.java:201) ~[h2-2.1.214.jar:?]
	at org.h2.engine.SessionRemote.connectEmbeddedOrServer(SessionRemote.java:338) ~[h2-2.1.214.jar:?]
	at org.h2.jdbc.JdbcConnection.<init>(JdbcConnection.java:122) ~[h2-2.1.214.jar:?]
	at org.h2.jdbcx.JdbcDataSource.getXAConnection(JdbcDataSource.java:322) ~[h2-2.1.214.jar:?]
	at org.h2.jdbcx.JdbcDataSource.getPooledConnection(JdbcDataSource.java:352) ~[h2-2.1.214.jar:?]
	at org.h2.jdbcx.JdbcConnectionPool.getConnectionNow(JdbcConnectionPool.java:233) ~[h2-2.1.214.jar:?]
	at org.h2.jdbcx.JdbcConnectionPool.getConnection(JdbcConnectionPool.java:198) ~[h2-2.1.214.jar:?]
	at com.tangrun.mdm.boxwindow.service.DBService.getConnection(DBService.java:37) ~[classes/:?]
	... 18 more
