#
# A fatal error has been detected by the Java Runtime Environment:
#
#  EXCEPTION_ACCESS_VIOLATION (0xc0000005) at pc=0x00007fff2976b646, pid=13960, tid=2012
#
# JRE version: Java(TM) SE Runtime Environment (17.0.4+11) (build 17.0.4+11-LTS-179)
# Java VM: Java HotSpot(TM) 64-Bit Server VM (17.0.4+11-LTS-179, mixed mode, sharing, tiered, compressed oops, compressed class ptrs, g1 gc, windows-amd64)
# Problematic frame:
# C  [glass.dll+0x1b646]
#
# No core dump will be written. Minidumps are not enabled by default on client versions of Windows
#
# If you would like to submit a bug report, please visit:
#   https://bugreport.java.com/bugreport/crash.jsp
# The crash happened outside the Java Virtual Machine in native code.
# See problematic frame for where to report the bug.
#

---------------  S U M M A R Y ------------

Command Line: --module-path=E:\MDMBox\StudyOnlineTool\target\classes;E:\MDMBox\StudyOnlineTool\libs\commons-exec-1.3.jar;E:\MDMBox\StudyOnlineTool\libs\h2-2.1.214.jar;C:\Users\RainTang\.m2\repository\com\google\code\gson\gson\2.9.0\gson-2.9.0.jar;C:\Users\RainTang\.m2\repository\org\apache\logging\log4j\log4j-api\2.18.0\log4j-api-2.18.0.jar;C:\Users\RainTang\.m2\repository\org\openjfx\javafx-base\18.0.2\javafx-base-18.0.2-win.jar;C:\Users\RainTang\.m2\repository\org\openjfx\javafx-controls\18.0.2\javafx-controls-18.0.2-win.jar;C:\Users\RainTang\.m2\repository\org\openjfx\javafx-fxml\18.0.2\javafx-fxml-18.0.2-win.jar;C:\Users\RainTang\.m2\repository\org\openjfx\javafx-graphics\18.0.2\javafx-graphics-18.0.2-win.jar --add-modules=StudyOnlineTool -Djdk.module.main=StudyOnlineTool StudyOnlineTool/com.tangrun.mdm.boxwindow.Launcher

Host: Intel(R) Core(TM) i7-4710MQ CPU @ 2.50GHz, 8 cores, 7G,  Windows 10 , 64 bit Build 19041 (10.0.19041.1889)
Time: Sun Sep  4 19:46:43 2022  Windows 10 , 64 bit Build 19041 (10.0.19041.1889) elapsed time: 9.121014 seconds (0d 0h 0m 9s)

---------------  T H R E A D  ---------------

Current thread (0x000002c0654d64b0):  JavaThread "JavaFX Application Thread" [_thread_in_native, id=2012, stack(0x000000d786e00000,0x000000d786f00000)]

Stack: [0x000000d786e00000,0x000000d786f00000],  sp=0x000000d786efdb60,  free space=1014k
Native frames: (J=compiled Java code, j=interpreted, Vv=VM code, C=native code)
C  [glass.dll+0x1b646]

Java frames: (J=compiled Java code, j=interpreted, Vv=VM code)
j  com.sun.glass.ui.win.WinWindow._close(J)Z+0 javafx.graphics@18.0.2
j  com.sun.glass.ui.Window.close()V+63 javafx.graphics@18.0.2
j  com.sun.glass.ui.win.WinWindow.close()V+8 javafx.graphics@18.0.2
j  com.sun.glass.ui.Application.terminate()V+75 javafx.graphics@18.0.2
j  com.sun.javafx.tk.quantum.QuantumToolkit.lambda$exit$13()Ljava/lang/Object;+5 javafx.graphics@18.0.2
j  com.sun.javafx.tk.quantum.QuantumToolkit$$Lambda$695+0x0000000801028ef8.get()Ljava/lang/Object;+0 javafx.graphics@18.0.2
j  com.sun.javafx.tk.quantum.QuantumToolkit.runWithRenderLock(Ljava/util/function/Supplier;)Ljava/lang/Object;+7 javafx.graphics@18.0.2
j  com.sun.javafx.tk.quantum.QuantumToolkit.exit()V+26 javafx.graphics@18.0.2
j  com.sun.javafx.application.PlatformImpl.lambda$tkExit$16()V+3 javafx.graphics@18.0.2
j  com.sun.javafx.application.PlatformImpl$$Lambda$694+0x0000000801028ce0.run()V+0 javafx.graphics@18.0.2
j  com.sun.javafx.application.PlatformImpl.lambda$runAndWait$12(Ljava/lang/Runnable;Ljava/util/concurrent/CountDownLatch;)V+1 javafx.graphics@18.0.2
j  com.sun.javafx.application.PlatformImpl$$Lambda$190+0x0000000800d86c48.run()V+8 javafx.graphics@18.0.2
j  com.sun.javafx.application.PlatformImpl.lambda$runLater$10(Ljava/lang/Runnable;)Ljava/lang/Void;+1 javafx.graphics@18.0.2
j  com.sun.javafx.application.PlatformImpl$$Lambda$193+0x0000000800d8c430.run()Ljava/lang/Object;+4 javafx.graphics@18.0.2
J 3366 c1 java.security.AccessController.doPrivileged(Ljava/security/PrivilegedAction;Ljava/security/AccessControlContext;)Ljava/lang/Object; java.base@17.0.4 (17 bytes) @ 0x000002c04d8ffadc [0x000002c04d8ff900+0x00000000000001dc]
j  com.sun.javafx.application.PlatformImpl.lambda$runLater$11(Ljava/lang/Runnable;Ljava/security/AccessControlContext;)V+7 javafx.graphics@18.0.2
j  com.sun.javafx.application.PlatformImpl$$Lambda$192+0x0000000800d87080.run()V+8 javafx.graphics@18.0.2
j  com.sun.glass.ui.InvokeLaterDispatcher$Future.run()V+4 javafx.graphics@18.0.2
v  ~StubRoutines::call_stub
j  com.sun.glass.ui.win.WinApplication._runLoop(Ljava/lang/Runnable;)V+0 javafx.graphics@18.0.2
j  com.sun.glass.ui.win.WinApplication.lambda$runLoop$3(ILjava/lang/Runnable;)V+8 javafx.graphics@18.0.2
j  com.sun.glass.ui.win.WinApplication$$Lambda$181+0x0000000800d37660.run()V+12 javafx.graphics@18.0.2
j  java.lang.Thread.run()V+11 java.base@17.0.4
v  ~StubRoutines::call_stub

siginfo: EXCEPTION_ACCESS_VIOLATION (0xc0000005), reading address 0x0000000000000120


Register to memory mapping:

RIP=0x00007fff2976b646 glass.dll
RAX=0x0 is NULL
RBX=0x0 is NULL
RCX=0x0 is NULL
RDX=0x0 is NULL
RSP=0x000000d786efdb60 is pointing into the stack for thread: 0x000002c0654d64b0
RBP=0x0 is NULL
RSI=0x0000000000000401 is an unknown value
RDI=0x000000d786efdec0 is pointing into the stack for thread: 0x000002c0654d64b0
R8 =0x000000d786efdec0 is pointing into the stack for thread: 0x000002c0654d64b0
R9 =0x0 is NULL
R10=0x0 is NULL
R11=0x0000000000000246 is an unknown value
R12=0x0 is NULL
R13=0x0000000000000401 is an unknown value
R14=0x0 is NULL
R15=0x0 is NULL


Registers:
RAX=0x0000000000000000, RBX=0x0000000000000000, RCX=0x0000000000000000, RDX=0x0000000000000000
RSP=0x000000d786efdb60, RBP=0x0000000000000000, RSI=0x0000000000000401, RDI=0x000000d786efdec0
R8 =0x000000d786efdec0, R9 =0x0000000000000000, R10=0x0000000000000000, R11=0x0000000000000246
R12=0x0000000000000000, R13=0x0000000000000401, R14=0x0000000000000000, R15=0x0000000000000000
RIP=0x00007fff2976b646, EFLAGS=0x0000000000010206

Top of Stack: (sp=0x000000d786efdb60)
0x000000d786efdb60:   0000000000000578 000000d786efdb70
0x000000d786efdb70:   0000000000180016 00007fff297775c0
0x000000d786efdb80:   000000d786efdec0 00007fff2976a3d1
0x000000d786efdb90:   000000d786efdec0 0000000000000401
0x000000d786efdba0:   00007fff297775c0 000002c04391de30
0x000000d786efdbb0:   000002c064a27200 00007fff2975a285
0x000000d786efdbc0:   000000d786efdec0 0000000080000001
0x000000d786efdbd0:   000002c06480c1e1 00007ffefd5d1655
0x000000d786efdbe0:   0000000000000000 00007fff297517bb
0x000000d786efdbf0:   000002c064a27200 000000d786efdec0
0x000000d786efdc00:   0000000000000401 00000000002407e0
0x000000d786efdc10:   0000000000000000 00007fff5bece858
0x000000d786efdc20:   0000000000000001 000000d786efde10
0x000000d786efdc30:   0000000000000000 0000000080000022
0x000000d786efdc40:   000002c066859d00 000002c066859d00
0x000000d786efdc50:   0000000000000000 00000000000a0101 

Instructions: (pc=0x00007fff2976b646)
0x00007fff2976b546:   a8 00 00 00 41 5e 41 5d 41 5c 5e 5d 5b c3 cc cc
0x00007fff2976b556:   cc cc cc cc cc cc cc cc cc cc b0 01 c3 cc cc cc
0x00007fff2976b566:   cc cc cc cc cc cc cc cc cc cc 48 89 5c 24 08 57
0x00007fff2976b576:   48 83 ec 30 48 8b fa 48 8b d9 48 39 91 20 01 00
0x00007fff2976b586:   00 0f 84 a5 00 00 00 e8 ae 00 00 00 48 8b 93 20
0x00007fff2976b596:   01 00 00 48 85 d2 75 04 48 8b 53 08 48 89 54 24
0x00007fff2976b5a6:   20 4c 8b c7 48 85 ff 75 04 4c 8b 43 08 48 8d 0d
0x00007fff2976b5b6:   56 ea 00 00 4c 89 44 24 28 e8 6c 80 fe ff 48 8b
0x00007fff2976b5c6:   4c 24 20 4c 8d 44 24 20 48 8d 15 eb f8 ff ff ff
0x00007fff2976b5d6:   15 05 e0 01 00 48 8b 05 7e e3 01 00 48 85 c0 75
0x00007fff2976b5e6:   04 33 c9 eb 03 8b 48 40 4c 8d 44 24 20 48 8d 15
0x00007fff2976b5f6:   06 f9 ff ff ff 15 e8 df 01 00 48 89 bb 20 01 00
0x00007fff2976b606:   00 e8 24 38 00 00 4c 8b 05 ed e6 01 00 48 8b c8
0x00007fff2976b616:   48 8b 93 c0 00 00 00 4c 8b cf e8 8b 9a fe ff e8
0x00007fff2976b626:   06 38 00 00 48 8b c8 e8 1e 37 00 00 48 8b 5c 24
0x00007fff2976b636:   40 48 83 c4 30 5f c3 cc cc cc 40 57 48 83 ec 20
0x00007fff2976b646:   48 8b 81 20 01 00 00 48 8b f9 48 85 c0 75 04 48
0x00007fff2976b656:   8b 41 08 48 3b 05 20 e6 01 00 75 3b 48 89 5c 24
0x00007fff2976b666:   30 e8 c4 37 00 00 4c 8b 05 7d e6 01 00 48 8b c8
0x00007fff2976b676:   48 8b 97 c0 00 00 00 48 8b d8 e8 2b 9a fe ff 48
0x00007fff2976b686:   8b cb e8 c3 36 00 00 48 8b 5c 24 30 48 c7 05 e3
0x00007fff2976b696:   e5 01 00 00 00 00 00 48 83 c4 20 5f c3 cc cc cc
0x00007fff2976b6a6:   cc cc cc cc cc cc cc cc cc cc 40 53 48 83 ec 50
0x00007fff2976b6b6:   48 8b 05 0b bb 01 00 48 33 c4 48 89 44 24 40 48
0x00007fff2976b6c6:   8b d9 48 8b 49 08 ff 15 8e de 01 00 85 c0 0f 85
0x00007fff2976b6d6:   1b 01 00 00 48 8b 4b 08 48 8d 54 24 30 ff 15 df
0x00007fff2976b6e6:   dc 01 00 48 8b 4b 08 48 8d 54 24 20 ff 15 38 dd
0x00007fff2976b6f6:   01 00 48 8b 4b 08 4c 8d 44 24 20 41 b9 02 00 00
0x00007fff2976b706:   00 33 d2 ff 15 29 dd 01 00 8b 44 24 24 2b 44 24
0x00007fff2976b716:   34 44 8b 44 24 20 44 2b 44 24 30 8b 54 24 3c 2b
0x00007fff2976b726:   54 24 2c 8b 4c 24 38 2b 4c 24 28 89 83 0c 01 00
0x00007fff2976b736:   00 44 89 83 08 01 00 00 89 93 14 01 00 00 89 8b 


Stack slot to memory mapping:
stack at sp + 0 slots: 0x0000000000000578 is an unknown value
stack at sp + 1 slots: 0x000000d786efdb70 is pointing into the stack for thread: 0x000002c0654d64b0
stack at sp + 2 slots: 0x0000000000180016 is an unknown value
stack at sp + 3 slots: 0x00007fff297775c0 glass.dll
stack at sp + 4 slots: 0x000000d786efdec0 is pointing into the stack for thread: 0x000002c0654d64b0
stack at sp + 5 slots: 0x00007fff2976a3d1 glass.dll
stack at sp + 6 slots: 0x000000d786efdec0 is pointing into the stack for thread: 0x000002c0654d64b0
stack at sp + 7 slots: 0x0000000000000401 is an unknown value


---------------  P R O C E S S  ---------------

Threads class SMR info:
_java_thread_list=0x000002c0672056a0, length=19, elements={
0x000002c045480fc0, 0x000002c063547470, 0x000002c0635481f0, 0x000002c063560d70,
0x000002c063565660, 0x000002c063565f20, 0x000002c0635667e0, 0x000002c06356eba0,
0x000002c063577d70, 0x000002c06357aa90, 0x000002c06404e6d0, 0x000002c0646e87a0,
0x000002c064b2d4a0, 0x000002c06412a8f0, 0x000002c065117fb0, 0x000002c0654d64b0,
0x000002c06686de60, 0x000002c066b114c0, 0x000002c065ba3890
}

Java Threads: ( => current thread )
  0x000002c045480fc0 JavaThread "main" [_thread_blocked, id=4324, stack(0x000000d785200000,0x000000d785300000)]
  0x000002c063547470 JavaThread "Reference Handler" daemon [_thread_blocked, id=14848, stack(0x000000d785900000,0x000000d785a00000)]
  0x000002c0635481f0 JavaThread "Finalizer" daemon [_thread_blocked, id=13428, stack(0x000000d785a00000,0x000000d785b00000)]
  0x000002c063560d70 JavaThread "Signal Dispatcher" daemon [_thread_blocked, id=6856, stack(0x000000d785b00000,0x000000d785c00000)]
  0x000002c063565660 JavaThread "Attach Listener" daemon [_thread_blocked, id=12732, stack(0x000000d785c00000,0x000000d785d00000)]
  0x000002c063565f20 JavaThread "Service Thread" daemon [_thread_blocked, id=256, stack(0x000000d785d00000,0x000000d785e00000)]
  0x000002c0635667e0 JavaThread "Monitor Deflation Thread" daemon [_thread_blocked, id=2600, stack(0x000000d785e00000,0x000000d785f00000)]
  0x000002c06356eba0 JavaThread "C2 CompilerThread0" daemon [_thread_blocked, id=5992, stack(0x000000d785f00000,0x000000d786000000)]
  0x000002c063577d70 JavaThread "C1 CompilerThread0" daemon [_thread_blocked, id=14984, stack(0x000000d786000000,0x000000d786100000)]
  0x000002c06357aa90 JavaThread "Sweeper thread" daemon [_thread_blocked, id=12376, stack(0x000000d786100000,0x000000d786200000)]
  0x000002c06404e6d0 JavaThread "Common-Cleaner" daemon [_thread_blocked, id=4336, stack(0x000000d786200000,0x000000d786300000)]
  0x000002c0646e87a0 JavaThread "Notification Thread" daemon [_thread_blocked, id=2484, stack(0x000000d786500000,0x000000d786600000)]
  0x000002c064b2d4a0 JavaThread "JavaFX-Launcher" [_thread_blocked, id=1468, stack(0x000000d786c00000,0x000000d786d00000)]
  0x000002c06412a8f0 JavaThread "QuantumRenderer-0" daemon [_thread_blocked, id=6240, stack(0x000000d786300000,0x000000d786400000)]
  0x000002c065117fb0 JavaThread "InvokeLaterDispatcher" daemon [_thread_blocked, id=4900, stack(0x000000d786d00000,0x000000d786e00000)]
=>0x000002c0654d64b0 JavaThread "JavaFX Application Thread" [_thread_in_native, id=2012, stack(0x000000d786e00000,0x000000d786f00000)]
  0x000002c06686de60 JavaThread "Thread-2" daemon [_thread_in_native, id=11816, stack(0x000000d787100000,0x000000d787200000)]
  0x000002c066b114c0 JavaThread "Prism Font Disposer" daemon [_thread_blocked, id=6612, stack(0x000000d787800000,0x000000d787900000)]
  0x000002c065ba3890 JavaThread "Cleaner-0" daemon [_thread_blocked, id=12228, stack(0x000000d787b00000,0x000000d787c00000)]

Other Threads:
  0x000002c063543160 VMThread "VM Thread" [stack: 0x000000d785800000,0x000000d785900000] [id=5264]
  0x000002c0454f6960 WatcherThread [stack: 0x000000d786600000,0x000000d786700000] [id=9292]
  0x000002c0454dc990 GCTaskThread "GC Thread#0" [stack: 0x000000d785300000,0x000000d785400000] [id=5892]
  0x000002c064a775b0 GCTaskThread "GC Thread#1" [stack: 0x000000d786700000,0x000000d786800000] [id=9328]
  0x000002c064a96800 GCTaskThread "GC Thread#2" [stack: 0x000000d786800000,0x000000d786900000] [id=14036]
  0x000002c0649e2460 GCTaskThread "GC Thread#3" [stack: 0x000000d786900000,0x000000d786a00000] [id=4252]
  0x000002c06485bcd0 GCTaskThread "GC Thread#4" [stack: 0x000000d786a00000,0x000000d786b00000] [id=15344]
  0x000002c06485bf80 GCTaskThread "GC Thread#5" [stack: 0x000000d786b00000,0x000000d786c00000] [id=5336]
  0x000002c0668a9490 GCTaskThread "GC Thread#6" [stack: 0x000000d787300000,0x000000d787400000] [id=11248]
  0x000002c0668a8f30 GCTaskThread "GC Thread#7" [stack: 0x000000d787400000,0x000000d787500000] [id=4728]
  0x000002c0454ed550 ConcurrentGCThread "G1 Main Marker" [stack: 0x000000d785400000,0x000000d785500000] [id=10504]
  0x000002c0454edf60 ConcurrentGCThread "G1 Conc#0" [stack: 0x000000d785500000,0x000000d785600000] [id=6440]
  0x000002c0668aa4b0 ConcurrentGCThread "G1 Conc#1" [stack: 0x000000d787a00000,0x000000d787b00000] [id=440]
  0x000002c045558490 ConcurrentGCThread "G1 Refine#0" [stack: 0x000000d785600000,0x000000d785700000] [id=10308]
  0x000002c0634010b0 ConcurrentGCThread "G1 Service" [stack: 0x000000d785700000,0x000000d785800000] [id=1560]

Threads with active compile tasks:

VM state: not at safepoint (normal execution)

VM Mutex/Monitor currently owned by a thread: None

Heap address: 0x0000000081c00000, size: 2020 MB, Compressed Oops mode: 32-bit

CDS archive(s) mapped at: [0x0000000800000000-0x0000000800bc0000-0x0000000800bc0000), size 12320768, SharedBaseAddress: 0x0000000800000000, ArchiveRelocationMode: 0.
Compressed class space mapped at: 0x0000000800c00000-0x0000000840c00000, reserved size: 1073741824
Narrow klass base: 0x0000000800000000, Narrow klass shift: 0, Narrow klass range: 0x100000000

GC Precious Log:
 CPUs: 8 total, 8 available
 Memory: 8076M
 Large Page Support: Disabled
 NUMA Support: Disabled
 Compressed Oops: Enabled (32-bit)
 Heap Region Size: 1M
 Heap Min Capacity: 8M
 Heap Initial Capacity: 128M
 Heap Max Capacity: 2020M
 Pre-touch: Disabled
 Parallel Workers: 8
 Concurrent Workers: 2
 Concurrent Refinement Workers: 8
 Periodic GC: Disabled

Heap:
 garbage-first heap   total 48128K, used 29182K [0x0000000081c00000, 0x0000000100000000)
  region size 1024K, 14 young (14336K), 1 survivors (1024K)
 Metaspace       used 29672K, committed 30016K, reserved 1081344K
  class space    used 3999K, committed 4160K, reserved 1048576K

Heap Regions: E=young(eden), S=young(survivor), O=old, HS=humongous(starts), HC=humongous(continues), CS=collection set, F=free, OA=open archive, CA=closed archive, TAMS=top-at-mark-start (previous, next)
|   0|0x0000000081c00000, 0x0000000081d00000, 0x0000000081d00000|100%| O|  |TAMS 0x0000000081d00000, 0x0000000081c00000| Untracked 
|   1|0x0000000081d00000, 0x0000000081e00000, 0x0000000081e00000|100%| O|  |TAMS 0x0000000081e00000, 0x0000000081d00000| Untracked 
|   2|0x0000000081e00000, 0x0000000081f00000, 0x0000000081f00000|100%| O|  |TAMS 0x0000000081f00000, 0x0000000081e00000| Untracked 
|   3|0x0000000081f00000, 0x0000000081f00000, 0x0000000082000000|  0%| F|  |TAMS 0x0000000081f00000, 0x0000000081f00000| Untracked 
|   4|0x0000000082000000, 0x0000000082100000, 0x0000000082100000|100%|HS|  |TAMS 0x0000000082000000, 0x0000000082000000| Complete 
|   5|0x0000000082100000, 0x0000000082200000, 0x0000000082200000|100%|HC|  |TAMS 0x0000000082100000, 0x0000000082100000| Complete 
|   6|0x0000000082200000, 0x0000000082300000, 0x0000000082300000|100%|HS|  |TAMS 0x0000000082200000, 0x0000000082200000| Complete 
|   7|0x0000000082300000, 0x0000000082400000, 0x0000000082400000|100%|HC|  |TAMS 0x0000000082300000, 0x0000000082300000| Complete 
|   8|0x0000000082400000, 0x0000000082500000, 0x0000000082500000|100%| O|  |TAMS 0x0000000082400000, 0x0000000082400000| Untracked 
|   9|0x0000000082500000, 0x0000000082600000, 0x0000000082600000|100%| O|  |TAMS 0x0000000082500000, 0x0000000082500000| Untracked 
|  10|0x0000000082600000, 0x0000000082700000, 0x0000000082700000|100%| O|  |TAMS 0x0000000082600000, 0x0000000082600000| Untracked 
|  11|0x0000000082700000, 0x0000000082800000, 0x0000000082800000|100%| O|  |TAMS 0x0000000082700000, 0x0000000082700000| Untracked 
|  12|0x0000000082800000, 0x0000000082900000, 0x0000000082900000|100%| O|  |TAMS 0x0000000082800000, 0x0000000082800000| Untracked 
|  13|0x0000000082900000, 0x0000000082a00000, 0x0000000082a00000|100%| O|  |TAMS 0x0000000082900000, 0x0000000082900000| Untracked 
|  14|0x0000000082a00000, 0x0000000082b00000, 0x0000000082b00000|100%| O|  |TAMS 0x0000000082a00000, 0x0000000082a00000| Untracked 
|  15|0x0000000082b00000, 0x0000000082c00000, 0x0000000082c00000|100%| O|  |TAMS 0x0000000082b00000, 0x0000000082b00000| Untracked 
|  16|0x0000000082c00000, 0x0000000082c00000, 0x0000000082d00000|  0%| F|  |TAMS 0x0000000082c00000, 0x0000000082c00000| Untracked 
|  17|0x0000000082d00000, 0x0000000082d00000, 0x0000000082e00000|  0%| F|  |TAMS 0x0000000082d00000, 0x0000000082d00000| Untracked 
|  18|0x0000000082e00000, 0x0000000082e00000, 0x0000000082f00000|  0%| F|  |TAMS 0x0000000082e00000, 0x0000000082e00000| Untracked 
|  19|0x0000000082f00000, 0x0000000083000000, 0x0000000083000000|100%| O|  |TAMS 0x0000000082f00000, 0x0000000082f00000| Untracked 
|  20|0x0000000083000000, 0x000000008302ea00, 0x0000000083100000| 18%| O|  |TAMS 0x0000000083000000, 0x0000000083000000| Untracked 
|  21|0x0000000083100000, 0x0000000083100000, 0x0000000083200000|  0%| F|  |TAMS 0x0000000083100000, 0x0000000083100000| Untracked 
|  22|0x0000000083200000, 0x0000000083200000, 0x0000000083300000|  0%| F|  |TAMS 0x0000000083200000, 0x0000000083200000| Untracked 
|  23|0x0000000083300000, 0x0000000083300000, 0x0000000083400000|  0%| F|  |TAMS 0x0000000083300000, 0x0000000083300000| Untracked 
|  24|0x0000000083400000, 0x0000000083400000, 0x0000000083500000|  0%| F|  |TAMS 0x0000000083400000, 0x0000000083400000| Untracked 
|  25|0x0000000083500000, 0x0000000083500000, 0x0000000083600000|  0%| F|  |TAMS 0x0000000083500000, 0x0000000083500000| Untracked 
|  26|0x0000000083600000, 0x0000000083600000, 0x0000000083700000|  0%| F|  |TAMS 0x0000000083600000, 0x0000000083600000| Untracked 
|  27|0x0000000083700000, 0x0000000083700000, 0x0000000083800000|  0%| F|  |TAMS 0x0000000083700000, 0x0000000083700000| Untracked 
|  28|0x0000000083800000, 0x0000000083800000, 0x0000000083900000|  0%| F|  |TAMS 0x0000000083800000, 0x0000000083800000| Untracked 
|  29|0x0000000083900000, 0x0000000083900000, 0x0000000083a00000|  0%| F|  |TAMS 0x0000000083900000, 0x0000000083900000| Untracked 
|  30|0x0000000083a00000, 0x0000000083a00000, 0x0000000083b00000|  0%| F|  |TAMS 0x0000000083a00000, 0x0000000083a00000| Untracked 
|  31|0x0000000083b00000, 0x0000000083b00000, 0x0000000083c00000|  0%| F|  |TAMS 0x0000000083b00000, 0x0000000083b00000| Untracked 
|  32|0x0000000083c00000, 0x0000000083c00000, 0x0000000083d00000|  0%| F|  |TAMS 0x0000000083c00000, 0x0000000083c00000| Untracked 
|  33|0x0000000083d00000, 0x0000000083dfe410, 0x0000000083e00000| 99%| E|  |TAMS 0x0000000083d00000, 0x0000000083d00000| Complete 
|  34|0x0000000083e00000, 0x0000000083f00000, 0x0000000083f00000|100%| E|CS|TAMS 0x0000000083e00000, 0x0000000083e00000| Complete 
|  35|0x0000000083f00000, 0x0000000084000000, 0x0000000084000000|100%| E|CS|TAMS 0x0000000083f00000, 0x0000000083f00000| Complete 
|  36|0x0000000084000000, 0x0000000084100000, 0x0000000084100000|100%| E|CS|TAMS 0x0000000084000000, 0x0000000084000000| Complete 
|  96|0x0000000087c00000, 0x0000000087d00000, 0x0000000087d00000|100%| E|CS|TAMS 0x0000000087c00000, 0x0000000087c00000| Complete 
|  97|0x0000000087d00000, 0x0000000087e00000, 0x0000000087e00000|100%| E|CS|TAMS 0x0000000087d00000, 0x0000000087d00000| Complete 
|  98|0x0000000087e00000, 0x0000000087f00000, 0x0000000087f00000|100%| E|CS|TAMS 0x0000000087e00000, 0x0000000087e00000| Complete 
|  99|0x0000000087f00000, 0x0000000088000000, 0x0000000088000000|100%| E|CS|TAMS 0x0000000087f00000, 0x0000000087f00000| Complete 
| 100|0x0000000088000000, 0x0000000088100000, 0x0000000088100000|100%| E|CS|TAMS 0x0000000088000000, 0x0000000088000000| Complete 
| 101|0x0000000088100000, 0x0000000088200000, 0x0000000088200000|100%| E|CS|TAMS 0x0000000088100000, 0x0000000088100000| Complete 
| 102|0x0000000088200000, 0x0000000088300000, 0x0000000088300000|100%| E|CS|TAMS 0x0000000088200000, 0x0000000088200000| Complete 
| 103|0x0000000088300000, 0x0000000088400000, 0x0000000088400000|100%| E|CS|TAMS 0x0000000088300000, 0x0000000088300000| Complete 
| 126|0x0000000089a00000, 0x0000000089a50fa8, 0x0000000089b00000| 31%| S|CS|TAMS 0x0000000089a00000, 0x0000000089a00000| Complete 
| 127|0x0000000089b00000, 0x0000000089c00000, 0x0000000089c00000|100%| E|CS|TAMS 0x0000000089b00000, 0x0000000089b00000| Complete 

Card table byte_map: [0x000002c05c430000,0x000002c05c830000] _byte_map_base: 0x000002c05c022000

Marking Bits (Prev, Next): (CMBitMap*) 0x000002c0454dcfe0, (CMBitMap*) 0x000002c0454dcfa0
 Prev Bits: [0x000002c05ebc0000, 0x000002c060b50000)
 Next Bits: [0x000002c05cc30000, 0x000002c05ebc0000)

Polling page: 0x000002c044c60000

Metaspace:

Usage:
  Non-class:     25.07 MB used.
      Class:      3.91 MB used.
       Both:     28.98 MB used.

Virtual space:
  Non-class space:       32.00 MB reserved,      25.25 MB ( 79%) committed,  4 nodes.
      Class space:        1.00 GB reserved,       4.06 MB ( <1%) committed,  1 nodes.
             Both:        1.03 GB reserved,      29.31 MB (  3%) committed. 

Chunk freelists:
   Non-Class:  1.89 MB
       Class:  3.83 MB
        Both:  5.72 MB

MaxMetaspaceSize: unlimited
CompressedClassSpaceSize: 1.00 GB
Initial GC threshold: 21.00 MB
Current GC threshold: 35.31 MB
CDS: on
MetaspaceReclaimPolicy: balanced
 - commit_granule_bytes: 65536.
 - commit_granule_words: 8192.
 - virtual_space_node_default_size: 1048576.
 - enlarge_chunks_in_place: 1.
 - new_chunks_are_fully_committed: 0.
 - uncommit_free_chunks: 1.
 - use_allocation_guard: 0.
 - handle_deallocations: 1.


Internal statistics:

num_allocs_failed_limit: 3.
num_arena_births: 326.
num_arena_deaths: 0.
num_vsnodes_births: 5.
num_vsnodes_deaths: 0.
num_space_committed: 469.
num_space_uncommitted: 0.
num_chunks_returned_to_freelist: 3.
num_chunks_taken_from_freelist: 1272.
num_chunk_merges: 3.
num_chunk_splits: 881.
num_chunks_enlarged: 666.
num_purges: 0.
num_inconsistent_stats: 0.

CodeHeap 'non-profiled nmethods': size=120000Kb used=1911Kb max_used=1911Kb free=118088Kb
 bounds [0x000002c0547d0000, 0x000002c054a40000, 0x000002c05bd00000]
CodeHeap 'profiled nmethods': size=120000Kb used=8597Kb max_used=8597Kb free=111402Kb
 bounds [0x000002c04d2a0000, 0x000002c04db10000, 0x000002c0547d0000]
CodeHeap 'non-nmethods': size=5760Kb used=1536Kb max_used=1568Kb free=4223Kb
 bounds [0x000002c04cd00000, 0x000002c04cf70000, 0x000002c04d2a0000]
 total_blobs=5256 nmethods=4330 adapters=838
 compilation: enabled
              stopped_count=0, restarted_count=0
 full_count=0

Compilation events (20 events):
Event: 9.053 Thread 0x000002c063577d70 4321       3       org.apache.logging.log4j.util.PropertiesPropertySource::containsProperty (14 bytes)
Event: 9.053 Thread 0x000002c063577d70 nmethod 4321 0x000002c04db04610 code [0x000002c04db047c0, 0x000002c04db04ac8]
Event: 9.070 Thread 0x000002c063577d70 4322       1       java.lang.StackTraceElement::getClassName (5 bytes)
Event: 9.070 Thread 0x000002c063577d70 nmethod 4322 0x000002c0549ac810 code [0x000002c0549ac9a0, 0x000002c0549aca78]
Event: 9.080 Thread 0x000002c06356eba0 4323       4       java.util.ArrayList$Itr::checkForComodification (23 bytes)
Event: 9.080 Thread 0x000002c063577d70 4324       3       com.sun.javafx.tk.quantum.QuantumRenderer::checkRendererIdle (147 bytes)
Event: 9.080 Thread 0x000002c063577d70 nmethod 4324 0x000002c04db04c10 code [0x000002c04db04da0, 0x000002c04db04eb8]
Event: 9.080 Thread 0x000002c06356eba0 nmethod 4323 0x000002c0549acb10 code [0x000002c0549acc80, 0x000002c0549acd38]
Event: 9.081 Thread 0x000002c063577d70 4325       1       org.apache.logging.log4j.core.impl.ThrowableProxyHelper$CacheEntry::access$100 (5 bytes)
Event: 9.081 Thread 0x000002c063577d70 nmethod 4325 0x000002c0549ace10 code [0x000002c0549acfa0, 0x000002c0549ad058]
Event: 9.081 Thread 0x000002c063577d70 4326       1       java.lang.StackTraceElement::getFileName (5 bytes)
Event: 9.081 Thread 0x000002c063577d70 nmethod 4326 0x000002c0549ad110 code [0x000002c0549ad2a0, 0x000002c0549ad378]
Event: 9.081 Thread 0x000002c063577d70 4327       1       java.lang.StackTraceElement::getLineNumber (5 bytes)
Event: 9.081 Thread 0x000002c063577d70 nmethod 4327 0x000002c0549ad410 code [0x000002c0549ad5a0, 0x000002c0549ad678]
Event: 9.082 Thread 0x000002c063577d70 4328       1       java.lang.StackTraceElement::getMethodName (5 bytes)
Event: 9.082 Thread 0x000002c063577d70 nmethod 4328 0x000002c0549ad710 code [0x000002c0549ad8a0, 0x000002c0549ad978]
Event: 9.087 Thread 0x000002c06356eba0 4329       4       java.util.Objects::checkIndex (7 bytes)
Event: 9.087 Thread 0x000002c063577d70 4330       3       java.util.ArrayList::remove (26 bytes)
Event: 9.088 Thread 0x000002c063577d70 nmethod 4330 0x000002c04db04f90 code [0x000002c04db05160, 0x000002c04db05478]
Event: 9.089 Thread 0x000002c06356eba0 nmethod 4329 0x000002c0549ada10 code [0x000002c0549adb80, 0x000002c0549adc18]

GC Heap History (10 events):
Event: 0.546 GC heap before
{Heap before GC invocations=0 (full 0):
 garbage-first heap   total 131072K, used 23552K [0x0000000081c00000, 0x0000000100000000)
  region size 1024K, 23 young (23552K), 0 survivors (0K)
 Metaspace       used 5197K, committed 5376K, reserved 1056768K
  class space    used 628K, committed 704K, reserved 1048576K
}
Event: 0.550 GC heap after
{Heap after GC invocations=1 (full 0):
 garbage-first heap   total 131072K, used 3563K [0x0000000081c00000, 0x0000000100000000)
  region size 1024K, 3 young (3072K), 3 survivors (3072K)
 Metaspace       used 5197K, committed 5376K, reserved 1056768K
  class space    used 628K, committed 704K, reserved 1048576K
}
Event: 2.495 GC heap before
{Heap before GC invocations=1 (full 0):
 garbage-first heap   total 131072K, used 34283K [0x0000000081c00000, 0x0000000100000000)
  region size 1024K, 34 young (34816K), 3 survivors (3072K)
 Metaspace       used 15672K, committed 15936K, reserved 1064960K
  class space    used 1952K, committed 2112K, reserved 1048576K
}
Event: 2.502 GC heap after
{Heap after GC invocations=2 (full 0):
 garbage-first heap   total 131072K, used 8098K [0x0000000081c00000, 0x0000000100000000)
  region size 1024K, 5 young (5120K), 5 survivors (5120K)
 Metaspace       used 15672K, committed 15936K, reserved 1064960K
  class space    used 1952K, committed 2112K, reserved 1048576K
}
Event: 3.109 GC heap before
{Heap before GC invocations=2 (full 0):
 garbage-first heap   total 131072K, used 31650K [0x0000000081c00000, 0x0000000100000000)
  region size 1024K, 29 young (29696K), 5 survivors (5120K)
 Metaspace       used 21286K, committed 21504K, reserved 1073152K
  class space    used 2925K, committed 3008K, reserved 1048576K
}
Event: 3.113 GC heap after
{Heap after GC invocations=3 (full 0):
 garbage-first heap   total 131072K, used 10778K [0x0000000081c00000, 0x0000000100000000)
  region size 1024K, 8 young (8192K), 8 survivors (8192K)
 Metaspace       used 21286K, committed 21504K, reserved 1073152K
  class space    used 2925K, committed 3008K, reserved 1048576K
}
Event: 4.795 GC heap before
{Heap before GC invocations=4 (full 0):
 garbage-first heap   total 48128K, used 35354K [0x0000000081c00000, 0x0000000100000000)
  region size 1024K, 28 young (28672K), 8 survivors (8192K)
 Metaspace       used 27212K, committed 27520K, reserved 1073152K
  class space    used 3566K, committed 3712K, reserved 1048576K
}
Event: 4.800 GC heap after
{Heap after GC invocations=5 (full 0):
 garbage-first heap   total 48128K, used 17031K [0x0000000081c00000, 0x0000000100000000)
  region size 1024K, 3 young (3072K), 3 survivors (3072K)
 Metaspace       used 27212K, committed 27520K, reserved 1073152K
  class space    used 3566K, committed 3712K, reserved 1048576K
}
Event: 6.061 GC heap before
{Heap before GC invocations=5 (full 0):
 garbage-first heap   total 48128K, used 18055K [0x0000000081c00000, 0x0000000100000000)
  region size 1024K, 4 young (4096K), 3 survivors (3072K)
 Metaspace       used 27270K, committed 27584K, reserved 1073152K
  class space    used 3566K, committed 3712K, reserved 1048576K
}
Event: 6.062 GC heap after
{Heap after GC invocations=6 (full 0):
 garbage-first heap   total 48128K, used 16894K [0x0000000081c00000, 0x0000000100000000)
  region size 1024K, 1 young (1024K), 1 survivors (1024K)
 Metaspace       used 27270K, committed 27584K, reserved 1073152K
  class space    used 3566K, committed 3712K, reserved 1048576K
}

Deoptimization events (20 events):
Event: 7.367 Thread 0x000002c0654d64b0 Uncommon trap: trap_request=0xffffffd6 fr.pc=0x000002c05496f24c relative=0x000000000000210c
Event: 7.367 Thread 0x000002c0654d64b0 Uncommon trap: reason=array_check action=maybe_recompile pc=0x000002c05496f24c method=javafx.css.SimpleSelector.applies(Ljavafx/css/Styleable;[Ljava/util/Set;I)Z @ 37 c2
Event: 7.367 Thread 0x000002c0654d64b0 DEOPT PACKING pc=0x000002c05496f24c sp=0x000000d786efc190
Event: 7.367 Thread 0x000002c0654d64b0 DEOPT UNPACKING pc=0x000002c04cd523a3 sp=0x000000d786efc120 mode 2
Event: 7.367 Thread 0x000002c0654d64b0 Uncommon trap: trap_request=0xffffffd6 fr.pc=0x000002c05496f24c relative=0x000000000000210c
Event: 7.367 Thread 0x000002c0654d64b0 Uncommon trap: reason=array_check action=maybe_recompile pc=0x000002c05496f24c method=javafx.css.SimpleSelector.applies(Ljavafx/css/Styleable;[Ljava/util/Set;I)Z @ 37 c2
Event: 7.367 Thread 0x000002c0654d64b0 DEOPT PACKING pc=0x000002c05496f24c sp=0x000000d786efc190
Event: 7.367 Thread 0x000002c0654d64b0 DEOPT UNPACKING pc=0x000002c04cd523a3 sp=0x000000d786efc120 mode 2
Event: 7.368 Thread 0x000002c0654d64b0 Uncommon trap: trap_request=0xffffffd6 fr.pc=0x000002c05496f24c relative=0x000000000000210c
Event: 7.368 Thread 0x000002c0654d64b0 Uncommon trap: reason=array_check action=maybe_recompile pc=0x000002c05496f24c method=javafx.css.SimpleSelector.applies(Ljavafx/css/Styleable;[Ljava/util/Set;I)Z @ 37 c2
Event: 7.368 Thread 0x000002c0654d64b0 DEOPT PACKING pc=0x000002c05496f24c sp=0x000000d786efc1c0
Event: 7.368 Thread 0x000002c0654d64b0 DEOPT UNPACKING pc=0x000002c04cd523a3 sp=0x000000d786efc150 mode 2
Event: 7.368 Thread 0x000002c0654d64b0 Uncommon trap: trap_request=0xffffffd6 fr.pc=0x000002c05496f24c relative=0x000000000000210c
Event: 7.368 Thread 0x000002c0654d64b0 Uncommon trap: reason=array_check action=maybe_recompile pc=0x000002c05496f24c method=javafx.css.SimpleSelector.applies(Ljavafx/css/Styleable;[Ljava/util/Set;I)Z @ 37 c2
Event: 7.368 Thread 0x000002c0654d64b0 DEOPT PACKING pc=0x000002c05496f24c sp=0x000000d786efc1c0
Event: 7.368 Thread 0x000002c0654d64b0 DEOPT UNPACKING pc=0x000002c04cd523a3 sp=0x000000d786efc150 mode 2
Event: 9.016 Thread 0x000002c06412a8f0 Uncommon trap: trap_request=0xffffff45 fr.pc=0x000002c0549307d0 relative=0x0000000000000530
Event: 9.016 Thread 0x000002c06412a8f0 Uncommon trap: reason=unstable_if action=reinterpret pc=0x000002c0549307d0 method=com.sun.prism.d3d.D3DContext.updateTexture(ILcom/sun/prism/Texture;)V @ 37 c2
Event: 9.016 Thread 0x000002c06412a8f0 DEOPT PACKING pc=0x000002c0549307d0 sp=0x000000d7863fda20
Event: 9.016 Thread 0x000002c06412a8f0 DEOPT UNPACKING pc=0x000002c04cd523a3 sp=0x000000d7863fd960 mode 2

Classes unloaded (0 events):
No events

Classes redefined (0 events):
No events

Internal exceptions (20 events):
Event: 3.241 Thread 0x000002c066b56850 Exception <a 'sun/nio/fs/WindowsException'{0x0000000083d83b20}> (0x0000000083d83b20) 
thrown [s\open\src\hotspot\share\prims\jni.cpp, line 516]
Event: 3.271 Thread 0x000002c066b56850 Exception <a 'sun/nio/fs/WindowsException'{0x0000000083cf9660}> (0x0000000083cf9660) 
thrown [s\open\src\hotspot\share\prims\jni.cpp, line 516]
Event: 3.285 Thread 0x000002c066b56850 Exception <a 'java/lang/NoSuchMethodError'{0x0000000083a1dba8}: 'void java.lang.invoke.DirectMethodHandle$Holder.invokeStaticInit(java.lang.Object, java.lang.Object, java.lang.Object, java.lang.Object, java.lang.Object)'> (0x0000000083a1dba8) 
thrown [s\open\src\hotspot\share\interpreter\linkResolver.cpp, line 759]
Event: 3.458 Thread 0x000002c066b56850 Exception <a 'java/lang/NoSuchMethodError'{0x00000000832fea20}: 'void java.lang.invoke.DirectMethodHandle$Holder.invokeSpecial(java.lang.Object, java.lang.Object, long)'> (0x00000000832fea20) 
thrown [s\open\src\hotspot\share\interpreter\linkResolver.cpp, line 759]
Event: 3.477 Thread 0x000002c066b56850 Exception <a 'java/lang/NoSuchMethodError'{0x00000000831a0af0}: 'int java.lang.invoke.DirectMethodHandle$Holder.invokeVirtual(java.lang.Object, java.lang.Object)'> (0x00000000831a0af0) 
thrown [s\open\src\hotspot\share\interpreter\linkResolver.cpp, line 759]
Event: 3.479 Thread 0x000002c066b56850 Exception <a 'java/lang/NoSuchMethodError'{0x00000000831a72c0}: 'int java.lang.invoke.DirectMethodHandle$Holder.invokeStatic(java.lang.Object, java.lang.Object, java.lang.Object, java.lang.Object)'> (0x00000000831a72c0) 
thrown [s\open\src\hotspot\share\interpreter\linkResolver.cpp, line 759]
Event: 3.479 Thread 0x000002c066b56850 Exception <a 'java/lang/NoSuchMethodError'{0x00000000831aac40}: 'java.lang.Object java.lang.invoke.Invokers$Holder.invokeExact_MT(java.lang.Object, java.lang.Object, java.lang.Object, java.lang.Object, java.lang.Object, java.lang.Object)'> (0x00000000831aac40) 
thrown [s\open\src\hotspot\share\interpreter\linkResolver.cpp, line 759]
Event: 3.494 Thread 0x000002c066b56850 Exception <a 'java/lang/NoSuchMethodError'{0x00000000830322d0}: 'java.lang.Object java.lang.invoke.DirectMethodHandle$Holder.invokeStaticInit(java.lang.Object, int, int, int, int)'> (0x00000000830322d0) 
thrown [s\open\src\hotspot\share\interpreter\linkResolver.cpp, line 759]
Event: 3.580 Thread 0x000002c066b56850 Exception <a 'java/lang/NoSuchMethodError'{0x00000000830bdc50}: 'java.lang.Object java.lang.invoke.DirectMethodHandle$Holder.invokeStaticInit(java.lang.Object, java.lang.Object, int, int, int, int)'> (0x00000000830bdc50) 
thrown [s\open\src\hotspot\share\interpreter\linkResolver.cpp, line 759]
Event: 4.252 Thread 0x000002c066b56850 Exception <a 'java/lang/NoSuchMethodError'{0x00000000830c8350}: 'void java.lang.invoke.DirectMethodHandle$Holder.invokeStatic(java.lang.Object, long)'> (0x00000000830c8350) 
thrown [s\open\src\hotspot\share\interpreter\linkResolver.cpp, line 759]
Event: 4.253 Thread 0x000002c066b56850 Exception <a 'java/lang/NoSuchMethodError'{0x00000000830cd4f8}: 'java.lang.Object java.lang.invoke.DirectMethodHandle$Holder.newInvokeSpecial(java.lang.Object, long)'> (0x00000000830cd4f8) 
thrown [s\open\src\hotspot\share\interpreter\linkResolver.cpp, line 759]
Event: 4.254 Thread 0x000002c066b56850 Exception <a 'java/lang/NoSuchMethodError'{0x00000000830d3dd8}: 'java.lang.Object java.lang.invoke.DirectMethodHandle$Holder.invokeStatic(java.lang.Object, java.lang.Object, long, java.lang.Object)'> (0x00000000830d3dd8) 
thrown [s\open\src\hotspot\share\interpreter\linkResolver.cpp, line 759]
Event: 4.254 Thread 0x000002c066b56850 Exception <a 'java/lang/NoSuchMethodError'{0x00000000830d7870}: 'java.lang.Object java.lang.invoke.DirectMethodHandle$Holder.invokeStaticInit(java.lang.Object, java.lang.Object, long, java.lang.Object)'> (0x00000000830d7870) 
thrown [s\open\src\hotspot\share\interpreter\linkResolver.cpp, line 759]
Event: 6.315 Thread 0x000002c066b56850 Exception <a 'java/lang/NoSuchMethodError'{0x0000000089b82388}: 'long java.lang.invoke.DirectMethodHandle$Holder.invokeStatic(java.lang.Object, java.lang.Object)'> (0x0000000089b82388) 
thrown [s\open\src\hotspot\share\interpreter\linkResolver.cpp, line 759]
Event: 6.385 Thread 0x000002c0654d64b0 Exception <a 'java/io/FileNotFoundException'{0x00000000883e16d0}> (0x00000000883e16d0) 
thrown [s\open\src\hotspot\share\prims\jni.cpp, line 516]
Event: 6.500 Thread 0x000002c0654d64b0 Exception <a 'java/lang/NoSuchMethodError'{0x0000000087c4ae68}: 'void java.lang.invoke.DirectMethodHandle$Holder.invokeSpecial(java.lang.Object, java.lang.Object, int, int)'> (0x0000000087c4ae68) 
thrown [s\open\src\hotspot\share\interpreter\linkResolver.cpp, line 759]
Event: 6.501 Thread 0x000002c0654d64b0 Exception <a 'java/lang/NoSuchMethodError'{0x0000000087c516a8}: 'java.lang.Object java.lang.invoke.DirectMethodHandle$Holder.newInvokeSpecial(java.lang.Object, java.lang.Object, int, int)'> (0x0000000087c516a8) 
thrown [s\open\src\hotspot\share\interpreter\linkResolver.cpp, line 759]
Event: 8.714 Thread 0x000002c066bf8400 Exception <a 'java/lang/InterruptedException'{0x0000000088352f80}: sleep interrupted> (0x0000000088352f80) 
thrown [s\open\src\hotspot\share\prims\jvm.cpp, line 3067]
Event: 9.039 Thread 0x000002c0654d64b0 Exception <a 'java/lang/NoSuchMethodError'{0x0000000083d711c8}: 'int java.lang.invoke.DirectMethodHandle$Holder.invokeStaticInit(java.lang.Object, java.lang.Object, java.lang.Object, java.lang.Object)'> (0x0000000083d711c8) 
thrown [s\open\src\hotspot\share\interpreter\linkResolver.cpp, line 759]
Event: 9.041 Thread 0x000002c0654d64b0 Exception <a 'java/lang/IncompatibleClassChangeError'{0x0000000083d7a618}: Found class java.lang.Object, but interface was expected> (0x0000000083d7a618) 
thrown [s\open\src\hotspot\share\interpreter\linkResolver.cpp, line 826]

VM Operations (20 events):
Event: 4.795 Executing VM operation: G1CollectForAllocation
Event: 4.800 Executing VM operation: G1CollectForAllocation done
Event: 6.060 Executing VM operation: G1CollectForAllocation
Event: 6.062 Executing VM operation: G1CollectForAllocation done
Event: 6.379 Executing VM operation: HandshakeAllThreads
Event: 6.379 Executing VM operation: HandshakeAllThreads done
Event: 6.383 Executing VM operation: HandshakeAllThreads
Event: 6.383 Executing VM operation: HandshakeAllThreads done
Event: 6.442 Executing VM operation: HandshakeAllThreads
Event: 6.442 Executing VM operation: HandshakeAllThreads done
Event: 6.443 Executing VM operation: HandshakeAllThreads
Event: 6.443 Executing VM operation: HandshakeAllThreads done
Event: 6.444 Executing VM operation: HandshakeAllThreads
Event: 6.444 Executing VM operation: HandshakeAllThreads done
Event: 6.520 Executing VM operation: HandshakeAllThreads
Event: 6.520 Executing VM operation: HandshakeAllThreads done
Event: 6.542 Executing VM operation: ICBufferFull
Event: 6.542 Executing VM operation: ICBufferFull done
Event: 8.396 Executing VM operation: ICBufferFull
Event: 8.397 Executing VM operation: ICBufferFull done

Events (20 events):
Event: 7.262 loading class java/util/EnumMap$Values
Event: 7.263 loading class java/util/EnumMap$Values done
Event: 7.263 loading class java/util/EnumMap$ValueIterator
Event: 7.263 loading class java/util/EnumMap$EnumMapIterator
Event: 7.264 loading class java/util/EnumMap$EnumMapIterator done
Event: 7.264 loading class java/util/EnumMap$ValueIterator done
Event: 7.264 Thread 0x000002c0658801a0 Thread exited: 0x000002c0658801a0
Event: 7.374 Thread 0x000002c065880120 Thread added: 0x000002c065880120
Event: 7.569 Thread 0x000002c065880120 Thread exited: 0x000002c065880120
Event: 8.715 Thread 0x000002c066bf8400 Thread exited: 0x000002c066bf8400
Event: 8.716 Thread 0x000002c066b56850 Thread exited: 0x000002c066b56850
Event: 8.805 Thread 0x000002c066bf7590 Thread exited: 0x000002c066bf7590
Event: 8.805 Thread 0x000002c066bf7a60 Thread exited: 0x000002c066bf7a60
Event: 8.805 Thread 0x000002c066bf7f30 Thread exited: 0x000002c066bf7f30
Event: 9.047 loading class jdk/internal/loader/BootLoader$PackageHelper
Event: 9.048 loading class jdk/internal/loader/BootLoader$PackageHelper done
Event: 9.055 loading class java/nio/file/StandardCopyOption
Event: 9.055 loading class java/nio/file/StandardCopyOption done
Event: 9.055 loading class sun/nio/fs/WindowsFileCopy
Event: 9.067 loading class sun/nio/fs/WindowsFileCopy done


Dynamic libraries:
0x00007ff7bd220000 - 0x00007ff7bd230000 	C:\UserEnv\jdk-17.0.4\bin\java.exe
0x00007fff5c1f0000 - 0x00007fff5c3e8000 	C:\Windows\SYSTEM32\ntdll.dll
0x00007fff5af40000 - 0x00007fff5affd000 	C:\Windows\System32\KERNEL32.DLL
0x00007fff59a10000 - 0x00007fff59cde000 	C:\Windows\System32\KERNELBASE.dll
0x00007fff59910000 - 0x00007fff59a10000 	C:\Windows\System32\ucrtbase.dll
0x00007fff38f40000 - 0x00007fff38f5a000 	C:\UserEnv\jdk-17.0.4\bin\VCRUNTIME140.dll
0x00007fff3f8a0000 - 0x00007fff3f8b8000 	C:\UserEnv\jdk-17.0.4\bin\jli.dll
0x00007fff5a300000 - 0x00007fff5a3ae000 	C:\Windows\System32\ADVAPI32.dll
0x00007fff5b780000 - 0x00007fff5b81e000 	C:\Windows\System32\msvcrt.dll
0x00007fff5b680000 - 0x00007fff5b71c000 	C:\Windows\System32\sechost.dll
0x00007fff5b910000 - 0x00007fff5ba35000 	C:\Windows\System32\RPCRT4.dll
0x00007fff5bec0000 - 0x00007fff5c060000 	C:\Windows\System32\USER32.dll
0x00007fff5a0f0000 - 0x00007fff5a112000 	C:\Windows\System32\win32u.dll
0x00007fff5a560000 - 0x00007fff5a58a000 	C:\Windows\System32\GDI32.dll
0x00007fff59dc0000 - 0x00007fff59ecb000 	C:\Windows\System32\gdi32full.dll
0x00007fff58d20000 - 0x00007fff58fba000 	C:\Windows\WinSxS\amd64_microsoft.windows.common-controls_6595b64144ccf1df_6.0.19041.1110_none_60b5254171f9507e\COMCTL32.dll
0x00007fff5a1b0000 - 0x00007fff5a24d000 	C:\Windows\System32\msvcp_win.dll
0x00007fff51300000 - 0x00007fff5130a000 	C:\Windows\SYSTEM32\VERSION.dll
0x00007fff5c060000 - 0x00007fff5c090000 	C:\Windows\System32\IMM32.DLL
0x00007fff42300000 - 0x00007fff4230c000 	C:\UserEnv\jdk-17.0.4\bin\vcruntime140_1.dll
0x00007fff16e20000 - 0x00007fff16ead000 	C:\UserEnv\jdk-17.0.4\bin\msvcp140.dll
0x00007ffefd390000 - 0x00007ffefdf52000 	C:\UserEnv\jdk-17.0.4\bin\server\jvm.dll
0x00007fff5c1a0000 - 0x00007fff5c1a8000 	C:\Windows\System32\PSAPI.DLL
0x00007fff55070000 - 0x00007fff55079000 	C:\Windows\SYSTEM32\WSOCK32.dll
0x00007fff44830000 - 0x00007fff44857000 	C:\Windows\SYSTEM32\WINMM.dll
0x00007fff5b000000 - 0x00007fff5b06b000 	C:\Windows\System32\WS2_32.dll
0x00007fff571b0000 - 0x00007fff571c2000 	C:\Windows\SYSTEM32\kernel.appcore.dll
0x00007fff41a80000 - 0x00007fff41a8a000 	C:\UserEnv\jdk-17.0.4\bin\jimage.dll
0x00007fff591a0000 - 0x00007fff59384000 	C:\Windows\SYSTEM32\DBGHELP.DLL
0x00007fff590f0000 - 0x00007fff5911c000 	C:\Windows\SYSTEM32\dbgcore.DLL
0x00007fff5a120000 - 0x00007fff5a1a2000 	C:\Windows\System32\bcryptPrimitives.dll
0x00007fff33b50000 - 0x00007fff33b75000 	C:\UserEnv\jdk-17.0.4\bin\java.dll
0x00007fff03680000 - 0x00007fff03756000 	C:\UserEnv\jdk-17.0.4\bin\jsvml.dll
0x00007fff5a7f0000 - 0x00007fff5af33000 	C:\Windows\System32\SHELL32.dll
0x00007fff573b0000 - 0x00007fff57b45000 	C:\Windows\SYSTEM32\windows.storage.dll
0x00007fff5bad0000 - 0x00007fff5be24000 	C:\Windows\System32\combase.dll
0x00007fff58c80000 - 0x00007fff58cb0000 	C:\Windows\SYSTEM32\Wldp.dll
0x00007fff5a250000 - 0x00007fff5a2fd000 	C:\Windows\System32\SHCORE.dll
0x00007fff5c090000 - 0x00007fff5c0e5000 	C:\Windows\System32\shlwapi.dll
0x00007fff59850000 - 0x00007fff5986f000 	C:\Windows\SYSTEM32\profapi.dll
0x00007fff32df0000 - 0x00007fff32e09000 	C:\UserEnv\jdk-17.0.4\bin\net.dll
0x00007fff4c100000 - 0x00007fff4c20a000 	C:\Windows\SYSTEM32\WINHTTP.dll
0x00007fff58b60000 - 0x00007fff58bca000 	C:\Windows\system32\mswsock.dll
0x00007fff2f280000 - 0x00007fff2f296000 	C:\UserEnv\jdk-17.0.4\bin\nio.dll
0x00007fff2f230000 - 0x00007fff2f248000 	C:\UserEnv\jdk-17.0.4\bin\zip.dll
0x00007fff41850000 - 0x00007fff41859000 	C:\UserEnv\jdk-17.0.4\bin\management.dll
0x00007fff41840000 - 0x00007fff4184b000 	C:\UserEnv\jdk-17.0.4\bin\management_ext.dll
0x00007fff34460000 - 0x00007fff34477000 	C:\Windows\system32\napinsp.dll
0x00007fff343e0000 - 0x00007fff343fb000 	C:\Windows\system32\pnrpnsp.dll
0x00007fff39500000 - 0x00007fff39515000 	C:\Windows\system32\wshbth.dll
0x00007fff54d90000 - 0x00007fff54dad000 	C:\Windows\system32\NLAapi.dll
0x00007fff586d0000 - 0x00007fff5870b000 	C:\Windows\SYSTEM32\IPHLPAPI.DLL
0x00007fff58710000 - 0x00007fff587da000 	C:\Windows\SYSTEM32\DNSAPI.dll
0x00007fff5ba40000 - 0x00007fff5ba48000 	C:\Windows\System32\NSI.dll
0x00007fff342b0000 - 0x00007fff342c2000 	C:\Windows\System32\winrnr.dll
0x00007fff4bb50000 - 0x00007fff4bb5a000 	C:\Windows\System32\rasadhlp.dll
0x00007fff47c30000 - 0x00007fff47cb0000 	C:\Windows\System32\fwpuclnt.dll
0x00007fff59ce0000 - 0x00007fff59d07000 	C:\Windows\System32\bcrypt.dll
0x000002c063640000 - 0x000002c063643000 	C:\Users\RainTang\.openjfx\cache\18.0.2+2\api-ms-win-core-console-l1-1-0.dll
0x000002c063650000 - 0x000002c063653000 	C:\Users\RainTang\.openjfx\cache\18.0.2+2\api-ms-win-core-console-l1-2-0.dll
0x000002c063660000 - 0x000002c063663000 	C:\Users\RainTang\.openjfx\cache\18.0.2+2\api-ms-win-core-datetime-l1-1-0.dll
0x000002c063670000 - 0x000002c063673000 	C:\Users\RainTang\.openjfx\cache\18.0.2+2\api-ms-win-core-debug-l1-1-0.dll
0x000002c063680000 - 0x000002c063683000 	C:\Users\RainTang\.openjfx\cache\18.0.2+2\api-ms-win-core-errorhandling-l1-1-0.dll
0x000002c063690000 - 0x000002c063694000 	C:\Users\RainTang\.openjfx\cache\18.0.2+2\api-ms-win-core-file-l1-1-0.dll
0x000002c0636a0000 - 0x000002c0636a3000 	C:\Users\RainTang\.openjfx\cache\18.0.2+2\api-ms-win-core-file-l1-2-0.dll
0x000002c0636b0000 - 0x000002c0636b3000 	C:\Users\RainTang\.openjfx\cache\18.0.2+2\api-ms-win-core-file-l2-1-0.dll
0x000002c0636c0000 - 0x000002c0636c3000 	C:\Users\RainTang\.openjfx\cache\18.0.2+2\api-ms-win-core-handle-l1-1-0.dll
0x000002c0636d0000 - 0x000002c0636d3000 	C:\Users\RainTang\.openjfx\cache\18.0.2+2\api-ms-win-core-heap-l1-1-0.dll
0x000002c0636e0000 - 0x000002c0636e3000 	C:\Users\RainTang\.openjfx\cache\18.0.2+2\api-ms-win-core-interlocked-l1-1-0.dll
0x000002c065f10000 - 0x000002c065f13000 	C:\Users\RainTang\.openjfx\cache\18.0.2+2\api-ms-win-core-libraryloader-l1-1-0.dll
0x000002c065f20000 - 0x000002c065f23000 	C:\Users\RainTang\.openjfx\cache\18.0.2+2\api-ms-win-core-localization-l1-2-0.dll
0x000002c0636f0000 - 0x000002c0636f3000 	C:\Users\RainTang\.openjfx\cache\18.0.2+2\api-ms-win-core-memory-l1-1-0.dll
0x000002c063700000 - 0x000002c063703000 	C:\Users\RainTang\.openjfx\cache\18.0.2+2\api-ms-win-core-namedpipe-l1-1-0.dll
0x000002c063710000 - 0x000002c063713000 	C:\Users\RainTang\.openjfx\cache\18.0.2+2\api-ms-win-core-processenvironment-l1-1-0.dll
0x000002c063720000 - 0x000002c063723000 	C:\Users\RainTang\.openjfx\cache\18.0.2+2\api-ms-win-core-processthreads-l1-1-0.dll
0x000002c063730000 - 0x000002c063733000 	C:\Users\RainTang\.openjfx\cache\18.0.2+2\api-ms-win-core-processthreads-l1-1-1.dll
0x000002c063740000 - 0x000002c063743000 	C:\Users\RainTang\.openjfx\cache\18.0.2+2\api-ms-win-core-profile-l1-1-0.dll
0x000002c063750000 - 0x000002c063753000 	C:\Users\RainTang\.openjfx\cache\18.0.2+2\api-ms-win-core-rtlsupport-l1-1-0.dll
0x000002c063760000 - 0x000002c063763000 	C:\Users\RainTang\.openjfx\cache\18.0.2+2\api-ms-win-core-string-l1-1-0.dll
0x000002c063770000 - 0x000002c063773000 	C:\Users\RainTang\.openjfx\cache\18.0.2+2\api-ms-win-core-synch-l1-1-0.dll
0x000002c063780000 - 0x000002c063783000 	C:\Users\RainTang\.openjfx\cache\18.0.2+2\api-ms-win-core-synch-l1-2-0.dll
0x000002c063790000 - 0x000002c063793000 	C:\Users\RainTang\.openjfx\cache\18.0.2+2\api-ms-win-core-sysinfo-l1-1-0.dll
0x000002c0637a0000 - 0x000002c0637a3000 	C:\Users\RainTang\.openjfx\cache\18.0.2+2\api-ms-win-core-timezone-l1-1-0.dll
0x000002c0637b0000 - 0x000002c0637b3000 	C:\Users\RainTang\.openjfx\cache\18.0.2+2\api-ms-win-core-util-l1-1-0.dll
0x000002c0637c0000 - 0x000002c0637c3000 	C:\Users\RainTang\.openjfx\cache\18.0.2+2\api-ms-win-crt-conio-l1-1-0.dll
0x000002c0637d0000 - 0x000002c0637d4000 	C:\Users\RainTang\.openjfx\cache\18.0.2+2\api-ms-win-crt-convert-l1-1-0.dll
0x000002c0637e0000 - 0x000002c0637e3000 	C:\Users\RainTang\.openjfx\cache\18.0.2+2\api-ms-win-crt-environment-l1-1-0.dll
0x000002c0637f0000 - 0x000002c0637f3000 	C:\Users\RainTang\.openjfx\cache\18.0.2+2\api-ms-win-crt-filesystem-l1-1-0.dll
0x000002c065f30000 - 0x000002c065f33000 	C:\Users\RainTang\.openjfx\cache\18.0.2+2\api-ms-win-crt-heap-l1-1-0.dll
0x000002c065f40000 - 0x000002c065f43000 	C:\Users\RainTang\.openjfx\cache\18.0.2+2\api-ms-win-crt-locale-l1-1-0.dll
0x000002c065f50000 - 0x000002c065f55000 	C:\Users\RainTang\.openjfx\cache\18.0.2+2\api-ms-win-crt-math-l1-1-0.dll
0x000002c065f60000 - 0x000002c065f65000 	C:\Users\RainTang\.openjfx\cache\18.0.2+2\api-ms-win-crt-multibyte-l1-1-0.dll
0x000002c065f70000 - 0x000002c065f80000 	C:\Users\RainTang\.openjfx\cache\18.0.2+2\api-ms-win-crt-private-l1-1-0.dll
0x000002c065f80000 - 0x000002c065f83000 	C:\Users\RainTang\.openjfx\cache\18.0.2+2\api-ms-win-crt-process-l1-1-0.dll
0x000002c065f90000 - 0x000002c065f94000 	C:\Users\RainTang\.openjfx\cache\18.0.2+2\api-ms-win-crt-runtime-l1-1-0.dll
0x000002c065fa0000 - 0x000002c065fa4000 	C:\Users\RainTang\.openjfx\cache\18.0.2+2\api-ms-win-crt-stdio-l1-1-0.dll
0x000002c065fb0000 - 0x000002c065fb4000 	C:\Users\RainTang\.openjfx\cache\18.0.2+2\api-ms-win-crt-string-l1-1-0.dll
0x000002c065fc0000 - 0x000002c065fc3000 	C:\Users\RainTang\.openjfx\cache\18.0.2+2\api-ms-win-crt-time-l1-1-0.dll
0x000002c065fd0000 - 0x000002c065fd3000 	C:\Users\RainTang\.openjfx\cache\18.0.2+2\api-ms-win-crt-utility-l1-1-0.dll
0x00007fff18de0000 - 0x00007fff18edc000 	C:\Users\RainTang\.openjfx\cache\18.0.2+2\ucrtbase.dll
0x00007fff2fdf0000 - 0x00007fff2fe0a000 	C:\Users\RainTang\.openjfx\cache\18.0.2+2\vcruntime140.dll
0x00007fff381e0000 - 0x00007fff381ec000 	C:\Users\RainTang\.openjfx\cache\18.0.2+2\vcruntime140_1.dll
0x00007fff29900000 - 0x00007fff2998d000 	C:\Users\RainTang\.openjfx\cache\18.0.2+2\msvcp140.dll
0x00007fff2fdc0000 - 0x00007fff2fdec000 	C:\Users\RainTang\.openjfx\cache\18.0.2+2\prism_d3d.dll
0x00007fff4da00000 - 0x00007fff4dbcf000 	C:\Windows\system32\d3d9.dll
0x00007fff570a0000 - 0x00007fff570cf000 	C:\Windows\SYSTEM32\dwmapi.dll
0x00007fff56db0000 - 0x00007fff56e4e000 	C:\Windows\system32\uxtheme.dll
0x00007fff590d0000 - 0x00007fff590e2000 	C:\Windows\SYSTEM32\msasn1.dll
0x00007fff512c0000 - 0x00007fff512f1000 	C:\Windows\SYSTEM32\cryptnet.dll
0x00007fff59f90000 - 0x00007fff5a0e6000 	C:\Windows\System32\CRYPT32.dll
0x00007fff58bd0000 - 0x00007fff58bdc000 	C:\Windows\SYSTEM32\cryptbase.dll
0x00007fff59ed0000 - 0x00007fff59f39000 	C:\Windows\System32\WINTRUST.DLL
0x00007fff5b8f0000 - 0x00007fff5b90d000 	C:\Windows\System32\imagehlp.dll
0x00007fff596a0000 - 0x00007fff596b8000 	C:\Windows\SYSTEM32\CRYPTSP.dll
0x00007fff58380000 - 0x00007fff583b4000 	C:\Windows\system32\rsaenh.dll
0x00007fff29750000 - 0x00007fff29792000 	C:\Users\RainTang\.openjfx\cache\18.0.2+2\glass.dll
0x00007fff5a710000 - 0x00007fff5a7ea000 	C:\Windows\System32\COMDLG32.dll
0x00007fff5b4f0000 - 0x00007fff5b61a000 	C:\Windows\System32\ole32.dll
0x00007fff5b820000 - 0x00007fff5b8ed000 	C:\Windows\System32\OLEAUT32.dll
0x00007fff5a590000 - 0x00007fff5a6a5000 	C:\Windows\System32\MSCTF.dll
0x00007fff323e0000 - 0x00007fff324e6000 	C:\Windows\System32\DriverStore\FileRepository\nvcvi.inf_amd64_c6dcfc3819794d1b\nvldumdx.dll
0x00007fff4ecc0000 - 0x00007fff4ee08000 	C:\Windows\SYSTEM32\drvstore.dll
0x00007fff596c0000 - 0x00007fff596ec000 	C:\Windows\SYSTEM32\devobj.dll
0x00007fff59f40000 - 0x00007fff59f8e000 	C:\Windows\System32\cfgmgr32.dll
0x00007ffef9c30000 - 0x00007ffefb3c5000 	C:\Windows\System32\DriverStore\FileRepository\nvcvi.inf_amd64_c6dcfc3819794d1b\nvd3dumx.dll
0x00007fff57b60000 - 0x00007fff57b83000 	C:\Windows\SYSTEM32\gpapi.dll
0x00007fff53720000 - 0x00007fff5375b000 	C:\Windows\SYSTEM32\dxcore.dll
0x00007ffef76f0000 - 0x00007ffef9c2d000 	C:\Windows\SYSTEM32\igdumdim64.dll

dbghelp: loaded successfully - version: 4.0.5 - missing functions: none
symbol engine: initialized successfully - sym options: 0x614 - pdb path: .;C:\UserEnv\jdk-17.0.4\bin;C:\Windows\SYSTEM32;C:\Windows\WinSxS\amd64_microsoft.windows.common-controls_6595b64144ccf1df_6.0.19041.1110_none_60b5254171f9507e;C:\UserEnv\jdk-17.0.4\bin\server;C:\Users\RainTang\.openjfx\cache\18.0.2+2;C:\Windows\System32\DriverStore\FileRepository\nvcvi.inf_amd64_c6dcfc3819794d1b;C:\Program Files\Common Files\Microsoft Shared\Ink

VM Arguments:
jvm_args: --module-path=E:\MDMBox\StudyOnlineTool\target\classes;E:\MDMBox\StudyOnlineTool\libs\commons-exec-1.3.jar;E:\MDMBox\StudyOnlineTool\libs\h2-2.1.214.jar;C:\Users\RainTang\.m2\repository\com\google\code\gson\gson\2.9.0\gson-2.9.0.jar;C:\Users\RainTang\.m2\repository\org\apache\logging\log4j\log4j-api\2.18.0\log4j-api-2.18.0.jar;C:\Users\RainTang\.m2\repository\org\openjfx\javafx-base\18.0.2\javafx-base-18.0.2-win.jar;C:\Users\RainTang\.m2\repository\org\openjfx\javafx-controls\18.0.2\javafx-controls-18.0.2-win.jar;C:\Users\RainTang\.m2\repository\org\openjfx\javafx-fxml\18.0.2\javafx-fxml-18.0.2-win.jar;C:\Users\RainTang\.m2\repository\org\openjfx\javafx-graphics\18.0.2\javafx-graphics-18.0.2-win.jar --add-modules=StudyOnlineTool -Djdk.module.main=StudyOnlineTool 
java_command: StudyOnlineTool/com.tangrun.mdm.boxwindow.Launcher
java_class_path (initial): C:\Users\RainTang\.m2\repository\org\apache\logging\log4j\log4j-core\2.18.0\log4j-core-2.18.0.jar;C:\Users\RainTang\.m2\repository\org\openjfx\javafx-base\18.0.2\javafx-base-18.0.2.jar;C:\Users\RainTang\.m2\repository\org\openjfx\javafx-controls\18.0.2\javafx-controls-18.0.2.jar;C:\Users\RainTang\.m2\repository\org\openjfx\javafx-fxml\18.0.2\javafx-fxml-18.0.2.jar;C:\Users\RainTang\.m2\repository\org\openjfx\javafx-graphics\18.0.2\javafx-graphics-18.0.2.jar
Launcher Type: SUN_STANDARD

[Global flags]
     intx CICompilerCount                          = 4                                         {product} {ergonomic}
     uint ConcGCThreads                            = 2                                         {product} {ergonomic}
     uint G1ConcRefinementThreads                  = 8                                         {product} {ergonomic}
   size_t G1HeapRegionSize                         = 1048576                                   {product} {ergonomic}
    uintx GCDrainStackTargetSize                   = 64                                        {product} {ergonomic}
   size_t InitialHeapSize                          = 134217728                                 {product} {ergonomic}
   size_t MarkStackSize                            = 4194304                                   {product} {ergonomic}
   size_t MaxHeapSize                              = 2118123520                                {product} {ergonomic}
   size_t MaxNewSize                               = 1270874112                                {product} {ergonomic}
   size_t MinHeapDeltaBytes                        = 1048576                                   {product} {ergonomic}
   size_t MinHeapSize                              = 8388608                                   {product} {ergonomic}
    uintx NonNMethodCodeHeapSize                   = 5839372                                {pd product} {ergonomic}
    uintx NonProfiledCodeHeapSize                  = 122909434                              {pd product} {ergonomic}
    uintx ProfiledCodeHeapSize                     = 122909434                              {pd product} {ergonomic}
    uintx ReservedCodeCacheSize                    = 251658240                              {pd product} {ergonomic}
     bool SegmentedCodeCache                       = true                                      {product} {ergonomic}
   size_t SoftMaxHeapSize                          = 2118123520                             {manageable} {ergonomic}
     bool UseCompressedClassPointers               = true                           {product lp64_product} {ergonomic}
     bool UseCompressedOops                        = true                           {product lp64_product} {ergonomic}
     bool UseG1GC                                  = true                                      {product} {ergonomic}
     bool UseLargePagesIndividualAllocation        = false                                  {pd product} {ergonomic}

Logging:
Log output configuration:
 #0: stdout all=warning uptime,level,tags
 #1: stderr all=off uptime,level,tags

Environment Variables:
JAVA_HOME=C:\UserEnv\jdk-17.0.4
CLASSPATH=.;C:\UserEnv\jdk-17.0.4\bin;C:\UserEnv\jdk-17.0.4\lib\dt.jar;C:\UserEnv\jdk-17.0.4\lib\tools.jar
PATH=C:\UserEnv\Python3.8.7\Scripts\;C:\UserEnv\Python3.8.7\;C:\Windows\system32;C:\Windows;C:\Windows\System32\Wbem;C:\Windows\System32\WindowsPowerShell\v1.0\;C:\Windows\System32\OpenSSH\;C:\UserData\TortoiseSVN1.14\bin;C:\UserEnv\jdk-17.0.4\bin;C:\Program Files (x86)\NVIDIA Corporation\PhysX\Common;C:\UserEnv\nodejs\16.13.0\;C:\Program Files (x86)\PuTTY\;C:\Program Files\Git\cmd;C:\Program Files (x86)\WiX Toolset v3.11\bin;F:\Android\SDK\platform-tools;C:\Users\RainTang\.cargo\bin;C:\Users\RainTang\AppData\Local\Microsoft\WindowsApps;C:\Users\RainTang\AppData\Roaming\npm;C:\Users\RainTang\AppData\Local\GitHubDesktop\bin
USERNAME=RainTang
OS=Windows_NT
PROCESSOR_IDENTIFIER=Intel64 Family 6 Model 60 Stepping 3, GenuineIntel



---------------  S Y S T E M  ---------------

OS:
 Windows 10 , 64 bit Build 19041 (10.0.19041.1889)
OS uptime: 0 days 21:04 hours

CPU: total 8 (initial active 8) (4 cores per cpu, 2 threads per core) family 6 model 60 stepping 3 microcode 0x27, cx8, cmov, fxsr, ht, mmx, sse, sse2, sse3, ssse3, sse4.1, sse4.2, popcnt, lzcnt, tsc, tscinvbit, avx, avx2, aes, erms, clmul, bmi1, bmi2, fma, vzeroupper, clflush

Memory: 4k page, system-wide physical 8076M (2134M free)
TotalPageFile size 20364M (AvailPageFile size 12637M)
current process WorkingSet (physical memory assigned to process): 189M, peak: 195M
current process commit charge ("private bytes"): 244M, peak: 319M

vm_info: Java HotSpot(TM) 64-Bit Server VM (17.0.4+11-LTS-179) for windows-amd64 JRE (17.0.4+11-LTS-179), built on Jun 28 2022 08:23:05 by "mach5one" with MS VC++ 16.8 / 16.9 (VS2019)

END.
