2022-08-23 17:29:15,314 ERROR [pool-3-thread-1] service.DBService (DBService.java:65) - Column "device_id" not found; SQL statement:
select "value" from "t_app_config"
    where "device_id" = '1015fa6927140d03';
 [42122-214]
org.h2.jdbc.JdbcSQLSyntaxErrorException: Column "device_id" not found; SQL statement:
select "value" from "t_app_config"
    where "device_id" = '1015fa6927140d03';
 [42122-214]
	at org.h2.message.DbException.getJdbcSQLException(DbException.java:502) ~[h2-2.1.214.jar:?]
	at org.h2.message.DbException.getJdbcSQLException(DbException.java:477) ~[h2-2.1.214.jar:?]
	at org.h2.message.DbException.get(DbException.java:223) ~[h2-2.1.214.jar:?]
	at org.h2.message.DbException.get(DbException.java:199) ~[h2-2.1.214.jar:?]
	at org.h2.expression.ExpressionColumn.getColumnException(ExpressionColumn.java:244) ~[h2-2.1.214.jar:?]
	at org.h2.expression.ExpressionColumn.optimizeOther(ExpressionColumn.java:226) ~[h2-2.1.214.jar:?]
	at org.h2.expression.ExpressionColumn.optimize(ExpressionColumn.java:213) ~[h2-2.1.214.jar:?]
	at org.h2.expression.condition.Comparison.optimize(Comparison.java:139) ~[h2-2.1.214.jar:?]
	at org.h2.expression.Expression.optimizeCondition(Expression.java:148) ~[h2-2.1.214.jar:?]
	at org.h2.command.query.Select.prepareExpressions(Select.java:1177) ~[h2-2.1.214.jar:?]
	at org.h2.command.query.Query.prepare(Query.java:218) ~[h2-2.1.214.jar:?]
	at org.h2.command.Parser.prepareCommand(Parser.java:575) ~[h2-2.1.214.jar:?]
	at org.h2.engine.SessionLocal.prepareLocal(SessionLocal.java:631) ~[h2-2.1.214.jar:?]
	at org.h2.engine.SessionLocal.prepareCommand(SessionLocal.java:554) ~[h2-2.1.214.jar:?]
	at org.h2.jdbc.JdbcConnection.prepareCommand(JdbcConnection.java:1116) ~[h2-2.1.214.jar:?]
	at org.h2.jdbc.JdbcStatement.executeQuery(JdbcStatement.java:92) ~[h2-2.1.214.jar:?]
	at com.tangrun.mdm.boxwindow.service.DBService.executeQuery(DBService.java:57) ~[classes/:?]
	at com.tangrun.mdm.boxwindow.dao.DeviceLogService.getDeviceLogList(DeviceLogService.java:28) ~[classes/:?]
	at com.tangrun.mdm.boxwindow.controller.MainController.startRegistration_recoveryHideApp(MainController.java:313) ~[classes/:?]
	at com.tangrun.mdm.boxwindow.controller.MainController.onRecoveryAllHideApp(MainController.java:745) ~[classes/:?]
	at com.tangrun.mdm.boxwindow.controller.MainController$6.run(MainController.java:711) ~[classes/:?]
	at java.util.concurrent.ThreadPoolExecutor.runWorker(ThreadPoolExecutor.java:1136) ~[?:?]
	at java.util.concurrent.ThreadPoolExecutor$Worker.run(ThreadPoolExecutor.java:635) ~[?:?]
	at java.lang.Thread.run(Thread.java:833) ~[?:?]
2022-08-23 17:43:29,296 ERROR [JavaFX-Launcher] service.DBService (DBService.java:39) - Database may be already in use: "E:/MDMBox/BoxWindowGradle/data/data.mv.db". Possible solutions: close all other connection(s); use the server mode [90020-214]
org.h2.jdbc.JdbcSQLNonTransientConnectionException: Database may be already in use: "E:/MDMBox/BoxWindowGradle/data/data.mv.db". Possible solutions: close all other connection(s); use the server mode [90020-214]
	at org.h2.message.DbException.getJdbcSQLException(DbException.java:678) ~[h2-2.1.214.jar:?]
	at org.h2.message.DbException.getJdbcSQLException(DbException.java:477) ~[h2-2.1.214.jar:?]
	at org.h2.message.DbException.get(DbException.java:212) ~[h2-2.1.214.jar:?]
	at org.h2.mvstore.db.Store.convertMVStoreException(Store.java:168) ~[h2-2.1.214.jar:?]
	at org.h2.mvstore.db.Store.<init>(Store.java:145) ~[h2-2.1.214.jar:?]
	at org.h2.engine.Database.<init>(Database.java:324) ~[h2-2.1.214.jar:?]
	at org.h2.engine.Engine.openSession(Engine.java:92) ~[h2-2.1.214.jar:?]
	at org.h2.engine.Engine.openSession(Engine.java:222) ~[h2-2.1.214.jar:?]
	at org.h2.engine.Engine.createSession(Engine.java:201) ~[h2-2.1.214.jar:?]
	at org.h2.engine.SessionRemote.connectEmbeddedOrServer(SessionRemote.java:338) ~[h2-2.1.214.jar:?]
	at org.h2.jdbc.JdbcConnection.<init>(JdbcConnection.java:122) ~[h2-2.1.214.jar:?]
	at org.h2.jdbcx.JdbcDataSource.getXAConnection(JdbcDataSource.java:322) ~[h2-2.1.214.jar:?]
	at org.h2.jdbcx.JdbcDataSource.getPooledConnection(JdbcDataSource.java:352) ~[h2-2.1.214.jar:?]
	at org.h2.jdbcx.JdbcConnectionPool.getConnectionNow(JdbcConnectionPool.java:233) ~[h2-2.1.214.jar:?]
	at org.h2.jdbcx.JdbcConnectionPool.getConnection(JdbcConnectionPool.java:198) ~[h2-2.1.214.jar:?]
	at com.tangrun.mdm.boxwindow.service.DBService.getConnection(DBService.java:37) ~[classes/:?]
	at com.tangrun.mdm.boxwindow.service.DBService.executeQuery(DBService.java:55) ~[classes/:?]
	at com.tangrun.mdm.boxwindow.service.DBService.executeQueryFirst(DBService.java:49) ~[classes/:?]
	at com.tangrun.mdm.boxwindow.service.DBService.executeQueryFirst(DBService.java:45) ~[classes/:?]
	at com.tangrun.mdm.boxwindow.dao.AppConfigService.getConfig(AppConfigService.java:64) ~[classes/:?]
	at com.tangrun.mdm.boxwindow.dao.AppConfigService.getConfigLong(AppConfigService.java:84) ~[classes/:?]
	at com.tangrun.mdm.boxwindow.dao.AppConfigService.setAppUseTime(AppConfigService.java:26) ~[classes/:?]
	at com.tangrun.mdm.boxwindow.service.ConfigService.onEvent(ConfigService.java:43) ~[classes/:?]
	at com.tangrun.mdm.boxwindow.core.BaseListenerLifecycleObserver$LifecycleWrapperListener.onEvent(BaseListenerLifecycleObserver.java:47) ~[classes/:?]
	at com.tangrun.mdm.boxwindow.core.BaseListenerLifecycleObserver.onEvent(BaseListenerLifecycleObserver.java:14) ~[classes/:?]
	at com.tangrun.mdm.boxwindow.core.ApplicationContext.onEvent(ApplicationContext.java:50) ~[classes/:?]
	at com.tangrun.mdm.boxwindow.core.JavaFXApplication.init(JavaFXApplication.java:49) ~[classes/:?]
	at com.sun.javafx.application.LauncherImpl.launchApplication1(LauncherImpl.java:825) ~[javafx-graphics-18.0.2-win.jar:?]
	at com.sun.javafx.application.LauncherImpl.lambda$launchApplication$2(LauncherImpl.java:196) ~[javafx-graphics-18.0.2-win.jar:?]
	at java.lang.Thread.run(Thread.java:833) ~[?:?]
Caused by: org.h2.mvstore.MVStoreException: The file is locked: E:/MDMBox/BoxWindowGradle/data/data.mv.db [2.1.214/7]
	at org.h2.mvstore.DataUtils.newMVStoreException(DataUtils.java:1004) ~[h2-2.1.214.jar:?]
	at org.h2.mvstore.FileStore.open(FileStore.java:178) ~[h2-2.1.214.jar:?]
	at org.h2.mvstore.FileStore.open(FileStore.java:128) ~[h2-2.1.214.jar:?]
	at org.h2.mvstore.MVStore.<init>(MVStore.java:452) ~[h2-2.1.214.jar:?]
	at org.h2.mvstore.MVStore$Builder.open(MVStore.java:4082) ~[h2-2.1.214.jar:?]
	at org.h2.mvstore.db.Store.<init>(Store.java:136) ~[h2-2.1.214.jar:?]
	... 25 more
2022-08-23 17:43:29,311 ERROR [JavaFX-Launcher] service.DBService (DBService.java:65) - org.h2.jdbc.JdbcSQLNonTransientConnectionException: Database may be already in use: "E:/MDMBox/BoxWindowGradle/data/data.mv.db". Possible solutions: close all other connection(s); use the server mode [90020-214]
java.lang.RuntimeException: org.h2.jdbc.JdbcSQLNonTransientConnectionException: Database may be already in use: "E:/MDMBox/BoxWindowGradle/data/data.mv.db". Possible solutions: close all other connection(s); use the server mode [90020-214]
	at com.tangrun.mdm.boxwindow.service.DBService.getConnection(DBService.java:40) ~[classes/:?]
	at com.tangrun.mdm.boxwindow.service.DBService.executeQuery(DBService.java:55) ~[classes/:?]
	at com.tangrun.mdm.boxwindow.service.DBService.executeQueryFirst(DBService.java:49) ~[classes/:?]
	at com.tangrun.mdm.boxwindow.service.DBService.executeQueryFirst(DBService.java:45) ~[classes/:?]
	at com.tangrun.mdm.boxwindow.dao.AppConfigService.getConfig(AppConfigService.java:64) ~[classes/:?]
	at com.tangrun.mdm.boxwindow.dao.AppConfigService.getConfigLong(AppConfigService.java:84) ~[classes/:?]
	at com.tangrun.mdm.boxwindow.dao.AppConfigService.setAppUseTime(AppConfigService.java:26) ~[classes/:?]
	at com.tangrun.mdm.boxwindow.service.ConfigService.onEvent(ConfigService.java:43) ~[classes/:?]
	at com.tangrun.mdm.boxwindow.core.BaseListenerLifecycleObserver$LifecycleWrapperListener.onEvent(BaseListenerLifecycleObserver.java:47) ~[classes/:?]
	at com.tangrun.mdm.boxwindow.core.BaseListenerLifecycleObserver.onEvent(BaseListenerLifecycleObserver.java:14) ~[classes/:?]
	at com.tangrun.mdm.boxwindow.core.ApplicationContext.onEvent(ApplicationContext.java:50) ~[classes/:?]
	at com.tangrun.mdm.boxwindow.core.JavaFXApplication.init(JavaFXApplication.java:49) ~[classes/:?]
	at com.sun.javafx.application.LauncherImpl.launchApplication1(LauncherImpl.java:825) ~[javafx-graphics-18.0.2-win.jar:?]
	at com.sun.javafx.application.LauncherImpl.lambda$launchApplication$2(LauncherImpl.java:196) ~[javafx-graphics-18.0.2-win.jar:?]
	at java.lang.Thread.run(Thread.java:833) ~[?:?]
Caused by: org.h2.jdbc.JdbcSQLNonTransientConnectionException: Database may be already in use: "E:/MDMBox/BoxWindowGradle/data/data.mv.db". Possible solutions: close all other connection(s); use the server mode [90020-214]
	at org.h2.message.DbException.getJdbcSQLException(DbException.java:678) ~[h2-2.1.214.jar:?]
	at org.h2.message.DbException.getJdbcSQLException(DbException.java:477) ~[h2-2.1.214.jar:?]
	at org.h2.message.DbException.get(DbException.java:212) ~[h2-2.1.214.jar:?]
	at org.h2.mvstore.db.Store.convertMVStoreException(Store.java:168) ~[h2-2.1.214.jar:?]
	at org.h2.mvstore.db.Store.<init>(Store.java:145) ~[h2-2.1.214.jar:?]
	at org.h2.engine.Database.<init>(Database.java:324) ~[h2-2.1.214.jar:?]
	at org.h2.engine.Engine.openSession(Engine.java:92) ~[h2-2.1.214.jar:?]
	at org.h2.engine.Engine.openSession(Engine.java:222) ~[h2-2.1.214.jar:?]
	at org.h2.engine.Engine.createSession(Engine.java:201) ~[h2-2.1.214.jar:?]
	at org.h2.engine.SessionRemote.connectEmbeddedOrServer(SessionRemote.java:338) ~[h2-2.1.214.jar:?]
	at org.h2.jdbc.JdbcConnection.<init>(JdbcConnection.java:122) ~[h2-2.1.214.jar:?]
	at org.h2.jdbcx.JdbcDataSource.getXAConnection(JdbcDataSource.java:322) ~[h2-2.1.214.jar:?]
	at org.h2.jdbcx.JdbcDataSource.getPooledConnection(JdbcDataSource.java:352) ~[h2-2.1.214.jar:?]
	at org.h2.jdbcx.JdbcConnectionPool.getConnectionNow(JdbcConnectionPool.java:233) ~[h2-2.1.214.jar:?]
	at org.h2.jdbcx.JdbcConnectionPool.getConnection(JdbcConnectionPool.java:198) ~[h2-2.1.214.jar:?]
	at com.tangrun.mdm.boxwindow.service.DBService.getConnection(DBService.java:37) ~[classes/:?]
	... 14 more
Caused by: org.h2.mvstore.MVStoreException: The file is locked: E:/MDMBox/BoxWindowGradle/data/data.mv.db [2.1.214/7]
	at org.h2.mvstore.DataUtils.newMVStoreException(DataUtils.java:1004) ~[h2-2.1.214.jar:?]
	at org.h2.mvstore.FileStore.open(FileStore.java:178) ~[h2-2.1.214.jar:?]
	at org.h2.mvstore.FileStore.open(FileStore.java:128) ~[h2-2.1.214.jar:?]
	at org.h2.mvstore.MVStore.<init>(MVStore.java:452) ~[h2-2.1.214.jar:?]
	at org.h2.mvstore.MVStore$Builder.open(MVStore.java:4082) ~[h2-2.1.214.jar:?]
	at org.h2.mvstore.db.Store.<init>(Store.java:136) ~[h2-2.1.214.jar:?]
	at org.h2.engine.Database.<init>(Database.java:324) ~[h2-2.1.214.jar:?]
	at org.h2.engine.Engine.openSession(Engine.java:92) ~[h2-2.1.214.jar:?]
	at org.h2.engine.Engine.openSession(Engine.java:222) ~[h2-2.1.214.jar:?]
	at org.h2.engine.Engine.createSession(Engine.java:201) ~[h2-2.1.214.jar:?]
	at org.h2.engine.SessionRemote.connectEmbeddedOrServer(SessionRemote.java:338) ~[h2-2.1.214.jar:?]
	at org.h2.jdbc.JdbcConnection.<init>(JdbcConnection.java:122) ~[h2-2.1.214.jar:?]
	at org.h2.jdbcx.JdbcDataSource.getXAConnection(JdbcDataSource.java:322) ~[h2-2.1.214.jar:?]
	at org.h2.jdbcx.JdbcDataSource.getPooledConnection(JdbcDataSource.java:352) ~[h2-2.1.214.jar:?]
	at org.h2.jdbcx.JdbcConnectionPool.getConnectionNow(JdbcConnectionPool.java:233) ~[h2-2.1.214.jar:?]
	at org.h2.jdbcx.JdbcConnectionPool.getConnection(JdbcConnectionPool.java:198) ~[h2-2.1.214.jar:?]
	at com.tangrun.mdm.boxwindow.service.DBService.getConnection(DBService.java:37) ~[classes/:?]
	... 14 more
2022-08-23 17:43:29,324 ERROR [JavaFX-Launcher] service.DBService (DBService.java:39) - Database may be already in use: "E:/MDMBox/BoxWindowGradle/data/data.mv.db". Possible solutions: close all other connection(s); use the server mode [90020-214]
org.h2.jdbc.JdbcSQLNonTransientConnectionException: Database may be already in use: "E:/MDMBox/BoxWindowGradle/data/data.mv.db". Possible solutions: close all other connection(s); use the server mode [90020-214]
	at org.h2.message.DbException.getJdbcSQLException(DbException.java:678) ~[h2-2.1.214.jar:?]
	at org.h2.message.DbException.getJdbcSQLException(DbException.java:477) ~[h2-2.1.214.jar:?]
	at org.h2.message.DbException.get(DbException.java:212) ~[h2-2.1.214.jar:?]
	at org.h2.mvstore.db.Store.convertMVStoreException(Store.java:168) ~[h2-2.1.214.jar:?]
	at org.h2.mvstore.db.Store.<init>(Store.java:145) ~[h2-2.1.214.jar:?]
	at org.h2.engine.Database.<init>(Database.java:324) ~[h2-2.1.214.jar:?]
	at org.h2.engine.Engine.openSession(Engine.java:92) ~[h2-2.1.214.jar:?]
	at org.h2.engine.Engine.openSession(Engine.java:222) ~[h2-2.1.214.jar:?]
	at org.h2.engine.Engine.createSession(Engine.java:201) ~[h2-2.1.214.jar:?]
	at org.h2.engine.SessionRemote.connectEmbeddedOrServer(SessionRemote.java:338) ~[h2-2.1.214.jar:?]
	at org.h2.jdbc.JdbcConnection.<init>(JdbcConnection.java:122) ~[h2-2.1.214.jar:?]
	at org.h2.jdbcx.JdbcDataSource.getXAConnection(JdbcDataSource.java:322) ~[h2-2.1.214.jar:?]
	at org.h2.jdbcx.JdbcDataSource.getPooledConnection(JdbcDataSource.java:352) ~[h2-2.1.214.jar:?]
	at org.h2.jdbcx.JdbcConnectionPool.getConnectionNow(JdbcConnectionPool.java:233) ~[h2-2.1.214.jar:?]
	at org.h2.jdbcx.JdbcConnectionPool.getConnection(JdbcConnectionPool.java:198) ~[h2-2.1.214.jar:?]
	at com.tangrun.mdm.boxwindow.service.DBService.getConnection(DBService.java:37) ~[classes/:?]
	at com.tangrun.mdm.boxwindow.service.DBService.executeUpdate(DBService.java:76) ~[classes/:?]
	at com.tangrun.mdm.boxwindow.service.DBService.executeUpdateResult(DBService.java:71) ~[classes/:?]
	at com.tangrun.mdm.boxwindow.dao.AppConfigService.setConfig(AppConfigService.java:48) ~[classes/:?]
	at com.tangrun.mdm.boxwindow.dao.AppConfigService.setAppUseTime(AppConfigService.java:29) ~[classes/:?]
	at com.tangrun.mdm.boxwindow.service.ConfigService.onEvent(ConfigService.java:43) ~[classes/:?]
	at com.tangrun.mdm.boxwindow.core.BaseListenerLifecycleObserver$LifecycleWrapperListener.onEvent(BaseListenerLifecycleObserver.java:47) ~[classes/:?]
	at com.tangrun.mdm.boxwindow.core.BaseListenerLifecycleObserver.onEvent(BaseListenerLifecycleObserver.java:14) ~[classes/:?]
	at com.tangrun.mdm.boxwindow.core.ApplicationContext.onEvent(ApplicationContext.java:50) ~[classes/:?]
	at com.tangrun.mdm.boxwindow.core.JavaFXApplication.init(JavaFXApplication.java:49) ~[classes/:?]
	at com.sun.javafx.application.LauncherImpl.launchApplication1(LauncherImpl.java:825) ~[javafx-graphics-18.0.2-win.jar:?]
	at com.sun.javafx.application.LauncherImpl.lambda$launchApplication$2(LauncherImpl.java:196) ~[javafx-graphics-18.0.2-win.jar:?]
	at java.lang.Thread.run(Thread.java:833) ~[?:?]
Caused by: org.h2.mvstore.MVStoreException: The file is locked: E:/MDMBox/BoxWindowGradle/data/data.mv.db [2.1.214/7]
	at org.h2.mvstore.DataUtils.newMVStoreException(DataUtils.java:1004) ~[h2-2.1.214.jar:?]
	at org.h2.mvstore.FileStore.open(FileStore.java:178) ~[h2-2.1.214.jar:?]
	at org.h2.mvstore.FileStore.open(FileStore.java:128) ~[h2-2.1.214.jar:?]
	at org.h2.mvstore.MVStore.<init>(MVStore.java:452) ~[h2-2.1.214.jar:?]
	at org.h2.mvstore.MVStore$Builder.open(MVStore.java:4082) ~[h2-2.1.214.jar:?]
	at org.h2.mvstore.db.Store.<init>(Store.java:136) ~[h2-2.1.214.jar:?]
	... 23 more
2022-08-23 17:43:29,325 ERROR [JavaFX-Launcher] service.DBService (DBService.java:80) - org.h2.jdbc.JdbcSQLNonTransientConnectionException: Database may be already in use: "E:/MDMBox/BoxWindowGradle/data/data.mv.db". Possible solutions: close all other connection(s); use the server mode [90020-214]
java.lang.RuntimeException: org.h2.jdbc.JdbcSQLNonTransientConnectionException: Database may be already in use: "E:/MDMBox/BoxWindowGradle/data/data.mv.db". Possible solutions: close all other connection(s); use the server mode [90020-214]
	at com.tangrun.mdm.boxwindow.service.DBService.getConnection(DBService.java:40) ~[classes/:?]
	at com.tangrun.mdm.boxwindow.service.DBService.executeUpdate(DBService.java:76) ~[classes/:?]
	at com.tangrun.mdm.boxwindow.service.DBService.executeUpdateResult(DBService.java:71) ~[classes/:?]
	at com.tangrun.mdm.boxwindow.dao.AppConfigService.setConfig(AppConfigService.java:48) ~[classes/:?]
	at com.tangrun.mdm.boxwindow.dao.AppConfigService.setAppUseTime(AppConfigService.java:29) ~[classes/:?]
	at com.tangrun.mdm.boxwindow.service.ConfigService.onEvent(ConfigService.java:43) ~[classes/:?]
	at com.tangrun.mdm.boxwindow.core.BaseListenerLifecycleObserver$LifecycleWrapperListener.onEvent(BaseListenerLifecycleObserver.java:47) ~[classes/:?]
	at com.tangrun.mdm.boxwindow.core.BaseListenerLifecycleObserver.onEvent(BaseListenerLifecycleObserver.java:14) ~[classes/:?]
	at com.tangrun.mdm.boxwindow.core.ApplicationContext.onEvent(ApplicationContext.java:50) ~[classes/:?]
	at com.tangrun.mdm.boxwindow.core.JavaFXApplication.init(JavaFXApplication.java:49) ~[classes/:?]
	at com.sun.javafx.application.LauncherImpl.launchApplication1(LauncherImpl.java:825) ~[javafx-graphics-18.0.2-win.jar:?]
	at com.sun.javafx.application.LauncherImpl.lambda$launchApplication$2(LauncherImpl.java:196) ~[javafx-graphics-18.0.2-win.jar:?]
	at java.lang.Thread.run(Thread.java:833) ~[?:?]
Caused by: org.h2.jdbc.JdbcSQLNonTransientConnectionException: Database may be already in use: "E:/MDMBox/BoxWindowGradle/data/data.mv.db". Possible solutions: close all other connection(s); use the server mode [90020-214]
	at org.h2.message.DbException.getJdbcSQLException(DbException.java:678) ~[h2-2.1.214.jar:?]
	at org.h2.message.DbException.getJdbcSQLException(DbException.java:477) ~[h2-2.1.214.jar:?]
	at org.h2.message.DbException.get(DbException.java:212) ~[h2-2.1.214.jar:?]
	at org.h2.mvstore.db.Store.convertMVStoreException(Store.java:168) ~[h2-2.1.214.jar:?]
	at org.h2.mvstore.db.Store.<init>(Store.java:145) ~[h2-2.1.214.jar:?]
	at org.h2.engine.Database.<init>(Database.java:324) ~[h2-2.1.214.jar:?]
	at org.h2.engine.Engine.openSession(Engine.java:92) ~[h2-2.1.214.jar:?]
	at org.h2.engine.Engine.openSession(Engine.java:222) ~[h2-2.1.214.jar:?]
	at org.h2.engine.Engine.createSession(Engine.java:201) ~[h2-2.1.214.jar:?]
	at org.h2.engine.SessionRemote.connectEmbeddedOrServer(SessionRemote.java:338) ~[h2-2.1.214.jar:?]
	at org.h2.jdbc.JdbcConnection.<init>(JdbcConnection.java:122) ~[h2-2.1.214.jar:?]
	at org.h2.jdbcx.JdbcDataSource.getXAConnection(JdbcDataSource.java:322) ~[h2-2.1.214.jar:?]
	at org.h2.jdbcx.JdbcDataSource.getPooledConnection(JdbcDataSource.java:352) ~[h2-2.1.214.jar:?]
	at org.h2.jdbcx.JdbcConnectionPool.getConnectionNow(JdbcConnectionPool.java:233) ~[h2-2.1.214.jar:?]
	at org.h2.jdbcx.JdbcConnectionPool.getConnection(JdbcConnectionPool.java:198) ~[h2-2.1.214.jar:?]
	at com.tangrun.mdm.boxwindow.service.DBService.getConnection(DBService.java:37) ~[classes/:?]
	... 12 more
Caused by: org.h2.mvstore.MVStoreException: The file is locked: E:/MDMBox/BoxWindowGradle/data/data.mv.db [2.1.214/7]
	at org.h2.mvstore.DataUtils.newMVStoreException(DataUtils.java:1004) ~[h2-2.1.214.jar:?]
	at org.h2.mvstore.FileStore.open(FileStore.java:178) ~[h2-2.1.214.jar:?]
	at org.h2.mvstore.FileStore.open(FileStore.java:128) ~[h2-2.1.214.jar:?]
	at org.h2.mvstore.MVStore.<init>(MVStore.java:452) ~[h2-2.1.214.jar:?]
	at org.h2.mvstore.MVStore$Builder.open(MVStore.java:4082) ~[h2-2.1.214.jar:?]
	at org.h2.mvstore.db.Store.<init>(Store.java:136) ~[h2-2.1.214.jar:?]
	at org.h2.engine.Database.<init>(Database.java:324) ~[h2-2.1.214.jar:?]
	at org.h2.engine.Engine.openSession(Engine.java:92) ~[h2-2.1.214.jar:?]
	at org.h2.engine.Engine.openSession(Engine.java:222) ~[h2-2.1.214.jar:?]
	at org.h2.engine.Engine.createSession(Engine.java:201) ~[h2-2.1.214.jar:?]
	at org.h2.engine.SessionRemote.connectEmbeddedOrServer(SessionRemote.java:338) ~[h2-2.1.214.jar:?]
	at org.h2.jdbc.JdbcConnection.<init>(JdbcConnection.java:122) ~[h2-2.1.214.jar:?]
	at org.h2.jdbcx.JdbcDataSource.getXAConnection(JdbcDataSource.java:322) ~[h2-2.1.214.jar:?]
	at org.h2.jdbcx.JdbcDataSource.getPooledConnection(JdbcDataSource.java:352) ~[h2-2.1.214.jar:?]
	at org.h2.jdbcx.JdbcConnectionPool.getConnectionNow(JdbcConnectionPool.java:233) ~[h2-2.1.214.jar:?]
	at org.h2.jdbcx.JdbcConnectionPool.getConnection(JdbcConnectionPool.java:198) ~[h2-2.1.214.jar:?]
	at com.tangrun.mdm.boxwindow.service.DBService.getConnection(DBService.java:37) ~[classes/:?]
	... 12 more
2022-08-23 17:43:30,073 ERROR [pool-3-thread-1] service.DBService (DBService.java:39) - Database may be already in use: "E:/MDMBox/BoxWindowGradle/data/data.mv.db". Possible solutions: close all other connection(s); use the server mode [90020-214]
org.h2.jdbc.JdbcSQLNonTransientConnectionException: Database may be already in use: "E:/MDMBox/BoxWindowGradle/data/data.mv.db". Possible solutions: close all other connection(s); use the server mode [90020-214]
	at org.h2.message.DbException.getJdbcSQLException(DbException.java:678) ~[h2-2.1.214.jar:?]
	at org.h2.message.DbException.getJdbcSQLException(DbException.java:477) ~[h2-2.1.214.jar:?]
	at org.h2.message.DbException.get(DbException.java:212) ~[h2-2.1.214.jar:?]
	at org.h2.mvstore.db.Store.convertMVStoreException(Store.java:168) ~[h2-2.1.214.jar:?]
	at org.h2.mvstore.db.Store.<init>(Store.java:145) ~[h2-2.1.214.jar:?]
	at org.h2.engine.Database.<init>(Database.java:324) ~[h2-2.1.214.jar:?]
	at org.h2.engine.Engine.openSession(Engine.java:92) ~[h2-2.1.214.jar:?]
	at org.h2.engine.Engine.openSession(Engine.java:222) ~[h2-2.1.214.jar:?]
	at org.h2.engine.Engine.createSession(Engine.java:201) ~[h2-2.1.214.jar:?]
	at org.h2.engine.SessionRemote.connectEmbeddedOrServer(SessionRemote.java:338) ~[h2-2.1.214.jar:?]
	at org.h2.jdbc.JdbcConnection.<init>(JdbcConnection.java:122) ~[h2-2.1.214.jar:?]
	at org.h2.jdbcx.JdbcDataSource.getXAConnection(JdbcDataSource.java:322) ~[h2-2.1.214.jar:?]
	at org.h2.jdbcx.JdbcDataSource.getPooledConnection(JdbcDataSource.java:352) ~[h2-2.1.214.jar:?]
	at org.h2.jdbcx.JdbcConnectionPool.getConnectionNow(JdbcConnectionPool.java:233) ~[h2-2.1.214.jar:?]
	at org.h2.jdbcx.JdbcConnectionPool.getConnection(JdbcConnectionPool.java:198) ~[h2-2.1.214.jar:?]
	at com.tangrun.mdm.boxwindow.service.DBService.getConnection(DBService.java:37) ~[classes/:?]
	at com.tangrun.mdm.boxwindow.service.DBService.execute(DBService.java:87) ~[classes/:?]
	at com.tangrun.mdm.boxwindow.service.DBService.initTable(DBService.java:97) ~[classes/:?]
	at com.tangrun.mdm.boxwindow.controller.MainController$1$1.run(MainController.java:107) ~[classes/:?]
	at java.util.concurrent.ThreadPoolExecutor.runWorker(ThreadPoolExecutor.java:1136) ~[?:?]
	at java.util.concurrent.ThreadPoolExecutor$Worker.run(ThreadPoolExecutor.java:635) ~[?:?]
	at java.lang.Thread.run(Thread.java:833) ~[?:?]
Caused by: org.h2.mvstore.MVStoreException: The file is locked: E:/MDMBox/BoxWindowGradle/data/data.mv.db [2.1.214/7]
	at org.h2.mvstore.DataUtils.newMVStoreException(DataUtils.java:1004) ~[h2-2.1.214.jar:?]
	at org.h2.mvstore.FileStore.open(FileStore.java:178) ~[h2-2.1.214.jar:?]
	at org.h2.mvstore.FileStore.open(FileStore.java:128) ~[h2-2.1.214.jar:?]
	at org.h2.mvstore.MVStore.<init>(MVStore.java:452) ~[h2-2.1.214.jar:?]
	at org.h2.mvstore.MVStore$Builder.open(MVStore.java:4082) ~[h2-2.1.214.jar:?]
	at org.h2.mvstore.db.Store.<init>(Store.java:136) ~[h2-2.1.214.jar:?]
	... 17 more
2022-08-23 17:43:30,075 ERROR [pool-3-thread-1] service.DBService (DBService.java:91) - org.h2.jdbc.JdbcSQLNonTransientConnectionException: Database may be already in use: "E:/MDMBox/BoxWindowGradle/data/data.mv.db". Possible solutions: close all other connection(s); use the server mode [90020-214]
java.lang.RuntimeException: org.h2.jdbc.JdbcSQLNonTransientConnectionException: Database may be already in use: "E:/MDMBox/BoxWindowGradle/data/data.mv.db". Possible solutions: close all other connection(s); use the server mode [90020-214]
	at com.tangrun.mdm.boxwindow.service.DBService.getConnection(DBService.java:40) ~[classes/:?]
	at com.tangrun.mdm.boxwindow.service.DBService.execute(DBService.java:87) ~[classes/:?]
	at com.tangrun.mdm.boxwindow.service.DBService.initTable(DBService.java:97) ~[classes/:?]
	at com.tangrun.mdm.boxwindow.controller.MainController$1$1.run(MainController.java:107) ~[classes/:?]
	at java.util.concurrent.ThreadPoolExecutor.runWorker(ThreadPoolExecutor.java:1136) ~[?:?]
	at java.util.concurrent.ThreadPoolExecutor$Worker.run(ThreadPoolExecutor.java:635) ~[?:?]
	at java.lang.Thread.run(Thread.java:833) ~[?:?]
Caused by: org.h2.jdbc.JdbcSQLNonTransientConnectionException: Database may be already in use: "E:/MDMBox/BoxWindowGradle/data/data.mv.db". Possible solutions: close all other connection(s); use the server mode [90020-214]
	at org.h2.message.DbException.getJdbcSQLException(DbException.java:678) ~[h2-2.1.214.jar:?]
	at org.h2.message.DbException.getJdbcSQLException(DbException.java:477) ~[h2-2.1.214.jar:?]
	at org.h2.message.DbException.get(DbException.java:212) ~[h2-2.1.214.jar:?]
	at org.h2.mvstore.db.Store.convertMVStoreException(Store.java:168) ~[h2-2.1.214.jar:?]
	at org.h2.mvstore.db.Store.<init>(Store.java:145) ~[h2-2.1.214.jar:?]
	at org.h2.engine.Database.<init>(Database.java:324) ~[h2-2.1.214.jar:?]
	at org.h2.engine.Engine.openSession(Engine.java:92) ~[h2-2.1.214.jar:?]
	at org.h2.engine.Engine.openSession(Engine.java:222) ~[h2-2.1.214.jar:?]
	at org.h2.engine.Engine.createSession(Engine.java:201) ~[h2-2.1.214.jar:?]
	at org.h2.engine.SessionRemote.connectEmbeddedOrServer(SessionRemote.java:338) ~[h2-2.1.214.jar:?]
	at org.h2.jdbc.JdbcConnection.<init>(JdbcConnection.java:122) ~[h2-2.1.214.jar:?]
	at org.h2.jdbcx.JdbcDataSource.getXAConnection(JdbcDataSource.java:322) ~[h2-2.1.214.jar:?]
	at org.h2.jdbcx.JdbcDataSource.getPooledConnection(JdbcDataSource.java:352) ~[h2-2.1.214.jar:?]
	at org.h2.jdbcx.JdbcConnectionPool.getConnectionNow(JdbcConnectionPool.java:233) ~[h2-2.1.214.jar:?]
	at org.h2.jdbcx.JdbcConnectionPool.getConnection(JdbcConnectionPool.java:198) ~[h2-2.1.214.jar:?]
	at com.tangrun.mdm.boxwindow.service.DBService.getConnection(DBService.java:37) ~[classes/:?]
	... 6 more
Caused by: org.h2.mvstore.MVStoreException: The file is locked: E:/MDMBox/BoxWindowGradle/data/data.mv.db [2.1.214/7]
	at org.h2.mvstore.DataUtils.newMVStoreException(DataUtils.java:1004) ~[h2-2.1.214.jar:?]
	at org.h2.mvstore.FileStore.open(FileStore.java:178) ~[h2-2.1.214.jar:?]
	at org.h2.mvstore.FileStore.open(FileStore.java:128) ~[h2-2.1.214.jar:?]
	at org.h2.mvstore.MVStore.<init>(MVStore.java:452) ~[h2-2.1.214.jar:?]
	at org.h2.mvstore.MVStore$Builder.open(MVStore.java:4082) ~[h2-2.1.214.jar:?]
	at org.h2.mvstore.db.Store.<init>(Store.java:136) ~[h2-2.1.214.jar:?]
	at org.h2.engine.Database.<init>(Database.java:324) ~[h2-2.1.214.jar:?]
	at org.h2.engine.Engine.openSession(Engine.java:92) ~[h2-2.1.214.jar:?]
	at org.h2.engine.Engine.openSession(Engine.java:222) ~[h2-2.1.214.jar:?]
	at org.h2.engine.Engine.createSession(Engine.java:201) ~[h2-2.1.214.jar:?]
	at org.h2.engine.SessionRemote.connectEmbeddedOrServer(SessionRemote.java:338) ~[h2-2.1.214.jar:?]
	at org.h2.jdbc.JdbcConnection.<init>(JdbcConnection.java:122) ~[h2-2.1.214.jar:?]
	at org.h2.jdbcx.JdbcDataSource.getXAConnection(JdbcDataSource.java:322) ~[h2-2.1.214.jar:?]
	at org.h2.jdbcx.JdbcDataSource.getPooledConnection(JdbcDataSource.java:352) ~[h2-2.1.214.jar:?]
	at org.h2.jdbcx.JdbcConnectionPool.getConnectionNow(JdbcConnectionPool.java:233) ~[h2-2.1.214.jar:?]
	at org.h2.jdbcx.JdbcConnectionPool.getConnection(JdbcConnectionPool.java:198) ~[h2-2.1.214.jar:?]
	at com.tangrun.mdm.boxwindow.service.DBService.getConnection(DBService.java:37) ~[classes/:?]
	... 6 more
2022-08-23 17:43:30,076 ERROR [pool-3-thread-1] service.DBService (DBService.java:102) - create version table error.
2022-08-23 17:44:34,413 ERROR [JavaFX Application Thread] service.DBService (DBService.java:39) - Database may be already in use: "E:/MDMBox/BoxWindowGradle/data/data.mv.db". Possible solutions: close all other connection(s); use the server mode [90020-214]
org.h2.jdbc.JdbcSQLNonTransientConnectionException: Database may be already in use: "E:/MDMBox/BoxWindowGradle/data/data.mv.db". Possible solutions: close all other connection(s); use the server mode [90020-214]
	at org.h2.message.DbException.getJdbcSQLException(DbException.java:678) ~[h2-2.1.214.jar:?]
	at org.h2.message.DbException.getJdbcSQLException(DbException.java:477) ~[h2-2.1.214.jar:?]
	at org.h2.message.DbException.get(DbException.java:212) ~[h2-2.1.214.jar:?]
	at org.h2.mvstore.db.Store.convertMVStoreException(Store.java:168) ~[h2-2.1.214.jar:?]
	at org.h2.mvstore.db.Store.<init>(Store.java:145) ~[h2-2.1.214.jar:?]
	at org.h2.engine.Database.<init>(Database.java:324) ~[h2-2.1.214.jar:?]
	at org.h2.engine.Engine.openSession(Engine.java:92) ~[h2-2.1.214.jar:?]
	at org.h2.engine.Engine.openSession(Engine.java:222) ~[h2-2.1.214.jar:?]
	at org.h2.engine.Engine.createSession(Engine.java:201) ~[h2-2.1.214.jar:?]
	at org.h2.engine.SessionRemote.connectEmbeddedOrServer(SessionRemote.java:338) ~[h2-2.1.214.jar:?]
	at org.h2.jdbc.JdbcConnection.<init>(JdbcConnection.java:122) ~[h2-2.1.214.jar:?]
	at org.h2.jdbcx.JdbcDataSource.getXAConnection(JdbcDataSource.java:322) ~[h2-2.1.214.jar:?]
	at org.h2.jdbcx.JdbcDataSource.getPooledConnection(JdbcDataSource.java:352) ~[h2-2.1.214.jar:?]
	at org.h2.jdbcx.JdbcConnectionPool.getConnectionNow(JdbcConnectionPool.java:233) ~[h2-2.1.214.jar:?]
	at org.h2.jdbcx.JdbcConnectionPool.getConnection(JdbcConnectionPool.java:198) ~[h2-2.1.214.jar:?]
	at com.tangrun.mdm.boxwindow.service.DBService.getConnection(DBService.java:37) ~[classes/:?]
	at com.tangrun.mdm.boxwindow.service.DBService.executeQuery(DBService.java:55) ~[classes/:?]
	at com.tangrun.mdm.boxwindow.service.DBService.executeQueryFirst(DBService.java:49) ~[classes/:?]
	at com.tangrun.mdm.boxwindow.service.DBService.executeQueryFirst(DBService.java:45) ~[classes/:?]
	at com.tangrun.mdm.boxwindow.dao.AppConfigService.getConfig(AppConfigService.java:64) ~[classes/:?]
	at com.tangrun.mdm.boxwindow.dao.AppConfigService.getConfigLong(AppConfigService.java:84) ~[classes/:?]
	at com.tangrun.mdm.boxwindow.dao.AppConfigService.setAppUseTime(AppConfigService.java:26) ~[classes/:?]
	at com.tangrun.mdm.boxwindow.service.ConfigService.onEvent(ConfigService.java:45) ~[classes/:?]
	at com.tangrun.mdm.boxwindow.core.BaseListenerLifecycleObserver$LifecycleWrapperListener.onEvent(BaseListenerLifecycleObserver.java:47) ~[classes/:?]
	at com.tangrun.mdm.boxwindow.core.BaseListenerLifecycleObserver.onEvent(BaseListenerLifecycleObserver.java:14) ~[classes/:?]
	at com.tangrun.mdm.boxwindow.core.ApplicationContext.onEvent(ApplicationContext.java:50) ~[classes/:?]
	at com.tangrun.mdm.boxwindow.core.JavaFXApplication.stop(JavaFXApplication.java:55) ~[classes/:?]
	at com.sun.javafx.application.LauncherImpl.lambda$launchApplication1$10(LauncherImpl.java:866) ~[javafx-graphics-18.0.2-win.jar:?]
	at com.sun.javafx.application.PlatformImpl.lambda$runAndWait$12(PlatformImpl.java:484) ~[javafx-graphics-18.0.2-win.jar:?]
	at com.sun.javafx.application.PlatformImpl.lambda$runLater$10(PlatformImpl.java:457) ~[javafx-graphics-18.0.2-win.jar:?]
	at java.security.AccessController.doPrivileged(AccessController.java:399) ~[?:?]
	at com.sun.javafx.application.PlatformImpl.lambda$runLater$11(PlatformImpl.java:456) ~[javafx-graphics-18.0.2-win.jar:?]
	at com.sun.glass.ui.InvokeLaterDispatcher$Future.run(InvokeLaterDispatcher.java:96) ~[javafx-graphics-18.0.2-win.jar:?]
	at com.sun.glass.ui.win.WinApplication._runLoop(Native Method) ~[javafx-graphics-18.0.2-win.jar:?]
	at com.sun.glass.ui.win.WinApplication.lambda$runLoop$3(WinApplication.java:184) ~[javafx-graphics-18.0.2-win.jar:?]
	at java.lang.Thread.run(Thread.java:833) ~[?:?]
Caused by: org.h2.mvstore.MVStoreException: The file is locked: E:/MDMBox/BoxWindowGradle/data/data.mv.db [2.1.214/7]
	at org.h2.mvstore.DataUtils.newMVStoreException(DataUtils.java:1004) ~[h2-2.1.214.jar:?]
	at org.h2.mvstore.FileStore.open(FileStore.java:178) ~[h2-2.1.214.jar:?]
	at org.h2.mvstore.FileStore.open(FileStore.java:128) ~[h2-2.1.214.jar:?]
	at org.h2.mvstore.MVStore.<init>(MVStore.java:452) ~[h2-2.1.214.jar:?]
	at org.h2.mvstore.MVStore$Builder.open(MVStore.java:4082) ~[h2-2.1.214.jar:?]
	at org.h2.mvstore.db.Store.<init>(Store.java:136) ~[h2-2.1.214.jar:?]
	... 31 more
2022-08-23 17:44:34,414 ERROR [JavaFX Application Thread] service.DBService (DBService.java:65) - org.h2.jdbc.JdbcSQLNonTransientConnectionException: Database may be already in use: "E:/MDMBox/BoxWindowGradle/data/data.mv.db". Possible solutions: close all other connection(s); use the server mode [90020-214]
java.lang.RuntimeException: org.h2.jdbc.JdbcSQLNonTransientConnectionException: Database may be already in use: "E:/MDMBox/BoxWindowGradle/data/data.mv.db". Possible solutions: close all other connection(s); use the server mode [90020-214]
	at com.tangrun.mdm.boxwindow.service.DBService.getConnection(DBService.java:40) ~[classes/:?]
	at com.tangrun.mdm.boxwindow.service.DBService.executeQuery(DBService.java:55) ~[classes/:?]
	at com.tangrun.mdm.boxwindow.service.DBService.executeQueryFirst(DBService.java:49) ~[classes/:?]
	at com.tangrun.mdm.boxwindow.service.DBService.executeQueryFirst(DBService.java:45) ~[classes/:?]
	at com.tangrun.mdm.boxwindow.dao.AppConfigService.getConfig(AppConfigService.java:64) ~[classes/:?]
	at com.tangrun.mdm.boxwindow.dao.AppConfigService.getConfigLong(AppConfigService.java:84) ~[classes/:?]
	at com.tangrun.mdm.boxwindow.dao.AppConfigService.setAppUseTime(AppConfigService.java:26) ~[classes/:?]
	at com.tangrun.mdm.boxwindow.service.ConfigService.onEvent(ConfigService.java:45) ~[classes/:?]
	at com.tangrun.mdm.boxwindow.core.BaseListenerLifecycleObserver$LifecycleWrapperListener.onEvent(BaseListenerLifecycleObserver.java:47) ~[classes/:?]
	at com.tangrun.mdm.boxwindow.core.BaseListenerLifecycleObserver.onEvent(BaseListenerLifecycleObserver.java:14) ~[classes/:?]
	at com.tangrun.mdm.boxwindow.core.ApplicationContext.onEvent(ApplicationContext.java:50) ~[classes/:?]
	at com.tangrun.mdm.boxwindow.core.JavaFXApplication.stop(JavaFXApplication.java:55) ~[classes/:?]
	at com.sun.javafx.application.LauncherImpl.lambda$launchApplication1$10(LauncherImpl.java:866) ~[javafx-graphics-18.0.2-win.jar:?]
	at com.sun.javafx.application.PlatformImpl.lambda$runAndWait$12(PlatformImpl.java:484) ~[javafx-graphics-18.0.2-win.jar:?]
	at com.sun.javafx.application.PlatformImpl.lambda$runLater$10(PlatformImpl.java:457) ~[javafx-graphics-18.0.2-win.jar:?]
	at java.security.AccessController.doPrivileged(AccessController.java:399) ~[?:?]
	at com.sun.javafx.application.PlatformImpl.lambda$runLater$11(PlatformImpl.java:456) ~[javafx-graphics-18.0.2-win.jar:?]
	at com.sun.glass.ui.InvokeLaterDispatcher$Future.run(InvokeLaterDispatcher.java:96) ~[javafx-graphics-18.0.2-win.jar:?]
	at com.sun.glass.ui.win.WinApplication._runLoop(Native Method) ~[javafx-graphics-18.0.2-win.jar:?]
	at com.sun.glass.ui.win.WinApplication.lambda$runLoop$3(WinApplication.java:184) ~[javafx-graphics-18.0.2-win.jar:?]
	at java.lang.Thread.run(Thread.java:833) ~[?:?]
Caused by: org.h2.jdbc.JdbcSQLNonTransientConnectionException: Database may be already in use: "E:/MDMBox/BoxWindowGradle/data/data.mv.db". Possible solutions: close all other connection(s); use the server mode [90020-214]
	at org.h2.message.DbException.getJdbcSQLException(DbException.java:678) ~[h2-2.1.214.jar:?]
	at org.h2.message.DbException.getJdbcSQLException(DbException.java:477) ~[h2-2.1.214.jar:?]
	at org.h2.message.DbException.get(DbException.java:212) ~[h2-2.1.214.jar:?]
	at org.h2.mvstore.db.Store.convertMVStoreException(Store.java:168) ~[h2-2.1.214.jar:?]
	at org.h2.mvstore.db.Store.<init>(Store.java:145) ~[h2-2.1.214.jar:?]
	at org.h2.engine.Database.<init>(Database.java:324) ~[h2-2.1.214.jar:?]
	at org.h2.engine.Engine.openSession(Engine.java:92) ~[h2-2.1.214.jar:?]
	at org.h2.engine.Engine.openSession(Engine.java:222) ~[h2-2.1.214.jar:?]
	at org.h2.engine.Engine.createSession(Engine.java:201) ~[h2-2.1.214.jar:?]
	at org.h2.engine.SessionRemote.connectEmbeddedOrServer(SessionRemote.java:338) ~[h2-2.1.214.jar:?]
	at org.h2.jdbc.JdbcConnection.<init>(JdbcConnection.java:122) ~[h2-2.1.214.jar:?]
	at org.h2.jdbcx.JdbcDataSource.getXAConnection(JdbcDataSource.java:322) ~[h2-2.1.214.jar:?]
	at org.h2.jdbcx.JdbcDataSource.getPooledConnection(JdbcDataSource.java:352) ~[h2-2.1.214.jar:?]
	at org.h2.jdbcx.JdbcConnectionPool.getConnectionNow(JdbcConnectionPool.java:233) ~[h2-2.1.214.jar:?]
	at org.h2.jdbcx.JdbcConnectionPool.getConnection(JdbcConnectionPool.java:198) ~[h2-2.1.214.jar:?]
	at com.tangrun.mdm.boxwindow.service.DBService.getConnection(DBService.java:37) ~[classes/:?]
	... 20 more
Caused by: org.h2.mvstore.MVStoreException: The file is locked: E:/MDMBox/BoxWindowGradle/data/data.mv.db [2.1.214/7]
	at org.h2.mvstore.DataUtils.newMVStoreException(DataUtils.java:1004) ~[h2-2.1.214.jar:?]
	at org.h2.mvstore.FileStore.open(FileStore.java:178) ~[h2-2.1.214.jar:?]
	at org.h2.mvstore.FileStore.open(FileStore.java:128) ~[h2-2.1.214.jar:?]
	at org.h2.mvstore.MVStore.<init>(MVStore.java:452) ~[h2-2.1.214.jar:?]
	at org.h2.mvstore.MVStore$Builder.open(MVStore.java:4082) ~[h2-2.1.214.jar:?]
	at org.h2.mvstore.db.Store.<init>(Store.java:136) ~[h2-2.1.214.jar:?]
	at org.h2.engine.Database.<init>(Database.java:324) ~[h2-2.1.214.jar:?]
	at org.h2.engine.Engine.openSession(Engine.java:92) ~[h2-2.1.214.jar:?]
	at org.h2.engine.Engine.openSession(Engine.java:222) ~[h2-2.1.214.jar:?]
	at org.h2.engine.Engine.createSession(Engine.java:201) ~[h2-2.1.214.jar:?]
	at org.h2.engine.SessionRemote.connectEmbeddedOrServer(SessionRemote.java:338) ~[h2-2.1.214.jar:?]
	at org.h2.jdbc.JdbcConnection.<init>(JdbcConnection.java:122) ~[h2-2.1.214.jar:?]
	at org.h2.jdbcx.JdbcDataSource.getXAConnection(JdbcDataSource.java:322) ~[h2-2.1.214.jar:?]
	at org.h2.jdbcx.JdbcDataSource.getPooledConnection(JdbcDataSource.java:352) ~[h2-2.1.214.jar:?]
	at org.h2.jdbcx.JdbcConnectionPool.getConnectionNow(JdbcConnectionPool.java:233) ~[h2-2.1.214.jar:?]
	at org.h2.jdbcx.JdbcConnectionPool.getConnection(JdbcConnectionPool.java:198) ~[h2-2.1.214.jar:?]
	at com.tangrun.mdm.boxwindow.service.DBService.getConnection(DBService.java:37) ~[classes/:?]
	... 20 more
2022-08-23 17:44:34,426 ERROR [JavaFX Application Thread] service.DBService (DBService.java:39) - Database may be already in use: "E:/MDMBox/BoxWindowGradle/data/data.mv.db". Possible solutions: close all other connection(s); use the server mode [90020-214]
org.h2.jdbc.JdbcSQLNonTransientConnectionException: Database may be already in use: "E:/MDMBox/BoxWindowGradle/data/data.mv.db". Possible solutions: close all other connection(s); use the server mode [90020-214]
	at org.h2.message.DbException.getJdbcSQLException(DbException.java:678) ~[h2-2.1.214.jar:?]
	at org.h2.message.DbException.getJdbcSQLException(DbException.java:477) ~[h2-2.1.214.jar:?]
	at org.h2.message.DbException.get(DbException.java:212) ~[h2-2.1.214.jar:?]
	at org.h2.mvstore.db.Store.convertMVStoreException(Store.java:168) ~[h2-2.1.214.jar:?]
	at org.h2.mvstore.db.Store.<init>(Store.java:145) ~[h2-2.1.214.jar:?]
	at org.h2.engine.Database.<init>(Database.java:324) ~[h2-2.1.214.jar:?]
	at org.h2.engine.Engine.openSession(Engine.java:92) ~[h2-2.1.214.jar:?]
	at org.h2.engine.Engine.openSession(Engine.java:222) ~[h2-2.1.214.jar:?]
	at org.h2.engine.Engine.createSession(Engine.java:201) ~[h2-2.1.214.jar:?]
	at org.h2.engine.SessionRemote.connectEmbeddedOrServer(SessionRemote.java:338) ~[h2-2.1.214.jar:?]
	at org.h2.jdbc.JdbcConnection.<init>(JdbcConnection.java:122) ~[h2-2.1.214.jar:?]
	at org.h2.jdbcx.JdbcDataSource.getXAConnection(JdbcDataSource.java:322) ~[h2-2.1.214.jar:?]
	at org.h2.jdbcx.JdbcDataSource.getPooledConnection(JdbcDataSource.java:352) ~[h2-2.1.214.jar:?]
	at org.h2.jdbcx.JdbcConnectionPool.getConnectionNow(JdbcConnectionPool.java:233) ~[h2-2.1.214.jar:?]
	at org.h2.jdbcx.JdbcConnectionPool.getConnection(JdbcConnectionPool.java:198) ~[h2-2.1.214.jar:?]
	at com.tangrun.mdm.boxwindow.service.DBService.getConnection(DBService.java:37) ~[classes/:?]
	at com.tangrun.mdm.boxwindow.service.DBService.executeUpdate(DBService.java:76) ~[classes/:?]
	at com.tangrun.mdm.boxwindow.service.DBService.executeUpdateResult(DBService.java:71) ~[classes/:?]
	at com.tangrun.mdm.boxwindow.dao.AppConfigService.setConfig(AppConfigService.java:48) ~[classes/:?]
	at com.tangrun.mdm.boxwindow.dao.AppConfigService.setAppUseTime(AppConfigService.java:29) ~[classes/:?]
	at com.tangrun.mdm.boxwindow.service.ConfigService.onEvent(ConfigService.java:45) ~[classes/:?]
	at com.tangrun.mdm.boxwindow.core.BaseListenerLifecycleObserver$LifecycleWrapperListener.onEvent(BaseListenerLifecycleObserver.java:47) ~[classes/:?]
	at com.tangrun.mdm.boxwindow.core.BaseListenerLifecycleObserver.onEvent(BaseListenerLifecycleObserver.java:14) ~[classes/:?]
	at com.tangrun.mdm.boxwindow.core.ApplicationContext.onEvent(ApplicationContext.java:50) ~[classes/:?]
	at com.tangrun.mdm.boxwindow.core.JavaFXApplication.stop(JavaFXApplication.java:55) ~[classes/:?]
	at com.sun.javafx.application.LauncherImpl.lambda$launchApplication1$10(LauncherImpl.java:866) ~[javafx-graphics-18.0.2-win.jar:?]
	at com.sun.javafx.application.PlatformImpl.lambda$runAndWait$12(PlatformImpl.java:484) ~[javafx-graphics-18.0.2-win.jar:?]
	at com.sun.javafx.application.PlatformImpl.lambda$runLater$10(PlatformImpl.java:457) ~[javafx-graphics-18.0.2-win.jar:?]
	at java.security.AccessController.doPrivileged(AccessController.java:399) ~[?:?]
	at com.sun.javafx.application.PlatformImpl.lambda$runLater$11(PlatformImpl.java:456) ~[javafx-graphics-18.0.2-win.jar:?]
	at com.sun.glass.ui.InvokeLaterDispatcher$Future.run(InvokeLaterDispatcher.java:96) ~[javafx-graphics-18.0.2-win.jar:?]
	at com.sun.glass.ui.win.WinApplication._runLoop(Native Method) ~[javafx-graphics-18.0.2-win.jar:?]
	at com.sun.glass.ui.win.WinApplication.lambda$runLoop$3(WinApplication.java:184) ~[javafx-graphics-18.0.2-win.jar:?]
	at java.lang.Thread.run(Thread.java:833) ~[?:?]
Caused by: org.h2.mvstore.MVStoreException: The file is locked: E:/MDMBox/BoxWindowGradle/data/data.mv.db [2.1.214/7]
	at org.h2.mvstore.DataUtils.newMVStoreException(DataUtils.java:1004) ~[h2-2.1.214.jar:?]
	at org.h2.mvstore.FileStore.open(FileStore.java:178) ~[h2-2.1.214.jar:?]
	at org.h2.mvstore.FileStore.open(FileStore.java:128) ~[h2-2.1.214.jar:?]
	at org.h2.mvstore.MVStore.<init>(MVStore.java:452) ~[h2-2.1.214.jar:?]
	at org.h2.mvstore.MVStore$Builder.open(MVStore.java:4082) ~[h2-2.1.214.jar:?]
	at org.h2.mvstore.db.Store.<init>(Store.java:136) ~[h2-2.1.214.jar:?]
	... 29 more
2022-08-23 17:44:34,426 ERROR [JavaFX Application Thread] service.DBService (DBService.java:80) - org.h2.jdbc.JdbcSQLNonTransientConnectionException: Database may be already in use: "E:/MDMBox/BoxWindowGradle/data/data.mv.db". Possible solutions: close all other connection(s); use the server mode [90020-214]
java.lang.RuntimeException: org.h2.jdbc.JdbcSQLNonTransientConnectionException: Database may be already in use: "E:/MDMBox/BoxWindowGradle/data/data.mv.db". Possible solutions: close all other connection(s); use the server mode [90020-214]
	at com.tangrun.mdm.boxwindow.service.DBService.getConnection(DBService.java:40) ~[classes/:?]
	at com.tangrun.mdm.boxwindow.service.DBService.executeUpdate(DBService.java:76) ~[classes/:?]
	at com.tangrun.mdm.boxwindow.service.DBService.executeUpdateResult(DBService.java:71) ~[classes/:?]
	at com.tangrun.mdm.boxwindow.dao.AppConfigService.setConfig(AppConfigService.java:48) ~[classes/:?]
	at com.tangrun.mdm.boxwindow.dao.AppConfigService.setAppUseTime(AppConfigService.java:29) ~[classes/:?]
	at com.tangrun.mdm.boxwindow.service.ConfigService.onEvent(ConfigService.java:45) ~[classes/:?]
	at com.tangrun.mdm.boxwindow.core.BaseListenerLifecycleObserver$LifecycleWrapperListener.onEvent(BaseListenerLifecycleObserver.java:47) ~[classes/:?]
	at com.tangrun.mdm.boxwindow.core.BaseListenerLifecycleObserver.onEvent(BaseListenerLifecycleObserver.java:14) ~[classes/:?]
	at com.tangrun.mdm.boxwindow.core.ApplicationContext.onEvent(ApplicationContext.java:50) ~[classes/:?]
	at com.tangrun.mdm.boxwindow.core.JavaFXApplication.stop(JavaFXApplication.java:55) ~[classes/:?]
	at com.sun.javafx.application.LauncherImpl.lambda$launchApplication1$10(LauncherImpl.java:866) ~[javafx-graphics-18.0.2-win.jar:?]
	at com.sun.javafx.application.PlatformImpl.lambda$runAndWait$12(PlatformImpl.java:484) ~[javafx-graphics-18.0.2-win.jar:?]
	at com.sun.javafx.application.PlatformImpl.lambda$runLater$10(PlatformImpl.java:457) ~[javafx-graphics-18.0.2-win.jar:?]
	at java.security.AccessController.doPrivileged(AccessController.java:399) ~[?:?]
	at com.sun.javafx.application.PlatformImpl.lambda$runLater$11(PlatformImpl.java:456) ~[javafx-graphics-18.0.2-win.jar:?]
	at com.sun.glass.ui.InvokeLaterDispatcher$Future.run(InvokeLaterDispatcher.java:96) ~[javafx-graphics-18.0.2-win.jar:?]
	at com.sun.glass.ui.win.WinApplication._runLoop(Native Method) ~[javafx-graphics-18.0.2-win.jar:?]
	at com.sun.glass.ui.win.WinApplication.lambda$runLoop$3(WinApplication.java:184) ~[javafx-graphics-18.0.2-win.jar:?]
	at java.lang.Thread.run(Thread.java:833) ~[?:?]
Caused by: org.h2.jdbc.JdbcSQLNonTransientConnectionException: Database may be already in use: "E:/MDMBox/BoxWindowGradle/data/data.mv.db". Possible solutions: close all other connection(s); use the server mode [90020-214]
	at org.h2.message.DbException.getJdbcSQLException(DbException.java:678) ~[h2-2.1.214.jar:?]
	at org.h2.message.DbException.getJdbcSQLException(DbException.java:477) ~[h2-2.1.214.jar:?]
	at org.h2.message.DbException.get(DbException.java:212) ~[h2-2.1.214.jar:?]
	at org.h2.mvstore.db.Store.convertMVStoreException(Store.java:168) ~[h2-2.1.214.jar:?]
	at org.h2.mvstore.db.Store.<init>(Store.java:145) ~[h2-2.1.214.jar:?]
	at org.h2.engine.Database.<init>(Database.java:324) ~[h2-2.1.214.jar:?]
	at org.h2.engine.Engine.openSession(Engine.java:92) ~[h2-2.1.214.jar:?]
	at org.h2.engine.Engine.openSession(Engine.java:222) ~[h2-2.1.214.jar:?]
	at org.h2.engine.Engine.createSession(Engine.java:201) ~[h2-2.1.214.jar:?]
	at org.h2.engine.SessionRemote.connectEmbeddedOrServer(SessionRemote.java:338) ~[h2-2.1.214.jar:?]
	at org.h2.jdbc.JdbcConnection.<init>(JdbcConnection.java:122) ~[h2-2.1.214.jar:?]
	at org.h2.jdbcx.JdbcDataSource.getXAConnection(JdbcDataSource.java:322) ~[h2-2.1.214.jar:?]
	at org.h2.jdbcx.JdbcDataSource.getPooledConnection(JdbcDataSource.java:352) ~[h2-2.1.214.jar:?]
	at org.h2.jdbcx.JdbcConnectionPool.getConnectionNow(JdbcConnectionPool.java:233) ~[h2-2.1.214.jar:?]
	at org.h2.jdbcx.JdbcConnectionPool.getConnection(JdbcConnectionPool.java:198) ~[h2-2.1.214.jar:?]
	at com.tangrun.mdm.boxwindow.service.DBService.getConnection(DBService.java:37) ~[classes/:?]
	... 18 more
Caused by: org.h2.mvstore.MVStoreException: The file is locked: E:/MDMBox/BoxWindowGradle/data/data.mv.db [2.1.214/7]
	at org.h2.mvstore.DataUtils.newMVStoreException(DataUtils.java:1004) ~[h2-2.1.214.jar:?]
	at org.h2.mvstore.FileStore.open(FileStore.java:178) ~[h2-2.1.214.jar:?]
	at org.h2.mvstore.FileStore.open(FileStore.java:128) ~[h2-2.1.214.jar:?]
	at org.h2.mvstore.MVStore.<init>(MVStore.java:452) ~[h2-2.1.214.jar:?]
	at org.h2.mvstore.MVStore$Builder.open(MVStore.java:4082) ~[h2-2.1.214.jar:?]
	at org.h2.mvstore.db.Store.<init>(Store.java:136) ~[h2-2.1.214.jar:?]
	at org.h2.engine.Database.<init>(Database.java:324) ~[h2-2.1.214.jar:?]
	at org.h2.engine.Engine.openSession(Engine.java:92) ~[h2-2.1.214.jar:?]
	at org.h2.engine.Engine.openSession(Engine.java:222) ~[h2-2.1.214.jar:?]
	at org.h2.engine.Engine.createSession(Engine.java:201) ~[h2-2.1.214.jar:?]
	at org.h2.engine.SessionRemote.connectEmbeddedOrServer(SessionRemote.java:338) ~[h2-2.1.214.jar:?]
	at org.h2.jdbc.JdbcConnection.<init>(JdbcConnection.java:122) ~[h2-2.1.214.jar:?]
	at org.h2.jdbcx.JdbcDataSource.getXAConnection(JdbcDataSource.java:322) ~[h2-2.1.214.jar:?]
	at org.h2.jdbcx.JdbcDataSource.getPooledConnection(JdbcDataSource.java:352) ~[h2-2.1.214.jar:?]
	at org.h2.jdbcx.JdbcConnectionPool.getConnectionNow(JdbcConnectionPool.java:233) ~[h2-2.1.214.jar:?]
	at org.h2.jdbcx.JdbcConnectionPool.getConnection(JdbcConnectionPool.java:198) ~[h2-2.1.214.jar:?]
	at com.tangrun.mdm.boxwindow.service.DBService.getConnection(DBService.java:37) ~[classes/:?]
	... 18 more
